Log file open, 01/02/18 12:34:47
LogWindows: Failed to load 'aqProf.dll' (GetLastError=126)
LogWindows: File 'aqProf.dll' does not exist
LogWindows: Failed to load 'VtuneApi.dll' (GetLastError=126)
LogWindows: File 'VtuneApi.dll' does not exist
LogWindows: Failed to load 'VtuneApi32e.dll' (GetLastError=126)
LogWindows: File 'VtuneApi32e.dll' does not exist
LogInit: Display: Running engine for game: Maze
LogPlatformFile: Not using cached read wrapper
LogInit: Display: RandInit(-1154222460) SRandInit(-1154222460).
LogInit: Read version file with build ID '3709383'
LogInit: Overriding engine version to CL 3794801, compatible CL 3709383
LogInit: Registered custom module enumerator with build ID '3709383'
LogTaskGraph: Started task graph with 5 named threads and 14 total threads with 3 sets of task threads.
LogStats: Stats thread started at 0.199121
LogD3D11RHI: Aftermath initialized
LogModuleManager: Display: Found up-to-date module file ../../../Engine/Plugins/2D/Paper2D/Binaries/Win64/UE4Editor-Paper2D.dll (API version 3709383).
LogModuleManager: Display: Found up-to-date module file ../../../Engine/Plugins/2D/Paper2D/Binaries/Win64/UE4Editor-Paper2DEditor.dll (API version 3709383).
LogModuleManager: Display: Found up-to-date module file ../../../Engine/Plugins/2D/Paper2D/Binaries/Win64/UE4Editor-PaperSpriteSheetImporter.dll (API version 3709383).
LogModuleManager: Display: Found up-to-date module file ../../../Engine/Plugins/2D/Paper2D/Binaries/Win64/UE4Editor-PaperTiledImporter.dll (API version 3709383).
LogModuleManager: Display: Found up-to-date module file ../../../Engine/Plugins/2D/Paper2D/Binaries/Win64/UE4Editor-SmartSnapping.dll (API version 3709383).
LogModuleManager: Display: Found up-to-date module file ../../../Engine/Plugins/Blendables/LightPropagationVolume/Binaries/Win64/UE4Editor-LightPropagationVolumeRuntime.dll (API version 3709383).
LogModuleManager: Display: Found up-to-date module file ../../../Engine/Plugins/Blendables/LightPropagationVolume/Binaries/Win64/UE4Editor-LightPropagationVolumeEditor.dll (API version 3709383).
LogModuleManager: Display: Found up-to-date module file ../../../Engine/Plugins/Developer/GitSourceControl/Binaries/Win64/UE4Editor-GitSourceControl.dll (API version 3709383).
LogModuleManager: Display: Found up-to-date module file ../../../Engine/Plugins/Developer/PerforceSourceControl/Binaries/Win64/UE4Editor-PerforceSourceControl.dll (API version 3709383).
LogModuleManager: Display: Found up-to-date module file ../../../Engine/Plugins/Developer/SubversionSourceControl/Binaries/Win64/UE4Editor-SubversionSourceControl.dll (API version 3709383).
LogModuleManager: Display: Found up-to-date module file ../../../Engine/Plugins/Developer/UObjectPlugin/Binaries/Win64/UE4Editor-UObjectPlugin.dll (API version 3709383).
LogModuleManager: Display: Found up-to-date module file ../../../Engine/Plugins/Developer/VisualStudioCodeSourceCodeAccess/Binaries/Win64/UE4Editor-VisualStudioCodeSourceCodeAccess.dll (API version 3709383).
LogModuleManager: Display: Found up-to-date module file ../../../Engine/Plugins/Developer/VisualStudioSourceCodeAccess/Binaries/Win64/UE4Editor-VisualStudioSourceCodeAccess.dll (API version 3709383).
LogModuleManager: Display: Found up-to-date module file ../../../Engine/Plugins/Editor/AssetManagerEditor/Binaries/Win64/UE4Editor-AssetManagerEditor.dll (API version 3709383).
LogModuleManager: Display: Found up-to-date module file ../../../Engine/Plugins/Editor/AudioCapture/Binaries/Win64/UE4Editor-AudioCapture.dll (API version 3709383).
LogModuleManager: Display: Found up-to-date module file ../../../Engine/Plugins/Editor/FacialAnimation/Binaries/Win64/UE4Editor-FacialAnimation.dll (API version 3709383).
LogModuleManager: Display: Found up-to-date module file ../../../Engine/Plugins/Editor/FacialAnimation/Binaries/Win64/UE4Editor-FacialAnimationEditor.dll (API version 3709383).
LogModuleManager: Display: Found up-to-date module file ../../../Engine/Plugins/Editor/GameplayTagsEditor/Binaries/Win64/UE4Editor-GameplayTagsEditor.dll (API version 3709383).
LogModuleManager: Display: Found up-to-date module file ../../../Engine/Plugins/Editor/MobileLauncherProfileWizard/Binaries/Win64/UE4Editor-MobileLauncherProfileWizard.dll (API version 3709383).
LogModuleManager: Display: Found up-to-date module file ../../../Engine/Plugins/Editor/PluginBrowser/Binaries/Win64/UE4Editor-PluginBrowser.dll (API version 3709383).
LogModuleManager: Display: Found up-to-date module file ../../../Engine/Plugins/Editor/SpeedTreeImporter/Binaries/Win64/UE4Editor-SpeedTreeImporter.dll (API version 3709383).
LogModuleManager: Display: Found up-to-date module file ../../../Engine/Plugins/Experimental/AlembicImporter/Binaries/Win64/UE4Editor-AlembicImporter.dll (API version 3709383).
LogModuleManager: Display: Found up-to-date module file ../../../Engine/Plugins/Experimental/AlembicImporter/Binaries/Win64/UE4Editor-AlembicLibrary.dll (API version 3709383).
LogModuleManager: Display: Found up-to-date module file ../../../Engine/Plugins/Experimental/CharacterAI/Binaries/Win64/UE4Editor-CharacterAI.dll (API version 3709383).
LogModuleManager: Display: Found up-to-date module file ../../../Engine/Plugins/Experimental/HTML5Networking/Binaries/Win64/UE4Editor-HTML5Networking.dll (API version 3709383).
LogModuleManager: Display: Found up-to-date module file ../../../Engine/Plugins/Media/AndroidMedia/Binaries/Win64/UE4Editor-AndroidMediaEditor.dll (API version 3709383).
LogModuleManager: Display: Found up-to-date module file ../../../Engine/Plugins/Media/AndroidMedia/Binaries/Win64/UE4Editor-AndroidMediaFactory.dll (API version 3709383).
LogModuleManager: Display: Found up-to-date module file ../../../Engine/Plugins/Media/AvfMedia/Binaries/Win64/UE4Editor-AvfMediaEditor.dll (API version 3709383).
LogModuleManager: Display: Found up-to-date module file ../../../Engine/Plugins/Media/AvfMedia/Binaries/Win64/UE4Editor-AvfMediaFactory.dll (API version 3709383).
LogModuleManager: Display: Found up-to-date module file ../../../Engine/Plugins/Media/AvfMedia/Binaries/Win64/UE4Editor-AvfMediaFactory.dll (API version 3709383).
LogModuleManager: Display: Found up-to-date module file ../../../Engine/Plugins/Media/ImgMedia/Binaries/Win64/UE4Editor-ImgMedia.dll (API version 3709383).
LogModuleManager: Display: Found up-to-date module file ../../../Engine/Plugins/Media/ImgMedia/Binaries/Win64/UE4Editor-ImgMediaEditor.dll (API version 3709383).
LogModuleManager: Display: Found up-to-date module file ../../../Engine/Plugins/Media/ImgMedia/Binaries/Win64/UE4Editor-ImgMediaFactory.dll (API version 3709383).
LogModuleManager: Display: Found up-to-date module file ../../../Engine/Plugins/Media/ImgMedia/Binaries/Win64/UE4Editor-ImgMediaFactory.dll (API version 3709383).
LogModuleManager: Display: Found up-to-date module file ../../../Engine/Plugins/Media/ImgMedia/Binaries/Win64/UE4Editor-OpenExrWrapper.dll (API version 3709383).
LogModuleManager: Display: Found up-to-date module file ../../../Engine/Plugins/Media/MediaCompositing/Binaries/Win64/UE4Editor-MediaCompositing.dll (API version 3709383).
LogModuleManager: Display: Found up-to-date module file ../../../Engine/Plugins/Media/MediaCompositing/Binaries/Win64/UE4Editor-MediaCompositingEditor.dll (API version 3709383).
LogModuleManager: Display: Found up-to-date module file ../../../Engine/Plugins/Media/MediaPlayerEditor/Binaries/Win64/UE4Editor-MediaPlayerEditor.dll (API version 3709383).
LogModuleManager: Display: Found up-to-date module file ../../../Engine/Plugins/Media/WmfMedia/Binaries/Win64/UE4Editor-WmfMedia.dll (API version 3709383).
LogModuleManager: Display: Found up-to-date module file ../../../Engine/Plugins/Media/WmfMedia/Binaries/Win64/UE4Editor-WmfMediaEditor.dll (API version 3709383).
LogModuleManager: Display: Found up-to-date module file ../../../Engine/Plugins/Media/WmfMedia/Binaries/Win64/UE4Editor-WmfMediaFactory.dll (API version 3709383).
LogModuleManager: Display: Found up-to-date module file ../../../Engine/Plugins/Media/WmfMedia/Binaries/Win64/UE4Editor-WmfMediaFactory.dll (API version 3709383).
LogModuleManager: Display: Found up-to-date module file ../../../Engine/Plugins/Messaging/TcpMessaging/Binaries/Win64/UE4Editor-TcpMessaging.dll (API version 3709383).
LogModuleManager: Display: Found up-to-date module file ../../../Engine/Plugins/Messaging/UdpMessaging/Binaries/Win64/UE4Editor-UdpMessaging.dll (API version 3709383).
LogModuleManager: Display: Found up-to-date module file ../../../Engine/Plugins/MovieScene/ActorSequence/Binaries/Win64/UE4Editor-ActorSequence.dll (API version 3709383).
LogModuleManager: Display: Found up-to-date module file ../../../Engine/Plugins/MovieScene/LevelSequenceEditor/Binaries/Win64/UE4Editor-LevelSequenceEditor.dll (API version 3709383).
LogModuleManager: Display: Found up-to-date module file ../../../Engine/Plugins/MovieScene/MatineeToLevelSequence/Binaries/Win64/UE4Editor-MatineeToLevelSequence.dll (API version 3709383).
LogModuleManager: Display: Found up-to-date module file ../../../Engine/Plugins/Online/OnlineSubsystem/Binaries/Win64/UE4Editor-OnlineSubsystem.dll (API version 3709383).
LogModuleManager: Display: Found up-to-date module file ../../../Engine/Plugins/Runtime/AndroidPermission/Binaries/Win64/UE4Editor-AndroidPermission.dll (API version 3709383).
LogModuleManager: Display: Found up-to-date module file ../../../Engine/Plugins/Online/OnlineSubsystemNull/Binaries/Win64/UE4Editor-OnlineSubsystemNull.dll (API version 3709383).
LogModuleManager: Display: Found up-to-date module file ../../../Engine/Plugins/Online/OnlineSubsystemUtils/Binaries/Win64/UE4Editor-OnlineSubsystemUtils.dll (API version 3709383).
LogModuleManager: Display: Found up-to-date module file ../../../Engine/Plugins/Online/OnlineSubsystemUtils/Binaries/Win64/UE4Editor-OnlineBlueprintSupport.dll (API version 3709383).
LogModuleManager: Display: Found up-to-date module file ../../../Engine/Plugins/Runtime/AndroidDeviceProfileSelector/Binaries/Win64/UE4Editor-AndroidDeviceProfileSelector.dll (API version 3709383).
LogModuleManager: Display: Found up-to-date module file ../../../Engine/Plugins/Runtime/AppleARKit/Binaries/Win64/UE4Editor-AppleARKit.dll (API version 3709383).
LogModuleManager: Display: Found up-to-date module file ../../../Engine/Plugins/Runtime/ArchVisCharacter/Binaries/Win64/UE4Editor-ArchVisCharacter.dll (API version 3709383).
LogModuleManager: Display: Found up-to-date module file ../../../Engine/Plugins/Runtime/CableComponent/Binaries/Win64/UE4Editor-CableComponent.dll (API version 3709383).
LogModuleManager: Display: Found up-to-date module file ../../../Engine/Plugins/Runtime/CustomMeshComponent/Binaries/Win64/UE4Editor-CustomMeshComponent.dll (API version 3709383).
LogModuleManager: Display: Found up-to-date module file ../../../Engine/Plugins/Runtime/ExampleDeviceProfileSelector/Binaries/Win64/UE4Editor-ExampleDeviceProfileSelector.dll (API version 3709383).
LogModuleManager: Display: Found up-to-date module file ../../../Engine/Plugins/Runtime/ImmediatePhysics/Binaries/Win64/UE4Editor-ImmediatePhysics.dll (API version 3709383).
LogModuleManager: Display: Found up-to-date module file ../../../Engine/Plugins/Runtime/ImmediatePhysics/Binaries/Win64/UE4Editor-ImmediatePhysicsEditor.dll (API version 3709383).
LogModuleManager: Display: Found up-to-date module file ../../../Engine/Plugins/Runtime/LocationServicesBPLibrary/Binaries/Win64/UE4Editor-LocationServicesBPLibrary.dll (API version 3709383).
LogModuleManager: Display: Found up-to-date module file ../../../Engine/Plugins/Runtime/MobilePatchingUtils/Binaries/Win64/UE4Editor-MobilePatchingUtils.dll (API version 3709383).
LogModuleManager: Display: Found up-to-date module file ../../../Engine/Plugins/Runtime/Oculus/OculusVR/Binaries/Win64/UE4Editor-OculusHMD.dll (API version 3709383).
LogModuleManager: Display: Found up-to-date module file ../../../Engine/Plugins/Runtime/Oculus/OculusVR/Binaries/Win64/UE4Editor-OculusInput.dll (API version 3709383).
LogModuleManager: Display: Found up-to-date module file ../../../Engine/Plugins/Runtime/Oculus/OculusVR/Binaries/Win64/UE4Editor-OculusEditor.dll (API version 3709383).
LogModuleManager: Display: Found up-to-date module file ../../../Engine/Plugins/Runtime/PhysXVehicles/Binaries/Win64/UE4Editor-PhysXVehicles.dll (API version 3709383).
LogModuleManager: Display: Found up-to-date module file ../../../Engine/Plugins/Runtime/PhysXVehicles/Binaries/Win64/UE4Editor-PhysXVehiclesEditor.dll (API version 3709383).
LogModuleManager: Display: Found up-to-date module file ../../../Engine/Plugins/Runtime/ProceduralMeshComponent/Binaries/Win64/UE4Editor-ProceduralMeshComponent.dll (API version 3709383).
LogModuleManager: Display: Found up-to-date module file ../../../Engine/Plugins/Runtime/ProceduralMeshComponent/Binaries/Win64/UE4Editor-ProceduralMeshComponentEditor.dll (API version 3709383).
LogModuleManager: Display: Found up-to-date module file ../../../Engine/Plugins/Runtime/RuntimePhysXCooking/Binaries/Win64/UE4Editor-RuntimePhysXCooking.dll (API version 3709383).
LogModuleManager: Display: Found up-to-date module file ../../../Engine/Plugins/Runtime/Steam/SteamVR/Binaries/Win64/UE4Editor-SteamVR.dll (API version 3709383).
LogModuleManager: Display: Found up-to-date module file ../../../Engine/Plugins/Runtime/Steam/SteamVR/Binaries/Win64/UE4Editor-SteamVRController.dll (API version 3709383).
LogModuleManager: Display: Found up-to-date module file ../../../Engine/Plugins/Runtime/WindowsMoviePlayer/Binaries/Win64/UE4Editor-WindowsMoviePlayer.dll (API version 3709383).
LogPluginManager: Mounting plugin Paper2D
LogPluginManager: Mounting plugin LightPropagationVolume
LogPluginManager: Mounting plugin CodeLiteSourceCodeAccess
LogPluginManager: Mounting plugin GitSourceControl
LogPluginManager: Mounting plugin KDevelopSourceCodeAccess
LogPluginManager: Mounting plugin NullSourceCodeAccess
LogPluginManager: Mounting plugin PerforceSourceControl
LogPluginManager: Mounting plugin SubversionSourceControl
LogPluginManager: Mounting plugin UObjectPlugin
LogPluginManager: Mounting plugin VisualStudioCodeSourceCodeAccess
LogPluginManager: Mounting plugin VisualStudioSourceCodeAccess
LogPluginManager: Mounting plugin XCodeSourceCodeAccess
LogPluginManager: Mounting plugin AssetManagerEditor
LogPluginManager: Mounting plugin AudioCapture
LogPluginManager: Mounting plugin FacialAnimation
LogPluginManager: Mounting plugin GameplayTagsEditor
LogPluginManager: Mounting plugin MobileLauncherProfileWizard
LogPluginManager: Mounting plugin PluginBrowser
LogPluginManager: Mounting plugin SpeedTreeImporter
LogPluginManager: Mounting plugin AlembicImporter
LogPluginManager: Mounting plugin CharacterAI
LogPluginManager: Mounting plugin HTML5Networking
LogPluginManager: Mounting plugin AndroidMedia
LogPluginManager: Mounting plugin AvfMedia
LogPluginManager: Mounting plugin ImgMedia
LogPluginManager: Mounting plugin MediaCompositing
LogPluginManager: Mounting plugin MediaPlayerEditor
LogPluginManager: Mounting plugin WmfMedia
LogPluginManager: Mounting plugin TcpMessaging
LogPluginManager: Mounting plugin UdpMessaging
LogPluginManager: Mounting plugin ActorSequence
LogPluginManager: Mounting plugin LevelSequenceEditor
LogPluginManager: Mounting plugin MatineeToLevelSequence
LogPluginManager: Mounting plugin OnlineSubsystemGooglePlay
LogPluginManager: Mounting plugin OnlineSubsystemIOS
LogPluginManager: Mounting plugin OnlineSubsystem
LogPluginManager: Mounting plugin OnlineSubsystemNull
LogPluginManager: Mounting plugin OnlineSubsystemUtils
LogPluginManager: Mounting plugin AndroidDeviceProfileSelector
LogPluginManager: Mounting plugin AndroidMoviePlayer
LogPluginManager: Mounting plugin AndroidPermission
LogPluginManager: Mounting plugin AppleARKit
LogPluginManager: Mounting plugin AppleMoviePlayer
LogPluginManager: Mounting plugin ArchVisCharacter
LogPluginManager: Mounting plugin CableComponent
LogPluginManager: Mounting plugin CustomMeshComponent
LogPluginManager: Mounting plugin ExampleDeviceProfileSelector
LogPluginManager: Mounting plugin GoogleCloudMessaging
LogPluginManager: Mounting plugin ImmediatePhysics
LogPluginManager: Mounting plugin IOSDeviceProfileSelector
LogPluginManager: Mounting plugin LinuxDeviceProfileSelector
LogPluginManager: Mounting plugin LocationServicesBPLibrary
LogPluginManager: Mounting plugin MobilePatchingUtils
LogPluginManager: Mounting plugin OculusVR
LogPluginManager: Plugin shader directory ../../../Engine/Plugins/Runtime/Oculus/OculusVR/Shaders found
LogPluginManager: Mapping shader source directory ../../../Engine/Plugins/Runtime/Oculus/OculusVR/Shaders to virtual directory /Plugin/OculusVR
LogPluginManager: Mounting plugin PhysXVehicles
LogPluginManager: Mounting plugin ProceduralMeshComponent
LogPluginManager: Mounting plugin RuntimePhysXCooking
LogPluginManager: Mounting plugin SteamVR
LogPluginManager: Mounting plugin WindowsMoviePlayer
LogInit: Using libcurl 7.47.1
LogInit:  - built for x86_64-pc-win32
LogInit:  - supports SSL with OpenSSL/1.0.2g
LogInit:  - supports HTTP deflate (compression) using libz 1.2.8
LogInit:  - other features:
LogInit:      CURL_VERSION_SSL
LogInit:      CURL_VERSION_LIBZ
LogInit:      CURL_VERSION_IPV6
LogInit:      CURL_VERSION_ASYNCHDNS
LogInit:      CURL_VERSION_LARGEFILE
LogInit:      CURL_VERSION_IDN
LogInit:  CurlRequestOptions (configurable via config and command line):
LogInit:  - bVerifyPeer = false  - Libcurl will NOT verify peer certificate
LogInit:  - bUseHttpProxy = false  - Libcurl will NOT use HTTP proxy
LogInit:  - bDontReuseConnections = false  - Libcurl will reuse connections
LogInit:  - CertBundlePath = nullptr  - Libcurl will use whatever was configured at build time.
LogInit: Build: ++UE4+Release-4.18-CL-3794801
LogInit: Engine Version: 4.18.2-3794801+++UE4+Release-4.18
LogInit: Compatible Engine Version: 4.18.0-3709383+++UE4+Release-4.18
LogInit: Net CL: 3709383
LogDevObjectVersion: Number of dev versions registered: 16
LogDevObjectVersion:   Dev-Blueprints (B0D832E4-1F89-4F0D-ACCF-7EB736FD4AA2): 10
LogDevObjectVersion:   Dev-Build (E1C64328-A22C-4D53-A36C-8E866417BD8C): 0
LogDevObjectVersion:   Dev-Core (375EC13C-06E4-48FB-B500-84F0262A717E): 2
LogDevObjectVersion:   Dev-Editor (E4B068ED-F494-42E9-A231-DA0B2E46BB41): 20
LogDevObjectVersion:   Dev-Framework (CFFC743F-43B0-4480-9391-14DF171D2073): 30
LogDevObjectVersion:   Dev-Mobile (B02B49B5-BB20-44E9-A304-32B752E40360): 0
LogDevObjectVersion:   Dev-Networking (A4E4105C-59A1-49B5-A7C5-40C4547EDFEE): 0
LogDevObjectVersion:   Dev-Online (39C831C9-5AE6-47DC-9A44-9C173E1C8E7C): 0
LogDevObjectVersion:   Dev-Physics (78F01B33-EBEA-4F98-B9B4-84EACCB95AA2): 0
LogDevObjectVersion:   Dev-Platform (6631380F-2D4D-43E0-8009-CF276956A95A): 0
LogDevObjectVersion:   Dev-Rendering (12F88B9F-8875-4AFC-A67C-D90C383ABD29): 20
LogDevObjectVersion:   Dev-Sequencer (7B5AE74C-D270-4C10-A958-57980B212A5A): 4
LogDevObjectVersion:   Dev-VR (D7296918-1DD6-4BDD-9DE2-64A83CC13884): 0
LogDevObjectVersion:   Dev-LoadTimes (C2A15278-BFE7-4AFE-6C17-90FF531DF755): 1
LogDevObjectVersion:   Private-Geometry (6EACA3D4-40EC-4CC1-B786-8BED09428FC5): 1
LogDevObjectVersion:   Dev-AnimPhys (29E575DD-E0A3-4627-9D10-D276232CDCEA): 12
LogInit: Compiled (64-bit): Dec  8 2017 02:04:53
LogInit: Compiled with Visual C++: 19.00.24215.01
LogInit: Build Configuration: Development
LogInit: Branch Name: ++UE4+Release-4.18
LogInit: Command line: -EpicPortal 
LogInit: Base directory: C:/Program Files/Epic Games/UE_4.18/Engine/Binaries/Win64/
LogInit: Installed Engine Build: 1
LogInit: Presizing for max 8388607 objects, including 0 objects not considered by GC, pre-allocating 0 bytes for permanent pool.
LogInit: Object subsystem initialized
[2018.01.02-11.34.49:290][  0]LogInit: Selected Device Profile: [Windows]
[2018.01.02-11.34.49:290][  0]LogInit: Applying CVar settings loaded from the selected device profile: [Windows]
[2018.01.02-11.34.49:308][  0]LogInit: Computer: DESKTOP-3PNU2N5
[2018.01.02-11.34.49:308][  0]LogInit: User: maffa
[2018.01.02-11.34.49:308][  0]LogInit: CPU Page size=4096, Cores=4
[2018.01.02-11.34.49:308][  0]LogInit: High frequency timer resolution =3.331197 MHz
[2018.01.02-11.34.49:309][  0]LogMemory: Memory total: Physical=12.0GB (12GB approx)
[2018.01.02-11.34.49:309][  0]LogMemory: Platform Memory Stats for Windows
[2018.01.02-11.34.49:309][  0]LogMemory: Process Physical Memory: 272.53 MB used, 272.53 MB peak
[2018.01.02-11.34.49:309][  0]LogMemory: Process Virtual Memory: 269.81 MB used, 269.81 MB peak
[2018.01.02-11.34.49:309][  0]LogMemory: Physical Memory: 10036.76 MB used,  2228.11 MB free, 12264.86 MB total
[2018.01.02-11.34.49:309][  0]LogMemory: Virtual Memory: 644.33 MB used,  2228.11 MB free, 134217728.00 MB total
[2018.01.02-11.34.49:548][  0]LogInit: Using OS detected language (en-US).
[2018.01.02-11.34.49:549][  0]LogInit: Using OS detected locale (nn-NO).
[2018.01.02-11.34.49:552][  0]LogTextLocalizationManager: No specific localization for 'en-US' exists, so the 'en' localization will be used.
[2018.01.02-11.34.49:552][  0]LogTextLocalizationManager: No localization for 'nn-NO' exists, so 'en-US' will be used for the locale.
[2018.01.02-11.34.50:008][  0]LogInit: Setting process to per monitor DPI aware
[2018.01.02-11.34.50:331][  0]LogD3D11RHI: D3D11 adapters:
[2018.01.02-11.34.50:372][  0]LogD3D11RHI:    0. 'NVIDIA GeForce GTX 1060 6GB' (Feature Level 11_0)
[2018.01.02-11.34.50:372][  0]LogD3D11RHI:       6061/0/6132 MB DedicatedVideo/DedicatedSystem/SharedSystem, Outputs:2, VendorId:0x10de
[2018.01.02-11.34.50:373][  0]LogD3D11RHI:    1. 'Microsoft Basic Render Driver' (Feature Level 11_0)
[2018.01.02-11.34.50:373][  0]LogD3D11RHI:       0/0/6132 MB DedicatedVideo/DedicatedSystem/SharedSystem, Outputs:0, VendorId:0x1414
[2018.01.02-11.34.50:373][  0]LogD3D11RHI: Chosen D3D11 Adapter: 0
[2018.01.02-11.34.50:381][  0]LogD3D11RHI: Creating new Direct3DDevice
[2018.01.02-11.34.50:381][  0]LogD3D11RHI:     GPU DeviceId: 0x1c03 (for the marketing name, search the web for "GPU Device Id")
[2018.01.02-11.34.50:381][  0]LogWindows: EnumDisplayDevices:
[2018.01.02-11.34.50:381][  0]LogWindows:    0. 'NVIDIA GeForce GTX 1060 6GB' (P:1 D:1)
[2018.01.02-11.34.50:381][  0]LogWindows:    1. 'NVIDIA GeForce GTX 1060 6GB' (P:0 D:1)
[2018.01.02-11.34.50:382][  0]LogWindows:    2. 'NVIDIA GeForce GTX 1060 6GB' (P:0 D:0)
[2018.01.02-11.34.50:382][  0]LogWindows:    3. 'NVIDIA GeForce GTX 1060 6GB' (P:0 D:0)
[2018.01.02-11.34.50:382][  0]LogWindows: DebugString: FoundDriverCount:4 
[2018.01.02-11.34.50:382][  0]LogD3D11RHI:     Adapter Name: NVIDIA GeForce GTX 1060 6GB
[2018.01.02-11.34.50:382][  0]LogD3D11RHI:   Driver Version: 388.31 (internal:23.21.13.8831, unified:388.31)
[2018.01.02-11.34.50:382][  0]LogD3D11RHI:      Driver Date: 11-14-2017
[2018.01.02-11.34.50:382][  0]LogRHI: Texture pool is 4242 MB (70% of 6061 MB)
[2018.01.02-11.34.50:410][  0]LogD3D11RHI: Async texture creation enabled
[2018.01.02-11.34.50:457][  0]LogD3D11RHI: GPU Timing Frequency: 1000.000000 (Debug: 2 1)
[2018.01.02-11.34.50:509][  0]LogShaderCompilers: Guid format shader working directory is 26 characters bigger than the processId version (X:/Unrealsaves/Maze/Intermediate/Shaders/WorkingDirectory/10424/).
[2018.01.02-11.34.50:509][  0]LogShaderCompilers: Cleaned the shader compiler working directory 'C:/Users/maffa/AppData/Local/Temp/UnrealShaderWorkingDir/FF490C7C439D39113AB0DE905E93D0F8/'.
[2018.01.02-11.34.50:509][  0]LogShaderCompilers: Display: Using Local Shader Compiler.
[2018.01.02-11.34.51:633][  0]LogTemp: Display: Loaded TP AllDesktopTargetPlatform
[2018.01.02-11.34.51:707][  0]LogTemp: Display: Loaded TP MacClientTargetPlatform
[2018.01.02-11.34.51:781][  0]LogTemp: Display: Loaded TP MacNoEditorTargetPlatform
[2018.01.02-11.34.51:856][  0]LogTemp: Display: Loaded TP MacServerTargetPlatform
[2018.01.02-11.34.51:930][  0]LogTemp: Display: Loaded TP MacTargetPlatform
[2018.01.02-11.34.52:004][  0]LogTemp: Display: Loaded TP WindowsClientTargetPlatform
[2018.01.02-11.34.52:080][  0]LogTemp: Display: Loaded TP WindowsNoEditorTargetPlatform
[2018.01.02-11.34.52:152][  0]LogTemp: Display: Loaded TP WindowsServerTargetPlatform
[2018.01.02-11.34.52:220][  0]LogTemp: Display: Loaded TP WindowsTargetPlatform
[2018.01.02-11.34.52:295][  0]LogTemp: Display: Loaded TP Android_ASTCTargetPlatform
[2018.01.02-11.34.52:366][  0]LogTemp: Display: Loaded TP Android_ATCTargetPlatform
[2018.01.02-11.34.52:442][  0]LogTemp: Display: Loaded TP Android_DXTTargetPlatform
[2018.01.02-11.34.52:515][  0]LogTemp: Display: Loaded TP Android_ETC1TargetPlatform
[2018.01.02-11.34.52:588][  0]LogTemp: Display: Loaded TP Android_ETC2TargetPlatform
[2018.01.02-11.34.52:735][  0]LogTemp: Display: Loaded TP Android_MultiTargetPlatform
[2018.01.02-11.34.52:735][  0]LogTemp: Display: Loaded TP Android_PVRTCTargetPlatform
[2018.01.02-11.34.52:809][  0]LogTemp: Display: Loaded TP AndroidTargetPlatform
[2018.01.02-11.34.52:869][  0]LogTemp: Display: Loaded TP HTML5TargetPlatform
[2018.01.02-11.34.52:992][  0]LogTemp: Display: Loaded TP IOSTargetPlatform
[2018.01.02-11.34.53:031][  0]LogTemp: Display: Loaded TP TVOSTargetPlatform
[2018.01.02-11.34.53:104][  0]LogTemp: Display: Loaded TP LinuxClientTargetPlatform
[2018.01.02-11.34.53:175][  0]LogTemp: Display: Loaded TP LinuxNoEditorTargetPlatform
[2018.01.02-11.34.53:246][  0]LogTemp: Display: Loaded TP LinuxServerTargetPlatform
[2018.01.02-11.34.53:320][  0]LogTemp: Display: Loaded TP LinuxTargetPlatform
[2018.01.02-11.34.53:320][  0]LogTargetPlatformManager: Display: Building Assets For Windows
[2018.01.02-11.34.54:015][  0]LogDerivedDataCache: Display: Max Cache Size: 512 MB
[2018.01.02-11.34.54:105][  0]LogDerivedDataCache: Loaded boot cache 0.09s 78MB C:/Users/maffa/AppData/Local/UnrealEngine/4.18/DerivedDataCache/Boot.ddc.
[2018.01.02-11.34.54:105][  0]LogDerivedDataCache: Display: Loaded Boot cache: C:/Users/maffa/AppData/Local/UnrealEngine/4.18/DerivedDataCache/Boot.ddc
[2018.01.02-11.34.54:105][  0]LogDerivedDataCache: FDerivedDataBackendGraph:  Pak pak cache file X:/Unrealsaves/Maze/DerivedDataCache/DDC.ddp not found, will not use a pak cache.
[2018.01.02-11.34.54:105][  0]LogDerivedDataCache: Unable to find inner node Pak for hierarchical cache Hierarchy.
[2018.01.02-11.34.54:105][  0]LogDerivedDataCache: FDerivedDataBackendGraph:  CompressedPak pak cache file X:/Unrealsaves/Maze/DerivedDataCache/Compressed.ddp not found, will not use a pak cache.
[2018.01.02-11.34.54:105][  0]LogDerivedDataCache: Unable to find inner node CompressedPak for hierarchical cache Hierarchy.
[2018.01.02-11.34.54:124][  0]LogDerivedDataCache: Display: Pak cache opened for reading ../../../Engine/DerivedDataCache/Compressed.ddp.
[2018.01.02-11.34.54:136][  0]LogDerivedDataCache: Using Local data cache path C:/Users/maffa/AppData/Local/UnrealEngine/Common/DerivedDataCache: Writable
[2018.01.02-11.34.54:148][  0]LogMaterial: Verifying Global Shaders for PCD3D_SM5
[2018.01.02-11.34.54:148][  0]LogSlate: Using Freetype 2.6.0
[2018.01.02-11.34.54:149][  0]LogSlate: SlateFontCache - WITH_FREETYPE: 1, WITH_HARFBUZZ: 1
[2018.01.02-11.34.54:149][  0]LogSlate: SlateFontCache - WITH_FREETYPE: 1, WITH_HARFBUZZ: 1
[2018.01.02-11.34.54:599][  0]LogInit: Selected Device Profile: [Windows]
[2018.01.02-11.34.55:060][  0]LogSimplygon: Simplygon DLL not present - disabling.
[2018.01.02-11.34.55:124][  0]LogMeshReduction: Using SimplygonSwarm for distributed automatic mesh merging
[2018.01.02-11.34.55:124][  0]LogMeshReduction: Using QuadricMeshReduction for automatic static mesh reduction
[2018.01.02-11.34.55:124][  0]LogMeshReduction: No automatic skeletal mesh reduction module available
[2018.01.02-11.34.55:124][  0]LogMeshReduction: No automatic mesh merging module available
[2018.01.02-11.34.55:124][  0]LogMeshMerging: No automatic mesh merging module available
[2018.01.02-11.34.55:160][  0]LogNetVersion: Maze , NetCL: 3709383, EngineNetVer: 2, GameNetVer: 0 (Checksum: 3727213941)
[2018.01.02-11.34.55:366][  0]LogAssetRegistry: FAssetRegistry took 0.0262 seconds to start up
[2018.01.02-11.34.56:005][  0]LogPackageLocalizationCache: Processed 7 localized package path(s) for 2 prioritized culture(s) in 0.081401 seconds
[2018.01.02-11.34.56:011][  0]LogUObjectArray: 35900 objects as part of root set at end of initial load.
[2018.01.02-11.34.56:011][  0]LogUObjectAllocator: 7372024 out of 0 bytes used by permanent object pool.
[2018.01.02-11.34.56:011][  0]LogUObjectArray: CloseDisregardForGC: 0/0 objects in disregard for GC pool
[2018.01.02-11.34.56:098][  0]LogInit: WinSock: version 1.1 (2.2), MaxSocks=32767, MaxUdp=65467
[2018.01.02-11.34.59:991][  0]LogTcpMessaging: Initializing TcpMessaging bridge
[2018.01.02-11.35.00:062][  0]LogUdpMessaging: Initializing bridge on interface 0.0.0.0:0 to multicast group 230.0.0.1:6666.
[2018.01.02-11.35.01:176][  0]LogMaterial: Uniform references updated for custom material expression Custom.
[2018.01.02-11.35.01:827][  0]SourceControl: Source control is disabled
[2018.01.02-11.35.01:827][  0]SourceControl: Source control is disabled
[2018.01.02-11.35.01:911][  0]SourceControl: Source control is disabled
[2018.01.02-11.35.01:992][  0]SourceControl: Source control is disabled
[2018.01.02-11.35.03:352][  0]LogAndroidPermission: UAndroidPermissionCallbackProxy::GetInstance
[2018.01.02-11.35.03:765][  0]LogOcInput: OculusInput pre-init called
[2018.01.02-11.35.04:188][  0]LogEngine: Initializing Engine...
[2018.01.02-11.35.04:190][  0]LogHMD: Failed to initialize OpenVR with code 110
[2018.01.02-11.35.04:454][  0]LogStats: UGameplayTagsManager::ConstructGameplayTagTree: Construct from data asset -  0.000 s
[2018.01.02-11.35.04:454][  0]LogStats: UGameplayTagsManager::ConstructGameplayTagTree: GameplayTagTreeChangedEvent.Broadcast -  0.000 s
[2018.01.02-11.35.04:661][  0]LogAIModule: Creating AISystem for world Untitled
[2018.01.02-11.35.04:675][  0]LogInit: XAudio2 using 'Speakers (High Definition Audio Device)' : 2 channels at 44.1 kHz using 16 bits per sample (channel mask 0x3)
[2018.01.02-11.35.04:689][  0]LogInit: FAudioDevice initialized.
[2018.01.02-11.35.04:820][  0]LogDerivedDataCache: Saved boot cache 0.13s 78MB C:/Users/maffa/AppData/Local/UnrealEngine/4.18/DerivedDataCache/Boot.ddc.
[2018.01.02-11.35.04:844][  0]LogInit: Texture streaming: Enabled
[2018.01.02-11.35.05:003][  0]LogEngineSessionManager: EngineSessionManager initialized
[2018.01.02-11.35.05:242][  0]LogInit: Transaction tracking system initialized
[2018.01.02-11.35.05:719][  0]BlueprintLog: New page: Editor Load
[2018.01.02-11.35.07:196][  0]LocalizationService: Localization service is disabled
[2018.01.02-11.35.08:365][  0]LogConsoleResponse: Display: 
[2018.01.02-11.35.08:644][  0]LogFileCache: Scanning file cache for directory 'X:/Unrealsaves/Maze/Content/' took 0.01s
[2018.01.02-11.35.08:644][  0]LogCook: Display: Max memory allowance for cook 16384mb min free memory 0mb
[2018.01.02-11.35.08:644][  0]LogCook: Display: Mobile HDR setting 1
[2018.01.02-11.35.08:644][  0]LogGameplayTags: Display: UGameplayTagsManager::DoneAddingNativeTags. DelegateIsBound: 0
[2018.01.02-11.35.10:540][  0]SourceControl: Source control is disabled
[2018.01.02-11.35.10:551][  0]LogFactory: FactoryCreateFile: PackFactory with PackFactory (0 0 C:/Program Files/Epic Games/UE_4.18/FeaturePacks/StarterContent.upack)
[2018.01.02-11.35.10:572][  0]LogPackFactory: Finished extracting 8 files (including 0 errors).
[2018.01.02-11.35.10:583][  0]LogPackFactory: Copied "../../../Samples/StarterContent/Content/StarterContent/Architecture/Floor_400x400.uasset" to "X:/Unrealsaves/Maze/Content/StarterContent/Architecture/Floor_400x400.uasset"
[2018.01.02-11.35.10:597][  0]LogPackFactory: Copied "../../../Samples/StarterContent/Content/StarterContent/Architecture/Pillar_50x500.uasset" to "X:/Unrealsaves/Maze/Content/StarterContent/Architecture/Pillar_50x500.uasset"
[2018.01.02-11.35.10:610][  0]LogPackFactory: Copied "../../../Samples/StarterContent/Content/StarterContent/Architecture/SM_AssetPlatform.uasset" to "X:/Unrealsaves/Maze/Content/StarterContent/Architecture/SM_AssetPlatform.uasset"
[2018.01.02-11.35.10:620][  0]LogPackFactory: Copied "../../../Samples/StarterContent/Content/StarterContent/Architecture/Wall_400x200.uasset" to "X:/Unrealsaves/Maze/Content/StarterContent/Architecture/Wall_400x200.uasset"
[2018.01.02-11.35.10:631][  0]LogPackFactory: Copied "../../../Samples/StarterContent/Content/StarterContent/Architecture/Wall_400x300.uasset" to "X:/Unrealsaves/Maze/Content/StarterContent/Architecture/Wall_400x300.uasset"
[2018.01.02-11.35.10:642][  0]LogPackFactory: Copied "../../../Samples/StarterContent/Content/StarterContent/Architecture/Wall_400x400.uasset" to "X:/Unrealsaves/Maze/Content/StarterContent/Architecture/Wall_400x400.uasset"
[2018.01.02-11.35.10:651][  0]LogPackFactory: Copied "../../../Samples/StarterContent/Content/StarterContent/Architecture/Wall_500x500.uasset" to "X:/Unrealsaves/Maze/Content/StarterContent/Architecture/Wall_500x500.uasset"
[2018.01.02-11.35.10:662][  0]LogPackFactory: Copied "../../../Samples/StarterContent/Content/StarterContent/Architecture/Wall_Door_400x300.uasset" to "X:/Unrealsaves/Maze/Content/StarterContent/Architecture/Wall_Door_400x300.uasset"
[2018.01.02-11.35.10:671][  0]LogPackFactory: Copied "../../../Samples/StarterContent/Content/StarterContent/Architecture/Wall_Door_400x400.uasset" to "X:/Unrealsaves/Maze/Content/StarterContent/Architecture/Wall_Door_400x400.uasset"
[2018.01.02-11.35.10:694][  0]LogPackFactory: Copied "../../../Samples/StarterContent/Content/StarterContent/Architecture/Wall_Window_400x300.uasset" to "X:/Unrealsaves/Maze/Content/StarterContent/Architecture/Wall_Window_400x300.uasset"
[2018.01.02-11.35.10:703][  0]LogPackFactory: Copied "../../../Samples/StarterContent/Content/StarterContent/Architecture/Wall_Window_400x400.uasset" to "X:/Unrealsaves/Maze/Content/StarterContent/Architecture/Wall_Window_400x400.uasset"
[2018.01.02-11.35.10:716][  0]LogPackFactory: Copied "../../../Samples/StarterContent/Content/StarterContent/Audio/Collapse01.uasset" to "X:/Unrealsaves/Maze/Content/StarterContent/Audio/Collapse01.uasset"
[2018.01.02-11.35.10:730][  0]LogPackFactory: Copied "../../../Samples/StarterContent/Content/StarterContent/Audio/Collapse02.uasset" to "X:/Unrealsaves/Maze/Content/StarterContent/Audio/Collapse02.uasset"
[2018.01.02-11.35.10:736][  0]LogPackFactory: Copied "../../../Samples/StarterContent/Content/StarterContent/Audio/Collapse_Cue.uasset" to "X:/Unrealsaves/Maze/Content/StarterContent/Audio/Collapse_Cue.uasset"
[2018.01.02-11.35.10:746][  0]LogPackFactory: Copied "../../../Samples/StarterContent/Content/StarterContent/Audio/Explosion01.uasset" to "X:/Unrealsaves/Maze/Content/StarterContent/Audio/Explosion01.uasset"
[2018.01.02-11.35.10:758][  0]LogPackFactory: Copied "../../../Samples/StarterContent/Content/StarterContent/Audio/Explosion02.uasset" to "X:/Unrealsaves/Maze/Content/StarterContent/Audio/Explosion02.uasset"
[2018.01.02-11.35.10:764][  0]LogPackFactory: Copied "../../../Samples/StarterContent/Content/StarterContent/Audio/Explosion_Cue.uasset" to "X:/Unrealsaves/Maze/Content/StarterContent/Audio/Explosion_Cue.uasset"
[2018.01.02-11.35.10:777][  0]LogPackFactory: Copied "../../../Samples/StarterContent/Content/StarterContent/Audio/Fire01.uasset" to "X:/Unrealsaves/Maze/Content/StarterContent/Audio/Fire01.uasset"
[2018.01.02-11.35.10:782][  0]LogPackFactory: Copied "../../../Samples/StarterContent/Content/StarterContent/Audio/Fire01_Cue.uasset" to "X:/Unrealsaves/Maze/Content/StarterContent/Audio/Fire01_Cue.uasset"
[2018.01.02-11.35.10:796][  0]LogPackFactory: Copied "../../../Samples/StarterContent/Content/StarterContent/Audio/Fire_Sparks01.uasset" to "X:/Unrealsaves/Maze/Content/StarterContent/Audio/Fire_Sparks01.uasset"
[2018.01.02-11.35.10:802][  0]LogPackFactory: Copied "../../../Samples/StarterContent/Content/StarterContent/Audio/Fire_Sparks01_Cue.uasset" to "X:/Unrealsaves/Maze/Content/StarterContent/Audio/Fire_Sparks01_Cue.uasset"
[2018.01.02-11.35.10:813][  0]LogPackFactory: Copied "../../../Samples/StarterContent/Content/StarterContent/Audio/Light01.uasset" to "X:/Unrealsaves/Maze/Content/StarterContent/Audio/Light01.uasset"
[2018.01.02-11.35.10:819][  0]LogPackFactory: Copied "../../../Samples/StarterContent/Content/StarterContent/Audio/Light01_Cue.uasset" to "X:/Unrealsaves/Maze/Content/StarterContent/Audio/Light01_Cue.uasset"
[2018.01.02-11.35.10:830][  0]LogPackFactory: Copied "../../../Samples/StarterContent/Content/StarterContent/Audio/Light02.uasset" to "X:/Unrealsaves/Maze/Content/StarterContent/Audio/Light02.uasset"
[2018.01.02-11.35.10:837][  0]LogPackFactory: Copied "../../../Samples/StarterContent/Content/StarterContent/Audio/Light02_Cue.uasset" to "X:/Unrealsaves/Maze/Content/StarterContent/Audio/Light02_Cue.uasset"
[2018.01.02-11.35.10:850][  0]LogPackFactory: Copied "../../../Samples/StarterContent/Content/StarterContent/Audio/Smoke01.uasset" to "X:/Unrealsaves/Maze/Content/StarterContent/Audio/Smoke01.uasset"
[2018.01.02-11.35.10:856][  0]LogPackFactory: Copied "../../../Samples/StarterContent/Content/StarterContent/Audio/Smoke01_Cue.uasset" to "X:/Unrealsaves/Maze/Content/StarterContent/Audio/Smoke01_Cue.uasset"
[2018.01.02-11.35.10:864][  0]LogPackFactory: Copied "../../../Samples/StarterContent/Content/StarterContent/Audio/Starter_Background_Cue.uasset" to "X:/Unrealsaves/Maze/Content/StarterContent/Audio/Starter_Background_Cue.uasset"
[2018.01.02-11.35.10:893][  0]LogPackFactory: Copied "../../../Samples/StarterContent/Content/StarterContent/Audio/Starter_Birds01.uasset" to "X:/Unrealsaves/Maze/Content/StarterContent/Audio/Starter_Birds01.uasset"
[2018.01.02-11.35.10:965][  0]LogPackFactory: Copied "../../../Samples/StarterContent/Content/StarterContent/Audio/Starter_Music01.uasset" to "X:/Unrealsaves/Maze/Content/StarterContent/Audio/Starter_Music01.uasset"
[2018.01.02-11.35.10:971][  0]LogPackFactory: Copied "../../../Samples/StarterContent/Content/StarterContent/Audio/Starter_Music_Cue.uasset" to "X:/Unrealsaves/Maze/Content/StarterContent/Audio/Starter_Music_Cue.uasset"
[2018.01.02-11.35.10:996][  0]LogPackFactory: Copied "../../../Samples/StarterContent/Content/StarterContent/Audio/Starter_Wind05.uasset" to "X:/Unrealsaves/Maze/Content/StarterContent/Audio/Starter_Wind05.uasset"
[2018.01.02-11.35.11:021][  0]LogPackFactory: Copied "../../../Samples/StarterContent/Content/StarterContent/Audio/Starter_Wind06.uasset" to "X:/Unrealsaves/Maze/Content/StarterContent/Audio/Starter_Wind06.uasset"
[2018.01.02-11.35.11:036][  0]LogPackFactory: Copied "../../../Samples/StarterContent/Content/StarterContent/Audio/Steam01.uasset" to "X:/Unrealsaves/Maze/Content/StarterContent/Audio/Steam01.uasset"
[2018.01.02-11.35.11:041][  0]LogPackFactory: Copied "../../../Samples/StarterContent/Content/StarterContent/Audio/Steam01_Cue.uasset" to "X:/Unrealsaves/Maze/Content/StarterContent/Audio/Steam01_Cue.uasset"
[2018.01.02-11.35.11:052][  0]LogPackFactory: Copied "../../../Samples/StarterContent/Content/StarterContent/Blueprints/Blueprint_CeilingLight.uasset" to "X:/Unrealsaves/Maze/Content/StarterContent/Blueprints/Blueprint_CeilingLight.uasset"
[2018.01.02-11.35.11:062][  0]LogPackFactory: Copied "../../../Samples/StarterContent/Content/StarterContent/Blueprints/Blueprint_Effect_Explosion.uasset" to "X:/Unrealsaves/Maze/Content/StarterContent/Blueprints/Blueprint_Effect_Explosion.uasset"
[2018.01.02-11.35.11:072][  0]LogPackFactory: Copied "../../../Samples/StarterContent/Content/StarterContent/Blueprints/Blueprint_Effect_Fire.uasset" to "X:/Unrealsaves/Maze/Content/StarterContent/Blueprints/Blueprint_Effect_Fire.uasset"
[2018.01.02-11.35.11:081][  0]LogPackFactory: Copied "../../../Samples/StarterContent/Content/StarterContent/Blueprints/Blueprint_Effect_Smoke.uasset" to "X:/Unrealsaves/Maze/Content/StarterContent/Blueprints/Blueprint_Effect_Smoke.uasset"
[2018.01.02-11.35.11:091][  0]LogPackFactory: Copied "../../../Samples/StarterContent/Content/StarterContent/Blueprints/Blueprint_Effect_Sparks.uasset" to "X:/Unrealsaves/Maze/Content/StarterContent/Blueprints/Blueprint_Effect_Sparks.uasset"
[2018.01.02-11.35.11:100][  0]LogPackFactory: Copied "../../../Samples/StarterContent/Content/StarterContent/Blueprints/Blueprint_Effect_Steam.uasset" to "X:/Unrealsaves/Maze/Content/StarterContent/Blueprints/Blueprint_Effect_Steam.uasset"
[2018.01.02-11.35.11:110][  0]LogPackFactory: Copied "../../../Samples/StarterContent/Content/StarterContent/Blueprints/Blueprint_WallSconce.uasset" to "X:/Unrealsaves/Maze/Content/StarterContent/Blueprints/Blueprint_WallSconce.uasset"
[2018.01.02-11.35.11:122][  0]LogPackFactory: Copied "../../../Samples/StarterContent/Content/StarterContent/Blueprints/BP_LightStudio.uasset" to "X:/Unrealsaves/Maze/Content/StarterContent/Blueprints/BP_LightStudio.uasset"
[2018.01.02-11.35.11:128][  0]LogPackFactory: Copied "../../../Samples/StarterContent/Content/StarterContent/Blueprints/Assets/FogBrightnessLUT.uasset" to "X:/Unrealsaves/Maze/Content/StarterContent/Blueprints/Assets/FogBrightnessLUT.uasset"
[2018.01.02-11.35.11:137][  0]LogPackFactory: Copied "../../../Samples/StarterContent/Content/StarterContent/Blueprints/Assets/M_LightStage_Arrows.uasset" to "X:/Unrealsaves/Maze/Content/StarterContent/Blueprints/Assets/M_LightStage_Arrows.uasset"
[2018.01.02-11.35.11:146][  0]LogPackFactory: Copied "../../../Samples/StarterContent/Content/StarterContent/Blueprints/Assets/M_LightStage_Skybox_Black.uasset" to "X:/Unrealsaves/Maze/Content/StarterContent/Blueprints/Assets/M_LightStage_Skybox_Black.uasset"
[2018.01.02-11.35.11:156][  0]LogPackFactory: Copied "../../../Samples/StarterContent/Content/StarterContent/Blueprints/Assets/M_LightStage_Skybox_HDRI.uasset" to "X:/Unrealsaves/Maze/Content/StarterContent/Blueprints/Assets/M_LightStage_Skybox_HDRI.uasset"
[2018.01.02-11.35.11:165][  0]LogPackFactory: Copied "../../../Samples/StarterContent/Content/StarterContent/Blueprints/Assets/M_LightStage_Skybox_Master.uasset" to "X:/Unrealsaves/Maze/Content/StarterContent/Blueprints/Assets/M_LightStage_Skybox_Master.uasset"
[2018.01.02-11.35.11:179][  0]LogPackFactory: Copied "../../../Samples/StarterContent/Content/StarterContent/Blueprints/Assets/Skybox.uasset" to "X:/Unrealsaves/Maze/Content/StarterContent/Blueprints/Assets/Skybox.uasset"
[2018.01.02-11.35.11:205][  0]LogPackFactory: Copied "../../../Samples/StarterContent/Content/StarterContent/Blueprints/Assets/SM_Arrows.uasset" to "X:/Unrealsaves/Maze/Content/StarterContent/Blueprints/Assets/SM_Arrows.uasset"
[2018.01.02-11.35.11:210][  0]LogPackFactory: Copied "../../../Samples/StarterContent/Content/StarterContent/Blueprints/Assets/SunlightColorLUT.uasset" to "X:/Unrealsaves/Maze/Content/StarterContent/Blueprints/Assets/SunlightColorLUT.uasset"
[2018.01.02-11.35.11:786][  0]LogPackFactory: Copied "../../../Samples/StarterContent/Content/StarterContent/HDRI/HDRI_Epic_Courtyard_Daylight.uasset" to "X:/Unrealsaves/Maze/Content/StarterContent/HDRI/HDRI_Epic_Courtyard_Daylight.uasset"
[2018.01.02-11.35.11:831][  0]LogPackFactory: Copied "../../../Samples/StarterContent/Content/StarterContent/Maps/Advanced_Lighting.umap" to "X:/Unrealsaves/Maze/Content/StarterContent/Maps/Advanced_Lighting.umap"
[2018.01.02-11.35.11:842][  0]LogPackFactory: Copied "../../../Samples/StarterContent/Content/StarterContent/Maps/Advanced_Lighting_BuiltData.uasset" to "X:/Unrealsaves/Maze/Content/StarterContent/Maps/Advanced_Lighting_BuiltData.uasset"
[2018.01.02-11.35.11:861][  0]LogPackFactory: Copied "../../../Samples/StarterContent/Content/StarterContent/Maps/Minimal_Default.umap" to "X:/Unrealsaves/Maze/Content/StarterContent/Maps/Minimal_Default.umap"
[2018.01.02-11.35.11:876][  0]LogPackFactory: Copied "../../../Samples/StarterContent/Content/StarterContent/Maps/Minimal_Default_BuiltData.uasset" to "X:/Unrealsaves/Maze/Content/StarterContent/Maps/Minimal_Default_BuiltData.uasset"
[2018.01.02-11.35.11:922][  0]LogPackFactory: Copied "../../../Samples/StarterContent/Content/StarterContent/Maps/StarterMap.umap" to "X:/Unrealsaves/Maze/Content/StarterContent/Maps/StarterMap.umap"
[2018.01.02-11.35.12:007][  0]LogPackFactory: Copied "../../../Samples/StarterContent/Content/StarterContent/Maps/StarterMap_BuiltData.uasset" to "X:/Unrealsaves/Maze/Content/StarterContent/Maps/StarterMap_BuiltData.uasset"
[2018.01.02-11.35.12:022][  0]LogPackFactory: Copied "../../../Samples/StarterContent/Content/StarterContent/Materials/M_AssetPlatform.uasset" to "X:/Unrealsaves/Maze/Content/StarterContent/Materials/M_AssetPlatform.uasset"
[2018.01.02-11.35.12:033][  0]LogPackFactory: Copied "../../../Samples/StarterContent/Content/StarterContent/Materials/M_Basic_Floor.uasset" to "X:/Unrealsaves/Maze/Content/StarterContent/Materials/M_Basic_Floor.uasset"
[2018.01.02-11.35.12:043][  0]LogPackFactory: Copied "../../../Samples/StarterContent/Content/StarterContent/Materials/M_Basic_Wall.uasset" to "X:/Unrealsaves/Maze/Content/StarterContent/Materials/M_Basic_Wall.uasset"
[2018.01.02-11.35.12:052][  0]LogPackFactory: Copied "../../../Samples/StarterContent/Content/StarterContent/Materials/M_Brick_Clay_Beveled.uasset" to "X:/Unrealsaves/Maze/Content/StarterContent/Materials/M_Brick_Clay_Beveled.uasset"
[2018.01.02-11.35.12:062][  0]LogPackFactory: Copied "../../../Samples/StarterContent/Content/StarterContent/Materials/M_Brick_Clay_New.uasset" to "X:/Unrealsaves/Maze/Content/StarterContent/Materials/M_Brick_Clay_New.uasset"
[2018.01.02-11.35.12:072][  0]LogPackFactory: Copied "../../../Samples/StarterContent/Content/StarterContent/Materials/M_Brick_Clay_Old.uasset" to "X:/Unrealsaves/Maze/Content/StarterContent/Materials/M_Brick_Clay_Old.uasset"
[2018.01.02-11.35.12:081][  0]LogPackFactory: Copied "../../../Samples/StarterContent/Content/StarterContent/Materials/M_Brick_Cut_Stone.uasset" to "X:/Unrealsaves/Maze/Content/StarterContent/Materials/M_Brick_Cut_Stone.uasset"
[2018.01.02-11.35.12:092][  0]LogPackFactory: Copied "../../../Samples/StarterContent/Content/StarterContent/Materials/M_Brick_Hewn_Stone.uasset" to "X:/Unrealsaves/Maze/Content/StarterContent/Materials/M_Brick_Hewn_Stone.uasset"
[2018.01.02-11.35.12:101][  0]LogPackFactory: Copied "../../../Samples/StarterContent/Content/StarterContent/Materials/M_Ceramic_Tile_Checker.uasset" to "X:/Unrealsaves/Maze/Content/StarterContent/Materials/M_Ceramic_Tile_Checker.uasset"
[2018.01.02-11.35.12:110][  0]LogPackFactory: Copied "../../../Samples/StarterContent/Content/StarterContent/Materials/M_CobbleStone_Pebble.uasset" to "X:/Unrealsaves/Maze/Content/StarterContent/Materials/M_CobbleStone_Pebble.uasset"
[2018.01.02-11.35.12:120][  0]LogPackFactory: Copied "../../../Samples/StarterContent/Content/StarterContent/Materials/M_CobbleStone_Rough.uasset" to "X:/Unrealsaves/Maze/Content/StarterContent/Materials/M_CobbleStone_Rough.uasset"
[2018.01.02-11.35.12:130][  0]LogPackFactory: Copied "../../../Samples/StarterContent/Content/StarterContent/Materials/M_CobbleStone_Smooth.uasset" to "X:/Unrealsaves/Maze/Content/StarterContent/Materials/M_CobbleStone_Smooth.uasset"
[2018.01.02-11.35.12:141][  0]LogPackFactory: Copied "../../../Samples/StarterContent/Content/StarterContent/Materials/M_ColorGrid_LowSpec.uasset" to "X:/Unrealsaves/Maze/Content/StarterContent/Materials/M_ColorGrid_LowSpec.uasset"
[2018.01.02-11.35.12:151][  0]LogPackFactory: Copied "../../../Samples/StarterContent/Content/StarterContent/Materials/M_Concrete_Grime.uasset" to "X:/Unrealsaves/Maze/Content/StarterContent/Materials/M_Concrete_Grime.uasset"
[2018.01.02-11.35.12:161][  0]LogPackFactory: Copied "../../../Samples/StarterContent/Content/StarterContent/Materials/M_Concrete_Panels.uasset" to "X:/Unrealsaves/Maze/Content/StarterContent/Materials/M_Concrete_Panels.uasset"
[2018.01.02-11.35.12:170][  0]LogPackFactory: Copied "../../../Samples/StarterContent/Content/StarterContent/Materials/M_Concrete_Poured.uasset" to "X:/Unrealsaves/Maze/Content/StarterContent/Materials/M_Concrete_Poured.uasset"
[2018.01.02-11.35.12:180][  0]LogPackFactory: Copied "../../../Samples/StarterContent/Content/StarterContent/Materials/M_Concrete_Tiles.uasset" to "X:/Unrealsaves/Maze/Content/StarterContent/Materials/M_Concrete_Tiles.uasset"
[2018.01.02-11.35.12:190][  0]LogPackFactory: Copied "../../../Samples/StarterContent/Content/StarterContent/Materials/M_Glass.uasset" to "X:/Unrealsaves/Maze/Content/StarterContent/Materials/M_Glass.uasset"
[2018.01.02-11.35.12:200][  0]LogPackFactory: Copied "../../../Samples/StarterContent/Content/StarterContent/Materials/M_Ground_Grass.uasset" to "X:/Unrealsaves/Maze/Content/StarterContent/Materials/M_Ground_Grass.uasset"
[2018.01.02-11.35.12:209][  0]LogPackFactory: Copied "../../../Samples/StarterContent/Content/StarterContent/Materials/M_Ground_Gravel.uasset" to "X:/Unrealsaves/Maze/Content/StarterContent/Materials/M_Ground_Gravel.uasset"
[2018.01.02-11.35.12:220][  0]LogPackFactory: Copied "../../../Samples/StarterContent/Content/StarterContent/Materials/M_Ground_Moss.uasset" to "X:/Unrealsaves/Maze/Content/StarterContent/Materials/M_Ground_Moss.uasset"
[2018.01.02-11.35.12:229][  0]LogPackFactory: Copied "../../../Samples/StarterContent/Content/StarterContent/Materials/M_Metal_Brushed_Nickel.uasset" to "X:/Unrealsaves/Maze/Content/StarterContent/Materials/M_Metal_Brushed_Nickel.uasset"
[2018.01.02-11.35.12:238][  0]LogPackFactory: Copied "../../../Samples/StarterContent/Content/StarterContent/Materials/M_Metal_Burnished_Steel.uasset" to "X:/Unrealsaves/Maze/Content/StarterContent/Materials/M_Metal_Burnished_Steel.uasset"
[2018.01.02-11.35.12:248][  0]LogPackFactory: Copied "../../../Samples/StarterContent/Content/StarterContent/Materials/M_Metal_Chrome.uasset" to "X:/Unrealsaves/Maze/Content/StarterContent/Materials/M_Metal_Chrome.uasset"
[2018.01.02-11.35.12:260][  0]LogPackFactory: Copied "../../../Samples/StarterContent/Content/StarterContent/Materials/M_Metal_Copper.uasset" to "X:/Unrealsaves/Maze/Content/StarterContent/Materials/M_Metal_Copper.uasset"
[2018.01.02-11.35.12:270][  0]LogPackFactory: Copied "../../../Samples/StarterContent/Content/StarterContent/Materials/M_Metal_Gold.uasset" to "X:/Unrealsaves/Maze/Content/StarterContent/Materials/M_Metal_Gold.uasset"
[2018.01.02-11.35.12:280][  0]LogPackFactory: Copied "../../../Samples/StarterContent/Content/StarterContent/Materials/M_Metal_Rust.uasset" to "X:/Unrealsaves/Maze/Content/StarterContent/Materials/M_Metal_Rust.uasset"
[2018.01.02-11.35.12:289][  0]LogPackFactory: Copied "../../../Samples/StarterContent/Content/StarterContent/Materials/M_Metal_Steel.uasset" to "X:/Unrealsaves/Maze/Content/StarterContent/Materials/M_Metal_Steel.uasset"
[2018.01.02-11.35.12:300][  0]LogPackFactory: Copied "../../../Samples/StarterContent/Content/StarterContent/Materials/M_Rock_Basalt.uasset" to "X:/Unrealsaves/Maze/Content/StarterContent/Materials/M_Rock_Basalt.uasset"
[2018.01.02-11.35.12:309][  0]LogPackFactory: Copied "../../../Samples/StarterContent/Content/StarterContent/Materials/M_Rock_Marble_Polished.uasset" to "X:/Unrealsaves/Maze/Content/StarterContent/Materials/M_Rock_Marble_Polished.uasset"
[2018.01.02-11.35.12:318][  0]LogPackFactory: Copied "../../../Samples/StarterContent/Content/StarterContent/Materials/M_Rock_Sandstone.uasset" to "X:/Unrealsaves/Maze/Content/StarterContent/Materials/M_Rock_Sandstone.uasset"
[2018.01.02-11.35.12:327][  0]LogPackFactory: Copied "../../../Samples/StarterContent/Content/StarterContent/Materials/M_Rock_Slate.uasset" to "X:/Unrealsaves/Maze/Content/StarterContent/Materials/M_Rock_Slate.uasset"
[2018.01.02-11.35.12:338][  0]LogPackFactory: Copied "../../../Samples/StarterContent/Content/StarterContent/Materials/M_Tech_Checker_Dot.uasset" to "X:/Unrealsaves/Maze/Content/StarterContent/Materials/M_Tech_Checker_Dot.uasset"
[2018.01.02-11.35.12:348][  0]LogPackFactory: Copied "../../../Samples/StarterContent/Content/StarterContent/Materials/M_Tech_Hex_Tile.uasset" to "X:/Unrealsaves/Maze/Content/StarterContent/Materials/M_Tech_Hex_Tile.uasset"
[2018.01.02-11.35.12:357][  0]LogPackFactory: Copied "../../../Samples/StarterContent/Content/StarterContent/Materials/M_Tech_Hex_Tile_Pulse.uasset" to "X:/Unrealsaves/Maze/Content/StarterContent/Materials/M_Tech_Hex_Tile_Pulse.uasset"
[2018.01.02-11.35.12:368][  0]LogPackFactory: Copied "../../../Samples/StarterContent/Content/StarterContent/Materials/M_Tech_Panel.uasset" to "X:/Unrealsaves/Maze/Content/StarterContent/Materials/M_Tech_Panel.uasset"
[2018.01.02-11.35.12:377][  0]LogPackFactory: Copied "../../../Samples/StarterContent/Content/StarterContent/Materials/M_Water_Lake.uasset" to "X:/Unrealsaves/Maze/Content/StarterContent/Materials/M_Water_Lake.uasset"
[2018.01.02-11.35.12:389][  0]LogPackFactory: Copied "../../../Samples/StarterContent/Content/StarterContent/Materials/M_Water_Ocean.uasset" to "X:/Unrealsaves/Maze/Content/StarterContent/Materials/M_Water_Ocean.uasset"
[2018.01.02-11.35.12:399][  0]LogPackFactory: Copied "../../../Samples/StarterContent/Content/StarterContent/Materials/M_Wood_Floor_Walnut_Polished.uasset" to "X:/Unrealsaves/Maze/Content/StarterContent/Materials/M_Wood_Floor_Walnut_Polished.uasset"
[2018.01.02-11.35.12:411][  0]LogPackFactory: Copied "../../../Samples/StarterContent/Content/StarterContent/Materials/M_Wood_Floor_Walnut_Worn.uasset" to "X:/Unrealsaves/Maze/Content/StarterContent/Materials/M_Wood_Floor_Walnut_Worn.uasset"
[2018.01.02-11.35.12:421][  0]LogPackFactory: Copied "../../../Samples/StarterContent/Content/StarterContent/Materials/M_Wood_Oak.uasset" to "X:/Unrealsaves/Maze/Content/StarterContent/Materials/M_Wood_Oak.uasset"
[2018.01.02-11.35.12:431][  0]LogPackFactory: Copied "../../../Samples/StarterContent/Content/StarterContent/Materials/M_Wood_Pine.uasset" to "X:/Unrealsaves/Maze/Content/StarterContent/Materials/M_Wood_Pine.uasset"
[2018.01.02-11.35.12:440][  0]LogPackFactory: Copied "../../../Samples/StarterContent/Content/StarterContent/Materials/M_Wood_Walnut.uasset" to "X:/Unrealsaves/Maze/Content/StarterContent/Materials/M_Wood_Walnut.uasset"
[2018.01.02-11.35.12:451][  0]LogPackFactory: Copied "../../../Samples/StarterContent/Content/StarterContent/Particles/P_Ambient_Dust.uasset" to "X:/Unrealsaves/Maze/Content/StarterContent/Particles/P_Ambient_Dust.uasset"
[2018.01.02-11.35.12:462][  0]LogPackFactory: Copied "../../../Samples/StarterContent/Content/StarterContent/Particles/P_Explosion.uasset" to "X:/Unrealsaves/Maze/Content/StarterContent/Particles/P_Explosion.uasset"
[2018.01.02-11.35.12:472][  0]LogPackFactory: Copied "../../../Samples/StarterContent/Content/StarterContent/Particles/P_Fire.uasset" to "X:/Unrealsaves/Maze/Content/StarterContent/Particles/P_Fire.uasset"
[2018.01.02-11.35.12:482][  0]LogPackFactory: Copied "../../../Samples/StarterContent/Content/StarterContent/Particles/P_Smoke.uasset" to "X:/Unrealsaves/Maze/Content/StarterContent/Particles/P_Smoke.uasset"
[2018.01.02-11.35.12:493][  0]LogPackFactory: Copied "../../../Samples/StarterContent/Content/StarterContent/Particles/P_Sparks.uasset" to "X:/Unrealsaves/Maze/Content/StarterContent/Particles/P_Sparks.uasset"
[2018.01.02-11.35.12:503][  0]LogPackFactory: Copied "../../../Samples/StarterContent/Content/StarterContent/Particles/P_Steam_Lit.uasset" to "X:/Unrealsaves/Maze/Content/StarterContent/Particles/P_Steam_Lit.uasset"
[2018.01.02-11.35.12:512][  0]LogPackFactory: Copied "../../../Samples/StarterContent/Content/StarterContent/Particles/Materials/M_Burst.uasset" to "X:/Unrealsaves/Maze/Content/StarterContent/Particles/Materials/M_Burst.uasset"
[2018.01.02-11.35.12:523][  0]LogPackFactory: Copied "../../../Samples/StarterContent/Content/StarterContent/Particles/Materials/M_Dust_Particle.uasset" to "X:/Unrealsaves/Maze/Content/StarterContent/Particles/Materials/M_Dust_Particle.uasset"
[2018.01.02-11.35.12:532][  0]LogPackFactory: Copied "../../../Samples/StarterContent/Content/StarterContent/Particles/Materials/M_explosion_subUV.uasset" to "X:/Unrealsaves/Maze/Content/StarterContent/Particles/Materials/M_explosion_subUV.uasset"
[2018.01.02-11.35.12:541][  0]LogPackFactory: Copied "../../../Samples/StarterContent/Content/StarterContent/Particles/Materials/M_Fire_SubUV.uasset" to "X:/Unrealsaves/Maze/Content/StarterContent/Particles/Materials/M_Fire_SubUV.uasset"
[2018.01.02-11.35.12:551][  0]LogPackFactory: Copied "../../../Samples/StarterContent/Content/StarterContent/Particles/Materials/m_flare_01.uasset" to "X:/Unrealsaves/Maze/Content/StarterContent/Particles/Materials/m_flare_01.uasset"
[2018.01.02-11.35.12:560][  0]LogPackFactory: Copied "../../../Samples/StarterContent/Content/StarterContent/Particles/Materials/M_Heat_Distortion.uasset" to "X:/Unrealsaves/Maze/Content/StarterContent/Particles/Materials/M_Heat_Distortion.uasset"
[2018.01.02-11.35.12:570][  0]LogPackFactory: Copied "../../../Samples/StarterContent/Content/StarterContent/Particles/Materials/M_Radial_Gradient.uasset" to "X:/Unrealsaves/Maze/Content/StarterContent/Particles/Materials/M_Radial_Gradient.uasset"
[2018.01.02-11.35.12:580][  0]LogPackFactory: Copied "../../../Samples/StarterContent/Content/StarterContent/Particles/Materials/M_radial_ramp.uasset" to "X:/Unrealsaves/Maze/Content/StarterContent/Particles/Materials/M_radial_ramp.uasset"
[2018.01.02-11.35.12:592][  0]LogPackFactory: Copied "../../../Samples/StarterContent/Content/StarterContent/Particles/Materials/M_smoke_subUV.uasset" to "X:/Unrealsaves/Maze/Content/StarterContent/Particles/Materials/M_smoke_subUV.uasset"
[2018.01.02-11.35.12:601][  0]LogPackFactory: Copied "../../../Samples/StarterContent/Content/StarterContent/Particles/Materials/M_Spark.uasset" to "X:/Unrealsaves/Maze/Content/StarterContent/Particles/Materials/M_Spark.uasset"
[2018.01.02-11.35.12:611][  0]LogPackFactory: Copied "../../../Samples/StarterContent/Content/StarterContent/Props/MaterialSphere.uasset" to "X:/Unrealsaves/Maze/Content/StarterContent/Props/MaterialSphere.uasset"
[2018.01.02-11.35.12:630][  0]LogPackFactory: Copied "../../../Samples/StarterContent/Content/StarterContent/Props/SM_Bush.uasset" to "X:/Unrealsaves/Maze/Content/StarterContent/Props/SM_Bush.uasset"
[2018.01.02-11.35.12:644][  0]LogPackFactory: Copied "../../../Samples/StarterContent/Content/StarterContent/Props/SM_Chair.uasset" to "X:/Unrealsaves/Maze/Content/StarterContent/Props/SM_Chair.uasset"
[2018.01.02-11.35.12:654][  0]LogPackFactory: Copied "../../../Samples/StarterContent/Content/StarterContent/Props/SM_CornerFrame.uasset" to "X:/Unrealsaves/Maze/Content/StarterContent/Props/SM_CornerFrame.uasset"
[2018.01.02-11.35.12:664][  0]LogPackFactory: Copied "../../../Samples/StarterContent/Content/StarterContent/Props/SM_Couch.uasset" to "X:/Unrealsaves/Maze/Content/StarterContent/Props/SM_Couch.uasset"
[2018.01.02-11.35.12:676][  0]LogPackFactory: Copied "../../../Samples/StarterContent/Content/StarterContent/Props/SM_Door.uasset" to "X:/Unrealsaves/Maze/Content/StarterContent/Props/SM_Door.uasset"
[2018.01.02-11.35.12:687][  0]LogPackFactory: Copied "../../../Samples/StarterContent/Content/StarterContent/Props/SM_DoorFrame.uasset" to "X:/Unrealsaves/Maze/Content/StarterContent/Props/SM_DoorFrame.uasset"
[2018.01.02-11.35.12:704][  0]LogPackFactory: Copied "../../../Samples/StarterContent/Content/StarterContent/Props/SM_GlassWindow.uasset" to "X:/Unrealsaves/Maze/Content/StarterContent/Props/SM_GlassWindow.uasset"
[2018.01.02-11.35.12:722][  0]LogPackFactory: Copied "../../../Samples/StarterContent/Content/StarterContent/Props/SM_Lamp_Ceiling.uasset" to "X:/Unrealsaves/Maze/Content/StarterContent/Props/SM_Lamp_Ceiling.uasset"
[2018.01.02-11.35.12:736][  0]LogPackFactory: Copied "../../../Samples/StarterContent/Content/StarterContent/Props/SM_Lamp_Wall.uasset" to "X:/Unrealsaves/Maze/Content/StarterContent/Props/SM_Lamp_Wall.uasset"
[2018.01.02-11.35.12:766][  0]LogPackFactory: Copied "../../../Samples/StarterContent/Content/StarterContent/Props/SM_MatPreviewMesh_02.uasset" to "X:/Unrealsaves/Maze/Content/StarterContent/Props/SM_MatPreviewMesh_02.uasset"
[2018.01.02-11.35.12:777][  0]LogPackFactory: Copied "../../../Samples/StarterContent/Content/StarterContent/Props/SM_PillarFrame.uasset" to "X:/Unrealsaves/Maze/Content/StarterContent/Props/SM_PillarFrame.uasset"
[2018.01.02-11.35.12:787][  0]LogPackFactory: Copied "../../../Samples/StarterContent/Content/StarterContent/Props/SM_PillarFrame300.uasset" to "X:/Unrealsaves/Maze/Content/StarterContent/Props/SM_PillarFrame300.uasset"
[2018.01.02-11.35.12:800][  0]LogPackFactory: Copied "../../../Samples/StarterContent/Content/StarterContent/Props/SM_Rock.uasset" to "X:/Unrealsaves/Maze/Content/StarterContent/Props/SM_Rock.uasset"
[2018.01.02-11.35.12:809][  0]LogPackFactory: Copied "../../../Samples/StarterContent/Content/StarterContent/Props/SM_Shelf.uasset" to "X:/Unrealsaves/Maze/Content/StarterContent/Props/SM_Shelf.uasset"
[2018.01.02-11.35.12:819][  0]LogPackFactory: Copied "../../../Samples/StarterContent/Content/StarterContent/Props/SM_Stairs.uasset" to "X:/Unrealsaves/Maze/Content/StarterContent/Props/SM_Stairs.uasset"
[2018.01.02-11.35.12:829][  0]LogPackFactory: Copied "../../../Samples/StarterContent/Content/StarterContent/Props/SM_Statue.uasset" to "X:/Unrealsaves/Maze/Content/StarterContent/Props/SM_Statue.uasset"
[2018.01.02-11.35.12:879][  0]LogPackFactory: Copied "../../../Samples/StarterContent/Content/StarterContent/Props/SM_TableRound.uasset" to "X:/Unrealsaves/Maze/Content/StarterContent/Props/SM_TableRound.uasset"
[2018.01.02-11.35.12:897][  0]LogPackFactory: Copied "../../../Samples/StarterContent/Content/StarterContent/Props/SM_WindowFrame.uasset" to "X:/Unrealsaves/Maze/Content/StarterContent/Props/SM_WindowFrame.uasset"
[2018.01.02-11.35.12:908][  0]LogPackFactory: Copied "../../../Samples/StarterContent/Content/StarterContent/Props/Materials/M_Bush.uasset" to "X:/Unrealsaves/Maze/Content/StarterContent/Props/Materials/M_Bush.uasset"
[2018.01.02-11.35.12:918][  0]LogPackFactory: Copied "../../../Samples/StarterContent/Content/StarterContent/Props/Materials/M_Chair.uasset" to "X:/Unrealsaves/Maze/Content/StarterContent/Props/Materials/M_Chair.uasset"
[2018.01.02-11.35.12:928][  0]LogPackFactory: Copied "../../../Samples/StarterContent/Content/StarterContent/Props/Materials/M_Door.uasset" to "X:/Unrealsaves/Maze/Content/StarterContent/Props/Materials/M_Door.uasset"
[2018.01.02-11.35.12:937][  0]LogPackFactory: Copied "../../../Samples/StarterContent/Content/StarterContent/Props/Materials/M_Frame.uasset" to "X:/Unrealsaves/Maze/Content/StarterContent/Props/Materials/M_Frame.uasset"
[2018.01.02-11.35.12:946][  0]LogPackFactory: Copied "../../../Samples/StarterContent/Content/StarterContent/Props/Materials/M_Lamp.uasset" to "X:/Unrealsaves/Maze/Content/StarterContent/Props/Materials/M_Lamp.uasset"
[2018.01.02-11.35.12:958][  0]LogPackFactory: Copied "../../../Samples/StarterContent/Content/StarterContent/Props/Materials/M_MaterialSphere.uasset" to "X:/Unrealsaves/Maze/Content/StarterContent/Props/Materials/M_MaterialSphere.uasset"
[2018.01.02-11.35.12:969][  0]LogPackFactory: Copied "../../../Samples/StarterContent/Content/StarterContent/Props/Materials/M_MaterialSphere_Plain.uasset" to "X:/Unrealsaves/Maze/Content/StarterContent/Props/Materials/M_MaterialSphere_Plain.uasset"
[2018.01.02-11.35.12:980][  0]LogPackFactory: Copied "../../../Samples/StarterContent/Content/StarterContent/Props/Materials/M_Rock.uasset" to "X:/Unrealsaves/Maze/Content/StarterContent/Props/Materials/M_Rock.uasset"
[2018.01.02-11.35.12:989][  0]LogPackFactory: Copied "../../../Samples/StarterContent/Content/StarterContent/Props/Materials/M_Shelf.uasset" to "X:/Unrealsaves/Maze/Content/StarterContent/Props/Materials/M_Shelf.uasset"
[2018.01.02-11.35.13:000][  0]LogPackFactory: Copied "../../../Samples/StarterContent/Content/StarterContent/Props/Materials/M_Statue.uasset" to "X:/Unrealsaves/Maze/Content/StarterContent/Props/Materials/M_Statue.uasset"
[2018.01.02-11.35.13:009][  0]LogPackFactory: Copied "../../../Samples/StarterContent/Content/StarterContent/Props/Materials/M_StatueGlass.uasset" to "X:/Unrealsaves/Maze/Content/StarterContent/Props/Materials/M_StatueGlass.uasset"
[2018.01.02-11.35.13:019][  0]LogPackFactory: Copied "../../../Samples/StarterContent/Content/StarterContent/Props/Materials/M_TableRound.uasset" to "X:/Unrealsaves/Maze/Content/StarterContent/Props/Materials/M_TableRound.uasset"
[2018.01.02-11.35.13:028][  0]LogPackFactory: Copied "../../../Samples/StarterContent/Content/StarterContent/Shapes/Shape_Cone.uasset" to "X:/Unrealsaves/Maze/Content/StarterContent/Shapes/Shape_Cone.uasset"
[2018.01.02-11.35.13:038][  0]LogPackFactory: Copied "../../../Samples/StarterContent/Content/StarterContent/Shapes/Shape_Cube.uasset" to "X:/Unrealsaves/Maze/Content/StarterContent/Shapes/Shape_Cube.uasset"
[2018.01.02-11.35.13:054][  0]LogPackFactory: Copied "../../../Samples/StarterContent/Content/StarterContent/Shapes/Shape_Cylinder.uasset" to "X:/Unrealsaves/Maze/Content/StarterContent/Shapes/Shape_Cylinder.uasset"
[2018.01.02-11.35.13:065][  0]LogPackFactory: Copied "../../../Samples/StarterContent/Content/StarterContent/Shapes/Shape_NarrowCapsule.uasset" to "X:/Unrealsaves/Maze/Content/StarterContent/Shapes/Shape_NarrowCapsule.uasset"
[2018.01.02-11.35.13:076][  0]LogPackFactory: Copied "../../../Samples/StarterContent/Content/StarterContent/Shapes/Shape_Pipe.uasset" to "X:/Unrealsaves/Maze/Content/StarterContent/Shapes/Shape_Pipe.uasset"
[2018.01.02-11.35.13:086][  0]LogPackFactory: Copied "../../../Samples/StarterContent/Content/StarterContent/Shapes/Shape_Pipe_180.uasset" to "X:/Unrealsaves/Maze/Content/StarterContent/Shapes/Shape_Pipe_180.uasset"
[2018.01.02-11.35.13:098][  0]LogPackFactory: Copied "../../../Samples/StarterContent/Content/StarterContent/Shapes/Shape_Pipe_90.uasset" to "X:/Unrealsaves/Maze/Content/StarterContent/Shapes/Shape_Pipe_90.uasset"
[2018.01.02-11.35.13:107][  0]LogPackFactory: Copied "../../../Samples/StarterContent/Content/StarterContent/Shapes/Shape_Plane.uasset" to "X:/Unrealsaves/Maze/Content/StarterContent/Shapes/Shape_Plane.uasset"
[2018.01.02-11.35.13:116][  0]LogPackFactory: Copied "../../../Samples/StarterContent/Content/StarterContent/Shapes/Shape_QuadPyramid.uasset" to "X:/Unrealsaves/Maze/Content/StarterContent/Shapes/Shape_QuadPyramid.uasset"
[2018.01.02-11.35.13:128][  0]LogPackFactory: Copied "../../../Samples/StarterContent/Content/StarterContent/Shapes/Shape_Sphere.uasset" to "X:/Unrealsaves/Maze/Content/StarterContent/Shapes/Shape_Sphere.uasset"
[2018.01.02-11.35.13:139][  0]LogPackFactory: Copied "../../../Samples/StarterContent/Content/StarterContent/Shapes/Shape_Torus.uasset" to "X:/Unrealsaves/Maze/Content/StarterContent/Shapes/Shape_Torus.uasset"
[2018.01.02-11.35.13:148][  0]LogPackFactory: Copied "../../../Samples/StarterContent/Content/StarterContent/Shapes/Shape_Trim.uasset" to "X:/Unrealsaves/Maze/Content/StarterContent/Shapes/Shape_Trim.uasset"
[2018.01.02-11.35.13:157][  0]LogPackFactory: Copied "../../../Samples/StarterContent/Content/StarterContent/Shapes/Shape_Trim_90_In.uasset" to "X:/Unrealsaves/Maze/Content/StarterContent/Shapes/Shape_Trim_90_In.uasset"
[2018.01.02-11.35.13:168][  0]LogPackFactory: Copied "../../../Samples/StarterContent/Content/StarterContent/Shapes/Shape_Trim_90_Out.uasset" to "X:/Unrealsaves/Maze/Content/StarterContent/Shapes/Shape_Trim_90_Out.uasset"
[2018.01.02-11.35.13:176][  0]LogPackFactory: Copied "../../../Samples/StarterContent/Content/StarterContent/Shapes/Shape_TriPyramid.uasset" to "X:/Unrealsaves/Maze/Content/StarterContent/Shapes/Shape_TriPyramid.uasset"
[2018.01.02-11.35.13:186][  0]LogPackFactory: Copied "../../../Samples/StarterContent/Content/StarterContent/Shapes/Shape_Tube.uasset" to "X:/Unrealsaves/Maze/Content/StarterContent/Shapes/Shape_Tube.uasset"
[2018.01.02-11.35.13:196][  0]LogPackFactory: Copied "../../../Samples/StarterContent/Content/StarterContent/Shapes/Shape_Wedge_A.uasset" to "X:/Unrealsaves/Maze/Content/StarterContent/Shapes/Shape_Wedge_A.uasset"
[2018.01.02-11.35.13:207][  0]LogPackFactory: Copied "../../../Samples/StarterContent/Content/StarterContent/Shapes/Shape_Wedge_B.uasset" to "X:/Unrealsaves/Maze/Content/StarterContent/Shapes/Shape_Wedge_B.uasset"
[2018.01.02-11.35.13:217][  0]LogPackFactory: Copied "../../../Samples/StarterContent/Content/StarterContent/Shapes/Shape_WideCapsule.uasset" to "X:/Unrealsaves/Maze/Content/StarterContent/Shapes/Shape_WideCapsule.uasset"
[2018.01.02-11.35.13:330][  0]LogPackFactory: Copied "../../../Samples/StarterContent/Content/StarterContent/Textures/T_Brick_Clay_Beveled_D.uasset" to "X:/Unrealsaves/Maze/Content/StarterContent/Textures/T_Brick_Clay_Beveled_D.uasset"
[2018.01.02-11.35.13:479][  0]LogPackFactory: Copied "../../../Samples/StarterContent/Content/StarterContent/Textures/T_Brick_Clay_Beveled_M.uasset" to "X:/Unrealsaves/Maze/Content/StarterContent/Textures/T_Brick_Clay_Beveled_M.uasset"
[2018.01.02-11.35.13:592][  0]LogPackFactory: Copied "../../../Samples/StarterContent/Content/StarterContent/Textures/T_Brick_Clay_Beveled_N.uasset" to "X:/Unrealsaves/Maze/Content/StarterContent/Textures/T_Brick_Clay_Beveled_N.uasset"
[2018.01.02-11.35.13:653][  0]LogPackFactory: Copied "../../../Samples/StarterContent/Content/StarterContent/Textures/T_Brick_Clay_New_D.uasset" to "X:/Unrealsaves/Maze/Content/StarterContent/Textures/T_Brick_Clay_New_D.uasset"
[2018.01.02-11.35.13:753][  0]LogPackFactory: Copied "../../../Samples/StarterContent/Content/StarterContent/Textures/T_Brick_Clay_New_M.uasset" to "X:/Unrealsaves/Maze/Content/StarterContent/Textures/T_Brick_Clay_New_M.uasset"
[2018.01.02-11.35.13:839][  0]LogPackFactory: Copied "../../../Samples/StarterContent/Content/StarterContent/Textures/T_Brick_Clay_New_N.uasset" to "X:/Unrealsaves/Maze/Content/StarterContent/Textures/T_Brick_Clay_New_N.uasset"
[2018.01.02-11.35.13:958][  0]LogPackFactory: Copied "../../../Samples/StarterContent/Content/StarterContent/Textures/T_Brick_Clay_Old_D.uasset" to "X:/Unrealsaves/Maze/Content/StarterContent/Textures/T_Brick_Clay_Old_D.uasset"
[2018.01.02-11.35.14:022][  0]LogPackFactory: Copied "../../../Samples/StarterContent/Content/StarterContent/Textures/T_Brick_Clay_Old_N.uasset" to "X:/Unrealsaves/Maze/Content/StarterContent/Textures/T_Brick_Clay_Old_N.uasset"
[2018.01.02-11.35.15:146][  0]LogPackFactory: Copied "../../../Samples/StarterContent/Content/StarterContent/Textures/T_Brick_Cut_Stone_D.uasset" to "X:/Unrealsaves/Maze/Content/StarterContent/Textures/T_Brick_Cut_Stone_D.uasset"
[2018.01.02-11.35.15:403][  0]LogPackFactory: Copied "../../../Samples/StarterContent/Content/StarterContent/Textures/T_Brick_Cut_Stone_N.uasset" to "X:/Unrealsaves/Maze/Content/StarterContent/Textures/T_Brick_Cut_Stone_N.uasset"
[2018.01.02-11.35.15:480][  0]LogPackFactory: Copied "../../../Samples/StarterContent/Content/StarterContent/Textures/T_Brick_Hewn_Stone_D.uasset" to "X:/Unrealsaves/Maze/Content/StarterContent/Textures/T_Brick_Hewn_Stone_D.uasset"
[2018.01.02-11.35.15:549][  0]LogPackFactory: Copied "../../../Samples/StarterContent/Content/StarterContent/Textures/T_Brick_Hewn_Stone_M.uasset" to "X:/Unrealsaves/Maze/Content/StarterContent/Textures/T_Brick_Hewn_Stone_M.uasset"
[2018.01.02-11.35.15:629][  0]LogPackFactory: Copied "../../../Samples/StarterContent/Content/StarterContent/Textures/T_Brick_Hewn_Stone_N.uasset" to "X:/Unrealsaves/Maze/Content/StarterContent/Textures/T_Brick_Hewn_Stone_N.uasset"
[2018.01.02-11.35.15:838][  0]LogPackFactory: Copied "../../../Samples/StarterContent/Content/StarterContent/Textures/T_Burst_M.uasset" to "X:/Unrealsaves/Maze/Content/StarterContent/Textures/T_Burst_M.uasset"
[2018.01.02-11.35.15:861][  0]LogPackFactory: Copied "../../../Samples/StarterContent/Content/StarterContent/Textures/T_Bush_D.uasset" to "X:/Unrealsaves/Maze/Content/StarterContent/Textures/T_Bush_D.uasset"
[2018.01.02-11.35.15:878][  0]LogPackFactory: Copied "../../../Samples/StarterContent/Content/StarterContent/Textures/T_Bush_N.uasset" to "X:/Unrealsaves/Maze/Content/StarterContent/Textures/T_Bush_N.uasset"
[2018.01.02-11.35.15:890][  0]LogPackFactory: Copied "../../../Samples/StarterContent/Content/StarterContent/Textures/T_Ceramic_Tile_M.uasset" to "X:/Unrealsaves/Maze/Content/StarterContent/Textures/T_Ceramic_Tile_M.uasset"
[2018.01.02-11.35.16:249][  0]LogPackFactory: Copied "../../../Samples/StarterContent/Content/StarterContent/Textures/T_Ceramic_Tile_N.uasset" to "X:/Unrealsaves/Maze/Content/StarterContent/Textures/T_Ceramic_Tile_N.uasset"
[2018.01.02-11.35.16:272][  0]LogPackFactory: Copied "../../../Samples/StarterContent/Content/StarterContent/Textures/T_Chair_M.uasset" to "X:/Unrealsaves/Maze/Content/StarterContent/Textures/T_Chair_M.uasset"
[2018.01.02-11.35.16:327][  0]LogPackFactory: Copied "../../../Samples/StarterContent/Content/StarterContent/Textures/T_Chair_N.uasset" to "X:/Unrealsaves/Maze/Content/StarterContent/Textures/T_Chair_N.uasset"
[2018.01.02-11.35.16:342][  0]LogPackFactory: Copied "../../../Samples/StarterContent/Content/StarterContent/Textures/T_Checker_Noise_M.uasset" to "X:/Unrealsaves/Maze/Content/StarterContent/Textures/T_Checker_Noise_M.uasset"
[2018.01.02-11.35.16:618][  0]LogPackFactory: Copied "../../../Samples/StarterContent/Content/StarterContent/Textures/T_CobbleStone_Pebble_D.uasset" to "X:/Unrealsaves/Maze/Content/StarterContent/Textures/T_CobbleStone_Pebble_D.uasset"
[2018.01.02-11.35.16:647][  0]LogPackFactory: Copied "../../../Samples/StarterContent/Content/StarterContent/Textures/T_CobbleStone_Pebble_M.uasset" to "X:/Unrealsaves/Maze/Content/StarterContent/Textures/T_CobbleStone_Pebble_M.uasset"
[2018.01.02-11.35.16:755][  0]LogPackFactory: Copied "../../../Samples/StarterContent/Content/StarterContent/Textures/T_CobbleStone_Pebble_N.uasset" to "X:/Unrealsaves/Maze/Content/StarterContent/Textures/T_CobbleStone_Pebble_N.uasset"
[2018.01.02-11.35.16:802][  0]LogPackFactory: Copied "../../../Samples/StarterContent/Content/StarterContent/Textures/T_CobbleStone_Rough_D.uasset" to "X:/Unrealsaves/Maze/Content/StarterContent/Textures/T_CobbleStone_Rough_D.uasset"
[2018.01.02-11.35.16:965][  0]LogPackFactory: Copied "../../../Samples/StarterContent/Content/StarterContent/Textures/T_CobbleStone_Rough_N.uasset" to "X:/Unrealsaves/Maze/Content/StarterContent/Textures/T_CobbleStone_Rough_N.uasset"
[2018.01.02-11.35.17:130][  0]LogPackFactory: Copied "../../../Samples/StarterContent/Content/StarterContent/Textures/T_CobbleStone_Smooth_D.uasset" to "X:/Unrealsaves/Maze/Content/StarterContent/Textures/T_CobbleStone_Smooth_D.uasset"
[2018.01.02-11.35.17:190][  0]LogPackFactory: Copied "../../../Samples/StarterContent/Content/StarterContent/Textures/T_CobbleStone_Smooth_M.uasset" to "X:/Unrealsaves/Maze/Content/StarterContent/Textures/T_CobbleStone_Smooth_M.uasset"
[2018.01.02-11.35.17:308][  0]LogPackFactory: Copied "../../../Samples/StarterContent/Content/StarterContent/Textures/T_CobbleStone_Smooth_N.uasset" to "X:/Unrealsaves/Maze/Content/StarterContent/Textures/T_CobbleStone_Smooth_N.uasset"
[2018.01.02-11.35.17:596][  0]LogPackFactory: Copied "../../../Samples/StarterContent/Content/StarterContent/Textures/T_Concrete_Grime_D.uasset" to "X:/Unrealsaves/Maze/Content/StarterContent/Textures/T_Concrete_Grime_D.uasset"
[2018.01.02-11.35.17:666][  0]LogPackFactory: Copied "../../../Samples/StarterContent/Content/StarterContent/Textures/T_Concrete_Panels_D.uasset" to "X:/Unrealsaves/Maze/Content/StarterContent/Textures/T_Concrete_Panels_D.uasset"
[2018.01.02-11.35.17:730][  0]LogPackFactory: Copied "../../../Samples/StarterContent/Content/StarterContent/Textures/T_Concrete_Panels_N.uasset" to "X:/Unrealsaves/Maze/Content/StarterContent/Textures/T_Concrete_Panels_N.uasset"
[2018.01.02-11.35.17:826][  0]LogPackFactory: Copied "../../../Samples/StarterContent/Content/StarterContent/Textures/T_Concrete_Poured_D.uasset" to "X:/Unrealsaves/Maze/Content/StarterContent/Textures/T_Concrete_Poured_D.uasset"
[2018.01.02-11.35.18:269][  0]LogPackFactory: Copied "../../../Samples/StarterContent/Content/StarterContent/Textures/T_Concrete_Poured_N.uasset" to "X:/Unrealsaves/Maze/Content/StarterContent/Textures/T_Concrete_Poured_N.uasset"
[2018.01.02-11.35.18:323][  0]LogPackFactory: Copied "../../../Samples/StarterContent/Content/StarterContent/Textures/T_Concrete_Tiles_D.uasset" to "X:/Unrealsaves/Maze/Content/StarterContent/Textures/T_Concrete_Tiles_D.uasset"
[2018.01.02-11.35.18:373][  0]LogPackFactory: Copied "../../../Samples/StarterContent/Content/StarterContent/Textures/T_Concrete_Tiles_M.uasset" to "X:/Unrealsaves/Maze/Content/StarterContent/Textures/T_Concrete_Tiles_M.uasset"
[2018.01.02-11.35.18:433][  0]LogPackFactory: Copied "../../../Samples/StarterContent/Content/StarterContent/Textures/T_Concrete_Tiles_N.uasset" to "X:/Unrealsaves/Maze/Content/StarterContent/Textures/T_Concrete_Tiles_N.uasset"
[2018.01.02-11.35.19:721][  0]LogPackFactory: Copied "../../../Samples/StarterContent/Content/StarterContent/Textures/T_Concrete_Tiles_Variation_M.uasset" to "X:/Unrealsaves/Maze/Content/StarterContent/Textures/T_Concrete_Tiles_Variation_M.uasset"
[2018.01.02-11.35.19:747][  0]LogPackFactory: Copied "../../../Samples/StarterContent/Content/StarterContent/Textures/T_Detail_Rocky_N.uasset" to "X:/Unrealsaves/Maze/Content/StarterContent/Textures/T_Detail_Rocky_N.uasset"
[2018.01.02-11.35.19:759][  0]LogPackFactory: Copied "../../../Samples/StarterContent/Content/StarterContent/Textures/T_Door_M.uasset" to "X:/Unrealsaves/Maze/Content/StarterContent/Textures/T_Door_M.uasset"
[2018.01.02-11.35.19:774][  0]LogPackFactory: Copied "../../../Samples/StarterContent/Content/StarterContent/Textures/T_Door_N.uasset" to "X:/Unrealsaves/Maze/Content/StarterContent/Textures/T_Door_N.uasset"
[2018.01.02-11.35.19:966][  0]LogPackFactory: Copied "../../../Samples/StarterContent/Content/StarterContent/Textures/T_Dust_Particle_D.uasset" to "X:/Unrealsaves/Maze/Content/StarterContent/Textures/T_Dust_Particle_D.uasset"
[2018.01.02-11.35.20:003][  0]LogPackFactory: Copied "../../../Samples/StarterContent/Content/StarterContent/Textures/T_Explosion_SubUV.uasset" to "X:/Unrealsaves/Maze/Content/StarterContent/Textures/T_Explosion_SubUV.uasset"
[2018.01.02-11.35.20:024][  0]LogPackFactory: Copied "../../../Samples/StarterContent/Content/StarterContent/Textures/T_Fire_SubUV.uasset" to "X:/Unrealsaves/Maze/Content/StarterContent/Textures/T_Fire_SubUV.uasset"
[2018.01.02-11.35.20:045][  0]LogPackFactory: Copied "../../../Samples/StarterContent/Content/StarterContent/Textures/T_Fire_Tiled_D.uasset" to "X:/Unrealsaves/Maze/Content/StarterContent/Textures/T_Fire_Tiled_D.uasset"
[2018.01.02-11.35.20:128][  0]LogPackFactory: Copied "../../../Samples/StarterContent/Content/StarterContent/Textures/T_Frame_M.uasset" to "X:/Unrealsaves/Maze/Content/StarterContent/Textures/T_Frame_M.uasset"
[2018.01.02-11.35.20:155][  0]LogPackFactory: Copied "../../../Samples/StarterContent/Content/StarterContent/Textures/T_Frame_N.uasset" to "X:/Unrealsaves/Maze/Content/StarterContent/Textures/T_Frame_N.uasset"
[2018.01.02-11.35.20:167][  0]LogPackFactory: Copied "../../../Samples/StarterContent/Content/StarterContent/Textures/T_Gradinet_01.uasset" to "X:/Unrealsaves/Maze/Content/StarterContent/Textures/T_Gradinet_01.uasset"
[2018.01.02-11.35.20:271][  0]LogPackFactory: Copied "../../../Samples/StarterContent/Content/StarterContent/Textures/T_Ground_Grass_D.uasset" to "X:/Unrealsaves/Maze/Content/StarterContent/Textures/T_Ground_Grass_D.uasset"
[2018.01.02-11.35.20:415][  0]LogPackFactory: Copied "../../../Samples/StarterContent/Content/StarterContent/Textures/T_Ground_Grass_N.uasset" to "X:/Unrealsaves/Maze/Content/StarterContent/Textures/T_Ground_Grass_N.uasset"
[2018.01.02-11.35.20:483][  0]LogPackFactory: Copied "../../../Samples/StarterContent/Content/StarterContent/Textures/T_Ground_Gravel_D.uasset" to "X:/Unrealsaves/Maze/Content/StarterContent/Textures/T_Ground_Gravel_D.uasset"
[2018.01.02-11.35.20:532][  0]LogPackFactory: Copied "../../../Samples/StarterContent/Content/StarterContent/Textures/T_Ground_Gravel_N.uasset" to "X:/Unrealsaves/Maze/Content/StarterContent/Textures/T_Ground_Gravel_N.uasset"
[2018.01.02-11.35.20:725][  0]LogPackFactory: Copied "../../../Samples/StarterContent/Content/StarterContent/Textures/T_ground_Moss_D.uasset" to "X:/Unrealsaves/Maze/Content/StarterContent/Textures/T_ground_Moss_D.uasset"
[2018.01.02-11.35.20:843][  0]LogPackFactory: Copied "../../../Samples/StarterContent/Content/StarterContent/Textures/T_Ground_Moss_N.uasset" to "X:/Unrealsaves/Maze/Content/StarterContent/Textures/T_Ground_Moss_N.uasset"
[2018.01.02-11.35.20:866][  0]LogPackFactory: Copied "../../../Samples/StarterContent/Content/StarterContent/Textures/T_Lamp_M.uasset" to "X:/Unrealsaves/Maze/Content/StarterContent/Textures/T_Lamp_M.uasset"
[2018.01.02-11.35.20:900][  0]LogPackFactory: Copied "../../../Samples/StarterContent/Content/StarterContent/Textures/T_Lamp_N.uasset" to "X:/Unrealsaves/Maze/Content/StarterContent/Textures/T_Lamp_N.uasset"
[2018.01.02-11.35.20:996][  0]LogPackFactory: Copied "../../../Samples/StarterContent/Content/StarterContent/Textures/T_MacroVariation.uasset" to "X:/Unrealsaves/Maze/Content/StarterContent/Textures/T_MacroVariation.uasset"
[2018.01.02-11.35.21:093][  0]LogPackFactory: Copied "../../../Samples/StarterContent/Content/StarterContent/Textures/T_Metal_Aluminum_D.uasset" to "X:/Unrealsaves/Maze/Content/StarterContent/Textures/T_Metal_Aluminum_D.uasset"
[2018.01.02-11.35.21:154][  0]LogPackFactory: Copied "../../../Samples/StarterContent/Content/StarterContent/Textures/T_Metal_Copper_D.uasset" to "X:/Unrealsaves/Maze/Content/StarterContent/Textures/T_Metal_Copper_D.uasset"
[2018.01.02-11.35.21:233][  0]LogPackFactory: Copied "../../../Samples/StarterContent/Content/StarterContent/Textures/T_Metal_Gold_D.uasset" to "X:/Unrealsaves/Maze/Content/StarterContent/Textures/T_Metal_Gold_D.uasset"
[2018.01.02-11.35.21:266][  0]LogPackFactory: Copied "../../../Samples/StarterContent/Content/StarterContent/Textures/T_Metal_Gold_N.uasset" to "X:/Unrealsaves/Maze/Content/StarterContent/Textures/T_Metal_Gold_N.uasset"
[2018.01.02-11.35.21:422][  0]LogPackFactory: Copied "../../../Samples/StarterContent/Content/StarterContent/Textures/T_Metal_Rust_D.uasset" to "X:/Unrealsaves/Maze/Content/StarterContent/Textures/T_Metal_Rust_D.uasset"
[2018.01.02-11.35.21:495][  0]LogPackFactory: Copied "../../../Samples/StarterContent/Content/StarterContent/Textures/T_Metal_Rust_N.uasset" to "X:/Unrealsaves/Maze/Content/StarterContent/Textures/T_Metal_Rust_N.uasset"
[2018.01.02-11.35.21:540][  0]LogPackFactory: Copied "../../../Samples/StarterContent/Content/StarterContent/Textures/T_Metal_Steel_D.uasset" to "X:/Unrealsaves/Maze/Content/StarterContent/Textures/T_Metal_Steel_D.uasset"
[2018.01.02-11.35.21:594][  0]LogPackFactory: Copied "../../../Samples/StarterContent/Content/StarterContent/Textures/T_Metal_Steel_N.uasset" to "X:/Unrealsaves/Maze/Content/StarterContent/Textures/T_Metal_Steel_N.uasset"
[2018.01.02-11.35.21:705][  0]LogPackFactory: Copied "../../../Samples/StarterContent/Content/StarterContent/Textures/T_Perlin_Noise_M.uasset" to "X:/Unrealsaves/Maze/Content/StarterContent/Textures/T_Perlin_Noise_M.uasset"
[2018.01.02-11.35.21:744][  0]LogPackFactory: Copied "../../../Samples/StarterContent/Content/StarterContent/Textures/T_RockMesh_M.uasset" to "X:/Unrealsaves/Maze/Content/StarterContent/Textures/T_RockMesh_M.uasset"
[2018.01.02-11.35.21:791][  0]LogPackFactory: Copied "../../../Samples/StarterContent/Content/StarterContent/Textures/T_RockMesh_N.uasset" to "X:/Unrealsaves/Maze/Content/StarterContent/Textures/T_RockMesh_N.uasset"
[2018.01.02-11.35.21:881][  0]LogPackFactory: Copied "../../../Samples/StarterContent/Content/StarterContent/Textures/T_Rock_Basalt_D.uasset" to "X:/Unrealsaves/Maze/Content/StarterContent/Textures/T_Rock_Basalt_D.uasset"
[2018.01.02-11.35.22:148][  0]LogPackFactory: Copied "../../../Samples/StarterContent/Content/StarterContent/Textures/T_Rock_Basalt_N.uasset" to "X:/Unrealsaves/Maze/Content/StarterContent/Textures/T_Rock_Basalt_N.uasset"
[2018.01.02-11.35.22:211][  0]LogPackFactory: Copied "../../../Samples/StarterContent/Content/StarterContent/Textures/T_Rock_Marble_Polished_D.uasset" to "X:/Unrealsaves/Maze/Content/StarterContent/Textures/T_Rock_Marble_Polished_D.uasset"
[2018.01.02-11.35.22:292][  0]LogPackFactory: Copied "../../../Samples/StarterContent/Content/StarterContent/Textures/T_Rock_Sandstone_D.uasset" to "X:/Unrealsaves/Maze/Content/StarterContent/Textures/T_Rock_Sandstone_D.uasset"
[2018.01.02-11.35.22:364][  0]LogPackFactory: Copied "../../../Samples/StarterContent/Content/StarterContent/Textures/T_Rock_Sandstone_N.uasset" to "X:/Unrealsaves/Maze/Content/StarterContent/Textures/T_Rock_Sandstone_N.uasset"
[2018.01.02-11.35.23:124][  0]LogPackFactory: Copied "../../../Samples/StarterContent/Content/StarterContent/Textures/T_Rock_Slate_D.uasset" to "X:/Unrealsaves/Maze/Content/StarterContent/Textures/T_Rock_Slate_D.uasset"
[2018.01.02-11.35.23:195][  0]LogPackFactory: Copied "../../../Samples/StarterContent/Content/StarterContent/Textures/T_Rock_Slate_N.uasset" to "X:/Unrealsaves/Maze/Content/StarterContent/Textures/T_Rock_Slate_N.uasset"
[2018.01.02-11.35.23:265][  0]LogPackFactory: Copied "../../../Samples/StarterContent/Content/StarterContent/Textures/T_Rock_Smooth_Granite_D.uasset" to "X:/Unrealsaves/Maze/Content/StarterContent/Textures/T_Rock_Smooth_Granite_D.uasset"
[2018.01.02-11.35.23:279][  0]LogPackFactory: Copied "../../../Samples/StarterContent/Content/StarterContent/Textures/T_Shelf_M.uasset" to "X:/Unrealsaves/Maze/Content/StarterContent/Textures/T_Shelf_M.uasset"
[2018.01.02-11.35.23:403][  0]LogPackFactory: Copied "../../../Samples/StarterContent/Content/StarterContent/Textures/T_Shelf_N.uasset" to "X:/Unrealsaves/Maze/Content/StarterContent/Textures/T_Shelf_N.uasset"
[2018.01.02-11.35.23:410][  0]LogPackFactory: Copied "../../../Samples/StarterContent/Content/StarterContent/Textures/T_Single_Tile_N.uasset" to "X:/Unrealsaves/Maze/Content/StarterContent/Textures/T_Single_Tile_N.uasset"
[2018.01.02-11.35.23:438][  0]LogPackFactory: Copied "../../../Samples/StarterContent/Content/StarterContent/Textures/T_Smoke_SubUV.uasset" to "X:/Unrealsaves/Maze/Content/StarterContent/Textures/T_Smoke_SubUV.uasset"
[2018.01.02-11.35.23:447][  0]LogPackFactory: Copied "../../../Samples/StarterContent/Content/StarterContent/Textures/T_Smoke_Tiled_D.uasset" to "X:/Unrealsaves/Maze/Content/StarterContent/Textures/T_Smoke_Tiled_D.uasset"
[2018.01.02-11.35.23:493][  0]LogPackFactory: Copied "../../../Samples/StarterContent/Content/StarterContent/Textures/T_Spark_Core.uasset" to "X:/Unrealsaves/Maze/Content/StarterContent/Textures/T_Spark_Core.uasset"
[2018.01.02-11.35.23:520][  0]LogPackFactory: Copied "../../../Samples/StarterContent/Content/StarterContent/Textures/T_Statue_M.uasset" to "X:/Unrealsaves/Maze/Content/StarterContent/Textures/T_Statue_M.uasset"
[2018.01.02-11.35.23:532][  0]LogPackFactory: Copied "../../../Samples/StarterContent/Content/StarterContent/Textures/T_Statue_N.uasset" to "X:/Unrealsaves/Maze/Content/StarterContent/Textures/T_Statue_N.uasset"
[2018.01.02-11.35.24:005][  0]LogPackFactory: Copied "../../../Samples/StarterContent/Content/StarterContent/Textures/T_TableRound_M.uasset" to "X:/Unrealsaves/Maze/Content/StarterContent/Textures/T_TableRound_M.uasset"
[2018.01.02-11.35.24:117][  0]LogPackFactory: Copied "../../../Samples/StarterContent/Content/StarterContent/Textures/T_TableRound_N.uasset" to "X:/Unrealsaves/Maze/Content/StarterContent/Textures/T_TableRound_N.uasset"
[2018.01.02-11.35.24:127][  0]LogPackFactory: Copied "../../../Samples/StarterContent/Content/StarterContent/Textures/T_Tech_Dot_M.uasset" to "X:/Unrealsaves/Maze/Content/StarterContent/Textures/T_Tech_Dot_M.uasset"
[2018.01.02-11.35.24:137][  0]LogPackFactory: Copied "../../../Samples/StarterContent/Content/StarterContent/Textures/T_Tech_Dot_N.uasset" to "X:/Unrealsaves/Maze/Content/StarterContent/Textures/T_Tech_Dot_N.uasset"
[2018.01.02-11.35.24:151][  0]LogPackFactory: Copied "../../../Samples/StarterContent/Content/StarterContent/Textures/T_Tech_Hex_Tile_M.uasset" to "X:/Unrealsaves/Maze/Content/StarterContent/Textures/T_Tech_Hex_Tile_M.uasset"
[2018.01.02-11.35.24:276][  0]LogPackFactory: Copied "../../../Samples/StarterContent/Content/StarterContent/Textures/T_Tech_Hex_Tile_N.uasset" to "X:/Unrealsaves/Maze/Content/StarterContent/Textures/T_Tech_Hex_Tile_N.uasset"
[2018.01.02-11.35.24:319][  0]LogPackFactory: Copied "../../../Samples/StarterContent/Content/StarterContent/Textures/T_Tech_Panel_M.uasset" to "X:/Unrealsaves/Maze/Content/StarterContent/Textures/T_Tech_Panel_M.uasset"
[2018.01.02-11.35.24:352][  0]LogPackFactory: Copied "../../../Samples/StarterContent/Content/StarterContent/Textures/T_Tech_Panel_N.uasset" to "X:/Unrealsaves/Maze/Content/StarterContent/Textures/T_Tech_Panel_N.uasset"
[2018.01.02-11.35.24:385][  0]LogPackFactory: Copied "../../../Samples/StarterContent/Content/StarterContent/Textures/T_Water_M.uasset" to "X:/Unrealsaves/Maze/Content/StarterContent/Textures/T_Water_M.uasset"
[2018.01.02-11.35.24:613][  0]LogPackFactory: Copied "../../../Samples/StarterContent/Content/StarterContent/Textures/T_Water_N.uasset" to "X:/Unrealsaves/Maze/Content/StarterContent/Textures/T_Water_N.uasset"
[2018.01.02-11.35.24:665][  0]LogPackFactory: Copied "../../../Samples/StarterContent/Content/StarterContent/Textures/T_Wood_Floor_Walnut_D.uasset" to "X:/Unrealsaves/Maze/Content/StarterContent/Textures/T_Wood_Floor_Walnut_D.uasset"
[2018.01.02-11.35.24:831][  0]LogPackFactory: Copied "../../../Samples/StarterContent/Content/StarterContent/Textures/T_Wood_Floor_Walnut_M.uasset" to "X:/Unrealsaves/Maze/Content/StarterContent/Textures/T_Wood_Floor_Walnut_M.uasset"
[2018.01.02-11.35.25:088][  0]LogPackFactory: Copied "../../../Samples/StarterContent/Content/StarterContent/Textures/T_Wood_Floor_Walnut_N.uasset" to "X:/Unrealsaves/Maze/Content/StarterContent/Textures/T_Wood_Floor_Walnut_N.uasset"
[2018.01.02-11.35.25:136][  0]LogPackFactory: Copied "../../../Samples/StarterContent/Content/StarterContent/Textures/T_Wood_Oak_D.uasset" to "X:/Unrealsaves/Maze/Content/StarterContent/Textures/T_Wood_Oak_D.uasset"
[2018.01.02-11.35.25:186][  0]LogPackFactory: Copied "../../../Samples/StarterContent/Content/StarterContent/Textures/T_Wood_Oak_N.uasset" to "X:/Unrealsaves/Maze/Content/StarterContent/Textures/T_Wood_Oak_N.uasset"
[2018.01.02-11.35.25:255][  0]LogPackFactory: Copied "../../../Samples/StarterContent/Content/StarterContent/Textures/T_Wood_Pine_D.uasset" to "X:/Unrealsaves/Maze/Content/StarterContent/Textures/T_Wood_Pine_D.uasset"
[2018.01.02-11.35.25:369][  0]LogPackFactory: Copied "../../../Samples/StarterContent/Content/StarterContent/Textures/T_Wood_Pine_N.uasset" to "X:/Unrealsaves/Maze/Content/StarterContent/Textures/T_Wood_Pine_N.uasset"
[2018.01.02-11.35.25:427][  0]LogPackFactory: Copied "../../../Samples/StarterContent/Content/StarterContent/Textures/T_Wood_Walnut_D.uasset" to "X:/Unrealsaves/Maze/Content/StarterContent/Textures/T_Wood_Walnut_D.uasset"
[2018.01.02-11.35.25:470][  0]LogPackFactory: Copied "../../../Samples/StarterContent/Content/StarterContent/Textures/T_Wood_Walnut_N.uasset" to "X:/Unrealsaves/Maze/Content/StarterContent/Textures/T_Wood_Walnut_N.uasset"
[2018.01.02-11.35.25:653][  0]LogRenderer: Reallocating scene render targets to support 256x256 Format 10 NumSamples 1 (Frame:1).
[2018.01.02-11.35.25:754][  0]Cmd: OBJ SAVEPACKAGE PACKAGE="/Game/StarterContent/Architecture/Floor_400x400" FILE="X:/Unrealsaves/Maze/Content/StarterContent/Architecture/Floor_400x400.uasset" SILENT=true
[2018.01.02-11.35.25:865][  0]LogSavePackage: Save=31.05ms
[2018.01.02-11.35.25:865][  0]LogSavePackage: Moving 'X:/Unrealsaves/Maze/Saved/Floor_400x40046DD8B224FA260AE2EFA22825AB7A220.tmp' to 'X:/Unrealsaves/Maze/Content/StarterContent/Architecture/Floor_400x400.uasset'
[2018.01.02-11.35.25:872][  0]LogSavePackage: Display: Finished SavePackage X:/Unrealsaves/Maze/Content/StarterContent/Architecture/Floor_400x400.uasset
[2018.01.02-11.35.25:872][  0]LogFeaturePack: Warning: Inserted 1 feature packs
[2018.01.02-11.35.25:878][  0]Cmd: MAP LOAD FILE="X:/Unrealsaves/Maze/Content/ThirdPersonBP/Maps/ThirdPersonExampleMap.umap" TEMPLATE=0 SHOWPROGRESS=1 FEATURELEVEL=3
[2018.01.02-11.35.25:878][  0]LightingResults: New page: Lighting Build
[2018.01.02-11.35.25:947][  0]MapCheck: New page: Map Check
[2018.01.02-11.35.25:947][  0]LightingResults: New page: Lighting Build
[2018.01.02-11.35.26:535][  0]LogAIModule: Creating AISystem for world ThirdPersonExampleMap
[2018.01.02-11.35.26:547][  0]LogEditorServer: Finished looking for orphan Actors (0.000 secs)
[2018.01.02-11.35.26:560][  0]Cmd: MAP CHECKDEP NOCLEARLOG
[2018.01.02-11.35.26:629][  0]MapCheck: Map check complete: 0 Error(s), 0 Warning(s), took 69.217ms to complete.
[2018.01.02-11.35.26:629][  0]LogFileHelpers: Loading map 'ThirdPersonExampleMap' took 0.751
[2018.01.02-11.35.26:697][  0]LogWindowsTextInputMethodSystem: Display: IME system now deactivated.
[2018.01.02-11.35.26:889][  0]LogCollectionManager: Loaded 0 collections in 0.002276 seconds
[2018.01.02-11.35.27:341][  0]LogFileCache: Scanning file cache for directory 'X:/Unrealsaves/Maze/Saved/Collections/' took 0.01s
[2018.01.02-11.35.27:341][  0]LogFileCache: Scanning file cache for directory 'X:/Unrealsaves/Maze/Content/Developers/maffa/Collections/' took 0.01s
[2018.01.02-11.35.27:341][  0]LogFileCache: Scanning file cache for directory 'X:/Unrealsaves/Maze/Content/Collections/' took 0.01s
[2018.01.02-11.35.27:341][  0]LogCollectionManager: Rebuilt the GUID cache for 0 collections in 0.000001 seconds
[2018.01.02-11.35.27:357][  0]LogContentBrowser: Native class hierarchy populated in 0.0138 seconds. Added 2363 classes and 519 folders.
[2018.01.02-11.35.27:468][  0]LogContentBrowser: Native class hierarchy updated for 'WidgetCarousel' in 0.0003 seconds. Added 0 classes and 0 folders.
[2018.01.02-11.35.27:518][  0]LogContentBrowser: Native class hierarchy updated for 'AddContentDialog' in 0.0003 seconds. Added 0 classes and 0 folders.
[2018.01.02-11.35.27:590][  0]LogContentBrowser: Native class hierarchy updated for 'SceneOutliner' in 0.0004 seconds. Added 1 classes and 2 folders.
[2018.01.02-11.35.27:751][  0]LogSlate: Took 0.000207 seconds to synchronously load lazily loaded font '../../../Engine/Content/Slate/Fonts/Roboto-Regular.ttf' (155K)
[2018.01.02-11.35.27:753][  0]LogSlate: Took 0.000194 seconds to synchronously load lazily loaded font '../../../Engine/Content/Slate/Fonts/Roboto-Bold.ttf' (160K)
[2018.01.02-11.35.27:765][  0]LogSlate: Took 0.005977 seconds to synchronously load lazily loaded font '../../../Engine/Content/Editor/Slate/Fonts/FontAwesome.ttf' (139K)
[2018.01.02-11.35.27:855][  0]LogRenderer: Reallocating scene render targets to support 1160x576 Format 10 NumSamples 1 (Frame:1).
[2018.01.02-11.35.27:925][  0]LogSlate: Took 0.000219 seconds to synchronously load lazily loaded font '../../../Engine/Content/Slate/Fonts/Roboto-Light.ttf' (159K)
[2018.01.02-11.35.28:126][  0]LogContentBrowser: Native class hierarchy updated for 'HierarchicalLODOutliner' in 0.0004 seconds. Added 1 classes and 2 folders.
[2018.01.02-11.35.28:126][  0]LogLoad: (Engine Initialization) Total time: 41.90 seconds
[2018.01.02-11.35.28:126][  0]LogLoad: (Engine Initialization) Total Blueprint compile time: 0.00 seconds
[2018.01.02-11.35.28:126][  0]LogExternalProfiler: Found external profiler: VSPerf
[2018.01.02-11.35.28:126][  0]LogExternalProfiler: Using external profiler: VSPerf
[2018.01.02-11.35.28:518][  0]LogContentStreaming: Texture pool size now 1000 MB
[2018.01.02-11.35.28:595][  1]LogAssetRegistry: Asset discovery search completed in 33.2505 seconds
[2018.01.02-11.35.28:597][  1]LogCollectionManager: Rebuilt the object cache for 0 collections in 0.000000 seconds (found 0 objects)
[2018.01.02-11.35.28:597][  1]LogCollectionManager: Fixed up redirectors for 0 collections in 0.000043 seconds (updated 0 objects)
[2018.01.02-11.37.33:255][631]LogDirectoryWatcher: Warning: Failed to begin reading directory changes for X:/Unrealsaves/Maze/Plugins/. Error: The system cannot find the file specified. (0x00000002)
[2018.01.02-11.37.36:350][768]LogDirectoryWatcher: A directory notification for '../../../Engine/Plugins/' was aborted.
