Log file open, 01/02/18 16:30:40
LogWindows: Failed to load 'aqProf.dll' (GetLastError=126)
LogWindows: File 'aqProf.dll' does not exist
LogWindows: Failed to load 'VtuneApi.dll' (GetLastError=126)
LogWindows: File 'VtuneApi.dll' does not exist
LogWindows: Failed to load 'VtuneApi32e.dll' (GetLastError=126)
LogWindows: File 'VtuneApi32e.dll' does not exist
LogInit: Display: Running engine for game: Maze
LogPlatformFile: Not using cached read wrapper
LogInit: Display: RandInit(137451935) SRandInit(137451935).
LogInit: Read version file with build ID '3709383'
LogInit: Overriding engine version to CL 3794801, compatible CL 3709383
LogInit: Registered custom module enumerator with build ID '3709383'
LogTaskGraph: Started task graph with 5 named threads and 14 total threads with 3 sets of task threads.
LogStats: Stats thread started at 1.011289
LogD3D11RHI: Aftermath initialized
LogModuleManager: Display: Found up-to-date module file ../../../Engine/Plugins/2D/Paper2D/Binaries/Win64/UE4Editor-Paper2D.dll (API version 3709383).
LogModuleManager: Display: Found up-to-date module file ../../../Engine/Plugins/2D/Paper2D/Binaries/Win64/UE4Editor-Paper2DEditor.dll (API version 3709383).
LogModuleManager: Display: Found up-to-date module file ../../../Engine/Plugins/2D/Paper2D/Binaries/Win64/UE4Editor-PaperSpriteSheetImporter.dll (API version 3709383).
LogModuleManager: Display: Found up-to-date module file ../../../Engine/Plugins/2D/Paper2D/Binaries/Win64/UE4Editor-PaperTiledImporter.dll (API version 3709383).
LogModuleManager: Display: Found up-to-date module file ../../../Engine/Plugins/2D/Paper2D/Binaries/Win64/UE4Editor-SmartSnapping.dll (API version 3709383).
LogModuleManager: Display: Found up-to-date module file ../../../Engine/Plugins/Blendables/LightPropagationVolume/Binaries/Win64/UE4Editor-LightPropagationVolumeRuntime.dll (API version 3709383).
LogModuleManager: Display: Found up-to-date module file ../../../Engine/Plugins/Blendables/LightPropagationVolume/Binaries/Win64/UE4Editor-LightPropagationVolumeEditor.dll (API version 3709383).
LogModuleManager: Display: Found up-to-date module file ../../../Engine/Plugins/Developer/GitSourceControl/Binaries/Win64/UE4Editor-GitSourceControl.dll (API version 3709383).
LogModuleManager: Display: Found up-to-date module file ../../../Engine/Plugins/Developer/PerforceSourceControl/Binaries/Win64/UE4Editor-PerforceSourceControl.dll (API version 3709383).
LogModuleManager: Display: Found up-to-date module file ../../../Engine/Plugins/Developer/SubversionSourceControl/Binaries/Win64/UE4Editor-SubversionSourceControl.dll (API version 3709383).
LogModuleManager: Display: Found up-to-date module file ../../../Engine/Plugins/Developer/UObjectPlugin/Binaries/Win64/UE4Editor-UObjectPlugin.dll (API version 3709383).
LogModuleManager: Display: Found up-to-date module file ../../../Engine/Plugins/Developer/VisualStudioCodeSourceCodeAccess/Binaries/Win64/UE4Editor-VisualStudioCodeSourceCodeAccess.dll (API version 3709383).
LogModuleManager: Display: Found up-to-date module file ../../../Engine/Plugins/Developer/VisualStudioSourceCodeAccess/Binaries/Win64/UE4Editor-VisualStudioSourceCodeAccess.dll (API version 3709383).
LogModuleManager: Display: Found up-to-date module file ../../../Engine/Plugins/Editor/AssetManagerEditor/Binaries/Win64/UE4Editor-AssetManagerEditor.dll (API version 3709383).
LogModuleManager: Display: Found up-to-date module file ../../../Engine/Plugins/Editor/AudioCapture/Binaries/Win64/UE4Editor-AudioCapture.dll (API version 3709383).
LogModuleManager: Display: Found up-to-date module file ../../../Engine/Plugins/Editor/FacialAnimation/Binaries/Win64/UE4Editor-FacialAnimation.dll (API version 3709383).
LogModuleManager: Display: Found up-to-date module file ../../../Engine/Plugins/Editor/FacialAnimation/Binaries/Win64/UE4Editor-FacialAnimationEditor.dll (API version 3709383).
LogModuleManager: Display: Found up-to-date module file ../../../Engine/Plugins/Editor/GameplayTagsEditor/Binaries/Win64/UE4Editor-GameplayTagsEditor.dll (API version 3709383).
LogModuleManager: Display: Found up-to-date module file ../../../Engine/Plugins/Editor/MobileLauncherProfileWizard/Binaries/Win64/UE4Editor-MobileLauncherProfileWizard.dll (API version 3709383).
LogModuleManager: Display: Found up-to-date module file ../../../Engine/Plugins/Editor/PluginBrowser/Binaries/Win64/UE4Editor-PluginBrowser.dll (API version 3709383).
LogModuleManager: Display: Found up-to-date module file ../../../Engine/Plugins/Editor/SpeedTreeImporter/Binaries/Win64/UE4Editor-SpeedTreeImporter.dll (API version 3709383).
LogModuleManager: Display: Found up-to-date module file ../../../Engine/Plugins/Experimental/AlembicImporter/Binaries/Win64/UE4Editor-AlembicImporter.dll (API version 3709383).
LogModuleManager: Display: Found up-to-date module file ../../../Engine/Plugins/Experimental/AlembicImporter/Binaries/Win64/UE4Editor-AlembicLibrary.dll (API version 3709383).
LogModuleManager: Display: Found up-to-date module file ../../../Engine/Plugins/Experimental/CharacterAI/Binaries/Win64/UE4Editor-CharacterAI.dll (API version 3709383).
LogModuleManager: Display: Found up-to-date module file ../../../Engine/Plugins/Experimental/HTML5Networking/Binaries/Win64/UE4Editor-HTML5Networking.dll (API version 3709383).
LogModuleManager: Display: Found up-to-date module file ../../../Engine/Plugins/Media/AndroidMedia/Binaries/Win64/UE4Editor-AndroidMediaEditor.dll (API version 3709383).
LogModuleManager: Display: Found up-to-date module file ../../../Engine/Plugins/Media/AndroidMedia/Binaries/Win64/UE4Editor-AndroidMediaFactory.dll (API version 3709383).
LogModuleManager: Display: Found up-to-date module file ../../../Engine/Plugins/Media/AvfMedia/Binaries/Win64/UE4Editor-AvfMediaEditor.dll (API version 3709383).
LogModuleManager: Display: Found up-to-date module file ../../../Engine/Plugins/Media/AvfMedia/Binaries/Win64/UE4Editor-AvfMediaFactory.dll (API version 3709383).
LogModuleManager: Display: Found up-to-date module file ../../../Engine/Plugins/Media/AvfMedia/Binaries/Win64/UE4Editor-AvfMediaFactory.dll (API version 3709383).
LogModuleManager: Display: Found up-to-date module file ../../../Engine/Plugins/Media/ImgMedia/Binaries/Win64/UE4Editor-ImgMedia.dll (API version 3709383).
LogModuleManager: Display: Found up-to-date module file ../../../Engine/Plugins/Media/ImgMedia/Binaries/Win64/UE4Editor-ImgMediaEditor.dll (API version 3709383).
LogModuleManager: Display: Found up-to-date module file ../../../Engine/Plugins/Media/ImgMedia/Binaries/Win64/UE4Editor-ImgMediaFactory.dll (API version 3709383).
LogModuleManager: Display: Found up-to-date module file ../../../Engine/Plugins/Media/ImgMedia/Binaries/Win64/UE4Editor-ImgMediaFactory.dll (API version 3709383).
LogModuleManager: Display: Found up-to-date module file ../../../Engine/Plugins/Media/ImgMedia/Binaries/Win64/UE4Editor-OpenExrWrapper.dll (API version 3709383).
LogModuleManager: Display: Found up-to-date module file ../../../Engine/Plugins/Media/MediaCompositing/Binaries/Win64/UE4Editor-MediaCompositing.dll (API version 3709383).
LogModuleManager: Display: Found up-to-date module file ../../../Engine/Plugins/Media/MediaCompositing/Binaries/Win64/UE4Editor-MediaCompositingEditor.dll (API version 3709383).
LogModuleManager: Display: Found up-to-date module file ../../../Engine/Plugins/Media/MediaPlayerEditor/Binaries/Win64/UE4Editor-MediaPlayerEditor.dll (API version 3709383).
LogModuleManager: Display: Found up-to-date module file ../../../Engine/Plugins/Media/WmfMedia/Binaries/Win64/UE4Editor-WmfMedia.dll (API version 3709383).
LogModuleManager: Display: Found up-to-date module file ../../../Engine/Plugins/Media/WmfMedia/Binaries/Win64/UE4Editor-WmfMediaEditor.dll (API version 3709383).
LogModuleManager: Display: Found up-to-date module file ../../../Engine/Plugins/Media/WmfMedia/Binaries/Win64/UE4Editor-WmfMediaFactory.dll (API version 3709383).
LogModuleManager: Display: Found up-to-date module file ../../../Engine/Plugins/Media/WmfMedia/Binaries/Win64/UE4Editor-WmfMediaFactory.dll (API version 3709383).
LogModuleManager: Display: Found up-to-date module file ../../../Engine/Plugins/Messaging/TcpMessaging/Binaries/Win64/UE4Editor-TcpMessaging.dll (API version 3709383).
LogModuleManager: Display: Found up-to-date module file ../../../Engine/Plugins/Messaging/UdpMessaging/Binaries/Win64/UE4Editor-UdpMessaging.dll (API version 3709383).
LogModuleManager: Display: Found up-to-date module file ../../../Engine/Plugins/MovieScene/ActorSequence/Binaries/Win64/UE4Editor-ActorSequence.dll (API version 3709383).
LogModuleManager: Display: Found up-to-date module file ../../../Engine/Plugins/MovieScene/LevelSequenceEditor/Binaries/Win64/UE4Editor-LevelSequenceEditor.dll (API version 3709383).
LogModuleManager: Display: Found up-to-date module file ../../../Engine/Plugins/MovieScene/MatineeToLevelSequence/Binaries/Win64/UE4Editor-MatineeToLevelSequence.dll (API version 3709383).
LogModuleManager: Display: Found up-to-date module file ../../../Engine/Plugins/Online/OnlineSubsystem/Binaries/Win64/UE4Editor-OnlineSubsystem.dll (API version 3709383).
LogModuleManager: Display: Found up-to-date module file ../../../Engine/Plugins/Runtime/AndroidPermission/Binaries/Win64/UE4Editor-AndroidPermission.dll (API version 3709383).
LogModuleManager: Display: Found up-to-date module file ../../../Engine/Plugins/Online/OnlineSubsystemNull/Binaries/Win64/UE4Editor-OnlineSubsystemNull.dll (API version 3709383).
LogModuleManager: Display: Found up-to-date module file ../../../Engine/Plugins/Online/OnlineSubsystemUtils/Binaries/Win64/UE4Editor-OnlineSubsystemUtils.dll (API version 3709383).
LogModuleManager: Display: Found up-to-date module file ../../../Engine/Plugins/Online/OnlineSubsystemUtils/Binaries/Win64/UE4Editor-OnlineBlueprintSupport.dll (API version 3709383).
LogModuleManager: Display: Found up-to-date module file ../../../Engine/Plugins/Runtime/AndroidDeviceProfileSelector/Binaries/Win64/UE4Editor-AndroidDeviceProfileSelector.dll (API version 3709383).
LogModuleManager: Display: Found up-to-date module file ../../../Engine/Plugins/Runtime/AppleARKit/Binaries/Win64/UE4Editor-AppleARKit.dll (API version 3709383).
LogModuleManager: Display: Found up-to-date module file ../../../Engine/Plugins/Runtime/ArchVisCharacter/Binaries/Win64/UE4Editor-ArchVisCharacter.dll (API version 3709383).
LogModuleManager: Display: Found up-to-date module file ../../../Engine/Plugins/Runtime/CableComponent/Binaries/Win64/UE4Editor-CableComponent.dll (API version 3709383).
LogModuleManager: Display: Found up-to-date module file ../../../Engine/Plugins/Runtime/CustomMeshComponent/Binaries/Win64/UE4Editor-CustomMeshComponent.dll (API version 3709383).
LogModuleManager: Display: Found up-to-date module file ../../../Engine/Plugins/Runtime/ExampleDeviceProfileSelector/Binaries/Win64/UE4Editor-ExampleDeviceProfileSelector.dll (API version 3709383).
LogModuleManager: Display: Found up-to-date module file ../../../Engine/Plugins/Runtime/ImmediatePhysics/Binaries/Win64/UE4Editor-ImmediatePhysics.dll (API version 3709383).
LogModuleManager: Display: Found up-to-date module file ../../../Engine/Plugins/Runtime/ImmediatePhysics/Binaries/Win64/UE4Editor-ImmediatePhysicsEditor.dll (API version 3709383).
LogModuleManager: Display: Found up-to-date module file ../../../Engine/Plugins/Runtime/LocationServicesBPLibrary/Binaries/Win64/UE4Editor-LocationServicesBPLibrary.dll (API version 3709383).
LogModuleManager: Display: Found up-to-date module file ../../../Engine/Plugins/Runtime/MobilePatchingUtils/Binaries/Win64/UE4Editor-MobilePatchingUtils.dll (API version 3709383).
LogModuleManager: Display: Found up-to-date module file ../../../Engine/Plugins/Runtime/Oculus/OculusVR/Binaries/Win64/UE4Editor-OculusHMD.dll (API version 3709383).
LogModuleManager: Display: Found up-to-date module file ../../../Engine/Plugins/Runtime/Oculus/OculusVR/Binaries/Win64/UE4Editor-OculusInput.dll (API version 3709383).
LogModuleManager: Display: Found up-to-date module file ../../../Engine/Plugins/Runtime/Oculus/OculusVR/Binaries/Win64/UE4Editor-OculusEditor.dll (API version 3709383).
LogModuleManager: Display: Found up-to-date module file ../../../Engine/Plugins/Runtime/PhysXVehicles/Binaries/Win64/UE4Editor-PhysXVehicles.dll (API version 3709383).
LogModuleManager: Display: Found up-to-date module file ../../../Engine/Plugins/Runtime/PhysXVehicles/Binaries/Win64/UE4Editor-PhysXVehiclesEditor.dll (API version 3709383).
LogModuleManager: Display: Found up-to-date module file ../../../Engine/Plugins/Runtime/ProceduralMeshComponent/Binaries/Win64/UE4Editor-ProceduralMeshComponent.dll (API version 3709383).
LogModuleManager: Display: Found up-to-date module file ../../../Engine/Plugins/Runtime/ProceduralMeshComponent/Binaries/Win64/UE4Editor-ProceduralMeshComponentEditor.dll (API version 3709383).
LogModuleManager: Display: Found up-to-date module file ../../../Engine/Plugins/Runtime/RuntimePhysXCooking/Binaries/Win64/UE4Editor-RuntimePhysXCooking.dll (API version 3709383).
LogModuleManager: Display: Found up-to-date module file ../../../Engine/Plugins/Runtime/Steam/SteamVR/Binaries/Win64/UE4Editor-SteamVR.dll (API version 3709383).
LogModuleManager: Display: Found up-to-date module file ../../../Engine/Plugins/Runtime/Steam/SteamVR/Binaries/Win64/UE4Editor-SteamVRController.dll (API version 3709383).
LogModuleManager: Display: Found up-to-date module file ../../../Engine/Plugins/Runtime/WindowsMoviePlayer/Binaries/Win64/UE4Editor-WindowsMoviePlayer.dll (API version 3709383).
LogPluginManager: Mounting plugin Paper2D
LogPluginManager: Mounting plugin LightPropagationVolume
LogPluginManager: Mounting plugin CodeLiteSourceCodeAccess
LogPluginManager: Mounting plugin GitSourceControl
LogPluginManager: Mounting plugin KDevelopSourceCodeAccess
LogPluginManager: Mounting plugin NullSourceCodeAccess
LogPluginManager: Mounting plugin PerforceSourceControl
LogPluginManager: Mounting plugin SubversionSourceControl
LogPluginManager: Mounting plugin UObjectPlugin
LogPluginManager: Mounting plugin VisualStudioCodeSourceCodeAccess
LogPluginManager: Mounting plugin VisualStudioSourceCodeAccess
LogPluginManager: Mounting plugin XCodeSourceCodeAccess
LogPluginManager: Mounting plugin AssetManagerEditor
LogPluginManager: Mounting plugin AudioCapture
LogPluginManager: Mounting plugin FacialAnimation
LogPluginManager: Mounting plugin GameplayTagsEditor
LogPluginManager: Mounting plugin MobileLauncherProfileWizard
LogPluginManager: Mounting plugin PluginBrowser
LogPluginManager: Mounting plugin SpeedTreeImporter
LogPluginManager: Mounting plugin AlembicImporter
LogPluginManager: Mounting plugin CharacterAI
LogPluginManager: Mounting plugin HTML5Networking
LogPluginManager: Mounting plugin AndroidMedia
LogPluginManager: Mounting plugin AvfMedia
LogPluginManager: Mounting plugin ImgMedia
LogPluginManager: Mounting plugin MediaCompositing
LogPluginManager: Mounting plugin MediaPlayerEditor
LogPluginManager: Mounting plugin WmfMedia
LogPluginManager: Mounting plugin TcpMessaging
LogPluginManager: Mounting plugin UdpMessaging
LogPluginManager: Mounting plugin ActorSequence
LogPluginManager: Mounting plugin LevelSequenceEditor
LogPluginManager: Mounting plugin MatineeToLevelSequence
LogPluginManager: Mounting plugin OnlineSubsystemGooglePlay
LogPluginManager: Mounting plugin OnlineSubsystemIOS
LogPluginManager: Mounting plugin OnlineSubsystem
LogPluginManager: Mounting plugin OnlineSubsystemNull
LogPluginManager: Mounting plugin OnlineSubsystemUtils
LogPluginManager: Mounting plugin AndroidDeviceProfileSelector
LogPluginManager: Mounting plugin AndroidMoviePlayer
LogPluginManager: Mounting plugin AndroidPermission
LogPluginManager: Mounting plugin AppleARKit
LogPluginManager: Mounting plugin AppleMoviePlayer
LogPluginManager: Mounting plugin ArchVisCharacter
LogPluginManager: Mounting plugin CableComponent
LogPluginManager: Mounting plugin CustomMeshComponent
LogPluginManager: Mounting plugin ExampleDeviceProfileSelector
LogPluginManager: Mounting plugin GoogleCloudMessaging
LogPluginManager: Mounting plugin ImmediatePhysics
LogPluginManager: Mounting plugin IOSDeviceProfileSelector
LogPluginManager: Mounting plugin LinuxDeviceProfileSelector
LogPluginManager: Mounting plugin LocationServicesBPLibrary
LogPluginManager: Mounting plugin MobilePatchingUtils
LogPluginManager: Mounting plugin OculusVR
LogPluginManager: Plugin shader directory ../../../Engine/Plugins/Runtime/Oculus/OculusVR/Shaders found
LogPluginManager: Mapping shader source directory ../../../Engine/Plugins/Runtime/Oculus/OculusVR/Shaders to virtual directory /Plugin/OculusVR
LogPluginManager: Mounting plugin PhysXVehicles
LogPluginManager: Mounting plugin ProceduralMeshComponent
LogPluginManager: Mounting plugin RuntimePhysXCooking
LogPluginManager: Mounting plugin SteamVR
LogPluginManager: Mounting plugin WindowsMoviePlayer
LogInit: Using libcurl 7.47.1
LogInit:  - built for x86_64-pc-win32
LogInit:  - supports SSL with OpenSSL/1.0.2g
LogInit:  - supports HTTP deflate (compression) using libz 1.2.8
LogInit:  - other features:
LogInit:      CURL_VERSION_SSL
LogInit:      CURL_VERSION_LIBZ
LogInit:      CURL_VERSION_IPV6
LogInit:      CURL_VERSION_ASYNCHDNS
LogInit:      CURL_VERSION_LARGEFILE
LogInit:      CURL_VERSION_IDN
LogInit:  CurlRequestOptions (configurable via config and command line):
LogInit:  - bVerifyPeer = false  - Libcurl will NOT verify peer certificate
LogInit:  - bUseHttpProxy = false  - Libcurl will NOT use HTTP proxy
LogInit:  - bDontReuseConnections = false  - Libcurl will reuse connections
LogInit:  - CertBundlePath = nullptr  - Libcurl will use whatever was configured at build time.
LogInit: Build: ++UE4+Release-4.18-CL-3794801
LogInit: Engine Version: 4.18.2-3794801+++UE4+Release-4.18
LogInit: Compatible Engine Version: 4.18.0-3709383+++UE4+Release-4.18
LogInit: Net CL: 3709383
LogDevObjectVersion: Number of dev versions registered: 16
LogDevObjectVersion:   Dev-Blueprints (B0D832E4-1F89-4F0D-ACCF-7EB736FD4AA2): 10
LogDevObjectVersion:   Dev-Build (E1C64328-A22C-4D53-A36C-8E866417BD8C): 0
LogDevObjectVersion:   Dev-Core (375EC13C-06E4-48FB-B500-84F0262A717E): 2
LogDevObjectVersion:   Dev-Editor (E4B068ED-F494-42E9-A231-DA0B2E46BB41): 20
LogDevObjectVersion:   Dev-Framework (CFFC743F-43B0-4480-9391-14DF171D2073): 30
LogDevObjectVersion:   Dev-Mobile (B02B49B5-BB20-44E9-A304-32B752E40360): 0
LogDevObjectVersion:   Dev-Networking (A4E4105C-59A1-49B5-A7C5-40C4547EDFEE): 0
LogDevObjectVersion:   Dev-Online (39C831C9-5AE6-47DC-9A44-9C173E1C8E7C): 0
LogDevObjectVersion:   Dev-Physics (78F01B33-EBEA-4F98-B9B4-84EACCB95AA2): 0
LogDevObjectVersion:   Dev-Platform (6631380F-2D4D-43E0-8009-CF276956A95A): 0
LogDevObjectVersion:   Dev-Rendering (12F88B9F-8875-4AFC-A67C-D90C383ABD29): 20
LogDevObjectVersion:   Dev-Sequencer (7B5AE74C-D270-4C10-A958-57980B212A5A): 4
LogDevObjectVersion:   Dev-VR (D7296918-1DD6-4BDD-9DE2-64A83CC13884): 0
LogDevObjectVersion:   Dev-LoadTimes (C2A15278-BFE7-4AFE-6C17-90FF531DF755): 1
LogDevObjectVersion:   Private-Geometry (6EACA3D4-40EC-4CC1-B786-8BED09428FC5): 1
LogDevObjectVersion:   Dev-AnimPhys (29E575DD-E0A3-4627-9D10-D276232CDCEA): 12
LogInit: Compiled (64-bit): Dec  8 2017 02:04:53
LogInit: Compiled with Visual C++: 19.00.24215.01
LogInit: Build Configuration: Development
LogInit: Branch Name: ++UE4+Release-4.18
LogInit: Command line:  
LogInit: Base directory: C:/Program Files/Epic Games/UE_4.18/Engine/Binaries/Win64/
LogInit: Installed Engine Build: 1
LogInit: Presizing for max 8388607 objects, including 0 objects not considered by GC, pre-allocating 0 bytes for permanent pool.
LogInit: Object subsystem initialized
[2018.01.02-15.30.42:449][  0]LogInit: Selected Device Profile: [Windows]
[2018.01.02-15.30.42:449][  0]LogInit: Applying CVar settings loaded from the selected device profile: [Windows]
[2018.01.02-15.30.42:482][  0]LogInit: Computer: DESKTOP-3PNU2N5
[2018.01.02-15.30.42:482][  0]LogInit: User: maffa
[2018.01.02-15.30.42:482][  0]LogInit: CPU Page size=4096, Cores=4
[2018.01.02-15.30.42:482][  0]LogInit: High frequency timer resolution =3.331178 MHz
[2018.01.02-15.30.42:482][  0]LogMemory: Memory total: Physical=12.0GB (12GB approx)
[2018.01.02-15.30.42:482][  0]LogMemory: Platform Memory Stats for Windows
[2018.01.02-15.30.42:482][  0]LogMemory: Process Physical Memory: 273.04 MB used, 273.04 MB peak
[2018.01.02-15.30.42:482][  0]LogMemory: Process Virtual Memory: 269.64 MB used, 269.64 MB peak
[2018.01.02-15.30.42:482][  0]LogMemory: Physical Memory: 4180.05 MB used,  8084.81 MB free, 12264.86 MB total
[2018.01.02-15.30.42:482][  0]LogMemory: Virtual Memory: 644.32 MB used,  8084.81 MB free, 134217728.00 MB total
[2018.01.02-15.30.42:957][  0]LogInit: Using OS detected language (en-US).
[2018.01.02-15.30.42:957][  0]LogInit: Using OS detected locale (nn-NO).
[2018.01.02-15.30.43:011][  0]LogTextLocalizationManager: No specific localization for 'en-US' exists, so the 'en' localization will be used.
[2018.01.02-15.30.43:011][  0]LogTextLocalizationManager: No localization for 'nn-NO' exists, so 'en-US' will be used for the locale.
[2018.01.02-15.30.43:569][  0]LogInit: Setting process to per monitor DPI aware
[2018.01.02-15.30.46:199][  0]LogD3D11RHI: D3D11 adapters:
[2018.01.02-15.30.46:248][  0]LogD3D11RHI:    0. 'NVIDIA GeForce GTX 1060 6GB' (Feature Level 11_0)
[2018.01.02-15.30.46:248][  0]LogD3D11RHI:       6061/0/6132 MB DedicatedVideo/DedicatedSystem/SharedSystem, Outputs:2, VendorId:0x10de
[2018.01.02-15.30.46:250][  0]LogD3D11RHI:    1. 'Microsoft Basic Render Driver' (Feature Level 11_0)
[2018.01.02-15.30.46:250][  0]LogD3D11RHI:       0/0/6132 MB DedicatedVideo/DedicatedSystem/SharedSystem, Outputs:0, VendorId:0x1414
[2018.01.02-15.30.46:250][  0]LogD3D11RHI: Chosen D3D11 Adapter: 0
[2018.01.02-15.30.46:258][  0]LogD3D11RHI: Creating new Direct3DDevice
[2018.01.02-15.30.46:258][  0]LogD3D11RHI:     GPU DeviceId: 0x1c03 (for the marketing name, search the web for "GPU Device Id")
[2018.01.02-15.30.46:258][  0]LogWindows: EnumDisplayDevices:
[2018.01.02-15.30.46:258][  0]LogWindows:    0. 'NVIDIA GeForce GTX 1060 6GB' (P:1 D:1)
[2018.01.02-15.30.46:259][  0]LogWindows:    1. 'NVIDIA GeForce GTX 1060 6GB' (P:0 D:1)
[2018.01.02-15.30.46:259][  0]LogWindows:    2. 'NVIDIA GeForce GTX 1060 6GB' (P:0 D:0)
[2018.01.02-15.30.46:259][  0]LogWindows:    3. 'NVIDIA GeForce GTX 1060 6GB' (P:0 D:0)
[2018.01.02-15.30.46:259][  0]LogWindows: DebugString: FoundDriverCount:4 
[2018.01.02-15.30.46:259][  0]LogD3D11RHI:     Adapter Name: NVIDIA GeForce GTX 1060 6GB
[2018.01.02-15.30.46:259][  0]LogD3D11RHI:   Driver Version: 388.31 (internal:23.21.13.8831, unified:388.31)
[2018.01.02-15.30.46:259][  0]LogD3D11RHI:      Driver Date: 11-14-2017
[2018.01.02-15.30.46:259][  0]LogRHI: Texture pool is 4242 MB (70% of 6061 MB)
[2018.01.02-15.30.46:292][  0]LogD3D11RHI: Async texture creation enabled
[2018.01.02-15.30.46:399][  0]LogD3D11RHI: GPU Timing Frequency: 1000.000000 (Debug: 2 1)
[2018.01.02-15.30.46:463][  0]LogShaderCompilers: Guid format shader working directory is 27 characters bigger than the processId version (X:/Unrealsaves/Maze/Intermediate/Shaders/WorkingDirectory/4408/).
[2018.01.02-15.30.46:463][  0]LogShaderCompilers: Cleaned the shader compiler working directory 'C:/Users/maffa/AppData/Local/Temp/UnrealShaderWorkingDir/6AD8FA9846B4CA8CA09562A53341BA31/'.
[2018.01.02-15.30.46:465][  0]LogShaderCompilers: Display: Using Local Shader Compiler.
[2018.01.02-15.30.49:214][  0]LogTemp: Display: Loaded TP AllDesktopTargetPlatform
[2018.01.02-15.30.49:279][  0]LogTemp: Display: Loaded TP MacClientTargetPlatform
[2018.01.02-15.30.49:342][  0]LogTemp: Display: Loaded TP MacNoEditorTargetPlatform
[2018.01.02-15.30.49:407][  0]LogTemp: Display: Loaded TP MacServerTargetPlatform
[2018.01.02-15.30.49:479][  0]LogTemp: Display: Loaded TP MacTargetPlatform
[2018.01.02-15.30.49:544][  0]LogTemp: Display: Loaded TP WindowsClientTargetPlatform
[2018.01.02-15.30.49:610][  0]LogTemp: Display: Loaded TP WindowsNoEditorTargetPlatform
[2018.01.02-15.30.49:676][  0]LogTemp: Display: Loaded TP WindowsServerTargetPlatform
[2018.01.02-15.30.49:733][  0]LogTemp: Display: Loaded TP WindowsTargetPlatform
[2018.01.02-15.30.49:797][  0]LogTemp: Display: Loaded TP Android_ASTCTargetPlatform
[2018.01.02-15.30.49:864][  0]LogTemp: Display: Loaded TP Android_ATCTargetPlatform
[2018.01.02-15.30.49:930][  0]LogTemp: Display: Loaded TP Android_DXTTargetPlatform
[2018.01.02-15.30.49:997][  0]LogTemp: Display: Loaded TP Android_ETC1TargetPlatform
[2018.01.02-15.30.50:064][  0]LogTemp: Display: Loaded TP Android_ETC2TargetPlatform
[2018.01.02-15.30.50:193][  0]LogTemp: Display: Loaded TP Android_MultiTargetPlatform
[2018.01.02-15.30.50:193][  0]LogTemp: Display: Loaded TP Android_PVRTCTargetPlatform
[2018.01.02-15.30.50:262][  0]LogTemp: Display: Loaded TP AndroidTargetPlatform
[2018.01.02-15.30.50:318][  0]LogTemp: Display: Loaded TP HTML5TargetPlatform
[2018.01.02-15.30.50:446][  0]LogTemp: Display: Loaded TP IOSTargetPlatform
[2018.01.02-15.30.50:481][  0]LogTemp: Display: Loaded TP TVOSTargetPlatform
[2018.01.02-15.30.50:554][  0]LogTemp: Display: Loaded TP LinuxClientTargetPlatform
[2018.01.02-15.30.50:621][  0]LogTemp: Display: Loaded TP LinuxNoEditorTargetPlatform
[2018.01.02-15.30.50:686][  0]LogTemp: Display: Loaded TP LinuxServerTargetPlatform
[2018.01.02-15.30.50:762][  0]LogTemp: Display: Loaded TP LinuxTargetPlatform
[2018.01.02-15.30.50:763][  0]LogTargetPlatformManager: Display: Building Assets For Windows
[2018.01.02-15.30.51:532][  0]LogDerivedDataCache: Display: Max Cache Size: 512 MB
[2018.01.02-15.30.52:169][  0]LogDerivedDataCache: Loaded boot cache 0.63s 78MB C:/Users/maffa/AppData/Local/UnrealEngine/4.18/DerivedDataCache/Boot.ddc.
[2018.01.02-15.30.52:169][  0]LogDerivedDataCache: Display: Loaded Boot cache: C:/Users/maffa/AppData/Local/UnrealEngine/4.18/DerivedDataCache/Boot.ddc
[2018.01.02-15.30.52:169][  0]LogDerivedDataCache: FDerivedDataBackendGraph:  Pak pak cache file X:/Unrealsaves/Maze/DerivedDataCache/DDC.ddp not found, will not use a pak cache.
[2018.01.02-15.30.52:169][  0]LogDerivedDataCache: Unable to find inner node Pak for hierarchical cache Hierarchy.
[2018.01.02-15.30.52:169][  0]LogDerivedDataCache: FDerivedDataBackendGraph:  CompressedPak pak cache file X:/Unrealsaves/Maze/DerivedDataCache/Compressed.ddp not found, will not use a pak cache.
[2018.01.02-15.30.52:169][  0]LogDerivedDataCache: Unable to find inner node CompressedPak for hierarchical cache Hierarchy.
[2018.01.02-15.30.52:216][  0]LogDerivedDataCache: Display: Pak cache opened for reading ../../../Engine/DerivedDataCache/Compressed.ddp.
[2018.01.02-15.30.52:229][  0]LogDerivedDataCache: Using Local data cache path C:/Users/maffa/AppData/Local/UnrealEngine/Common/DerivedDataCache: Writable
[2018.01.02-15.30.52:261][  0]LogMaterial: Verifying Global Shaders for PCD3D_SM5
[2018.01.02-15.30.52:271][  0]LogSlate: Using Freetype 2.6.0
[2018.01.02-15.30.52:298][  0]LogSlate: SlateFontCache - WITH_FREETYPE: 1, WITH_HARFBUZZ: 1
[2018.01.02-15.30.52:299][  0]LogSlate: SlateFontCache - WITH_FREETYPE: 1, WITH_HARFBUZZ: 1
[2018.01.02-15.30.53:424][  0]LogInit: Selected Device Profile: [Windows]
[2018.01.02-15.30.54:147][  0]LogSimplygon: Simplygon DLL not present - disabling.
[2018.01.02-15.30.54:207][  0]LogMeshReduction: Using SimplygonSwarm for distributed automatic mesh merging
[2018.01.02-15.30.54:208][  0]LogMeshReduction: Using QuadricMeshReduction for automatic static mesh reduction
[2018.01.02-15.30.54:208][  0]LogMeshReduction: No automatic skeletal mesh reduction module available
[2018.01.02-15.30.54:208][  0]LogMeshReduction: No automatic mesh merging module available
[2018.01.02-15.30.54:208][  0]LogMeshMerging: No automatic mesh merging module available
[2018.01.02-15.30.54:315][  0]LogNetVersion: Maze , NetCL: 3709383, EngineNetVer: 2, GameNetVer: 0 (Checksum: 3727213941)
[2018.01.02-15.30.54:843][  0]LogAssetRegistry: FAssetRegistry took 0.0299 seconds to start up
[2018.01.02-15.30.56:223][  0]LogPackageLocalizationCache: Processed 7 localized package path(s) for 2 prioritized culture(s) in 0.066006 seconds
[2018.01.02-15.30.56:230][  0]LogUObjectArray: 35900 objects as part of root set at end of initial load.
[2018.01.02-15.30.56:230][  0]LogUObjectAllocator: 7372024 out of 0 bytes used by permanent object pool.
[2018.01.02-15.30.56:230][  0]LogUObjectArray: CloseDisregardForGC: 0/0 objects in disregard for GC pool
[2018.01.02-15.30.56:300][  0]LogInit: WinSock: version 1.1 (2.2), MaxSocks=32767, MaxUdp=65467
[2018.01.02-15.31.02:632][  0]LogTcpMessaging: Initializing TcpMessaging bridge
[2018.01.02-15.31.02:689][  0]LogUdpMessaging: Initializing bridge on interface 0.0.0.0:0 to multicast group 230.0.0.1:6666.
[2018.01.02-15.31.03:760][  0]LogMaterial: Uniform references updated for custom material expression Custom.
[2018.01.02-15.31.04:460][  0]SourceControl: Source control is disabled
[2018.01.02-15.31.04:461][  0]SourceControl: Source control is disabled
[2018.01.02-15.31.04:548][  0]SourceControl: Source control is disabled
[2018.01.02-15.31.04:626][  0]SourceControl: Source control is disabled
[2018.01.02-15.31.05:815][  0]LogAndroidPermission: UAndroidPermissionCallbackProxy::GetInstance
[2018.01.02-15.31.06:173][  0]LogOcInput: OculusInput pre-init called
[2018.01.02-15.31.06:612][  0]LogEngine: Initializing Engine...
[2018.01.02-15.31.06:617][  0]LogHMD: Failed to initialize OpenVR with code 110
[2018.01.02-15.31.07:091][  0]LogStats: UGameplayTagsManager::ConstructGameplayTagTree: Construct from data asset -  0.000 s
[2018.01.02-15.31.07:091][  0]LogStats: UGameplayTagsManager::ConstructGameplayTagTree: GameplayTagTreeChangedEvent.Broadcast -  0.000 s
[2018.01.02-15.31.07:290][  0]LogAIModule: Creating AISystem for world Untitled
[2018.01.02-15.31.07:322][  0]LogInit: XAudio2 using 'Speakers (High Definition Audio Device)' : 2 channels at 44.1 kHz using 16 bits per sample (channel mask 0x3)
[2018.01.02-15.31.07:336][  0]LogInit: FAudioDevice initialized.
[2018.01.02-15.31.07:487][  0]LogDerivedDataCache: Saved boot cache 0.15s 78MB C:/Users/maffa/AppData/Local/UnrealEngine/4.18/DerivedDataCache/Boot.ddc.
[2018.01.02-15.31.07:505][  0]LogInit: Texture streaming: Enabled
[2018.01.02-15.31.07:642][  0]LogEngineSessionManager: EngineSessionManager initialized
[2018.01.02-15.31.07:642][  0]LogEngineSessionManager: EngineSessionManager sent abnormal shutdown report. Type=AbnormalShutdown, SessionId={70A25F83-48B8-28D5-B19B-31B43B96B7D3}
[2018.01.02-15.31.07:642][  0]LogEngineSessionManager: EngineSessionManager sent abnormal shutdown report. Type=AbnormalShutdown, SessionId={ECB803A4-4FDF-89B0-DBCE-F2846E53B768}
[2018.01.02-15.31.07:818][  0]LogInit: Transaction tracking system initialized
[2018.01.02-15.31.08:266][  0]BlueprintLog: New page: Editor Load
[2018.01.02-15.31.09:571][  0]LocalizationService: Localization service is disabled
[2018.01.02-15.31.10:701][  0]LogConsoleResponse: Display: 
[2018.01.02-15.31.12:078][  0]LogCook: Display: Max memory allowance for cook 16384mb min free memory 0mb
[2018.01.02-15.31.12:078][  0]LogCook: Display: Mobile HDR setting 1
[2018.01.02-15.31.12:079][  0]LogGameplayTags: Display: UGameplayTagsManager::DoneAddingNativeTags. DelegateIsBound: 0
[2018.01.02-15.31.12:798][  0]LogFileCache: Scanning file cache for directory 'X:/Unrealsaves/Maze/Content/' took 0.01s
[2018.01.02-15.31.13:821][  0]SourceControl: Source control is disabled
[2018.01.02-15.31.13:825][  0]Cmd: MAP LOAD FILE="X:/Unrealsaves/Maze/Content/ThirdPersonBP/Maps/ThirdPersonExampleMap.umap" TEMPLATE=0 SHOWPROGRESS=1 FEATURELEVEL=3
[2018.01.02-15.31.13:827][  0]LightingResults: New page: Lighting Build
[2018.01.02-15.31.13:890][  0]MapCheck: New page: Map Check
[2018.01.02-15.31.13:890][  0]LightingResults: New page: Lighting Build
[2018.01.02-15.31.14:626][  0]LogAIModule: Creating AISystem for world ThirdPersonExampleMap
[2018.01.02-15.31.14:679][  0]LogEditorServer: Finished looking for orphan Actors (0.000 secs)
[2018.01.02-15.31.14:699][  0]Cmd: MAP CHECKDEP NOCLEARLOG
[2018.01.02-15.31.14:769][  0]MapCheck: Map check complete: 0 Error(s), 0 Warning(s), took 69.414ms to complete.
[2018.01.02-15.31.14:769][  0]LogFileHelpers: Loading map 'ThirdPersonExampleMap' took 0.946
[2018.01.02-15.31.15:079][  0]LogCollectionManager: Loaded 0 collections in 0.002737 seconds
[2018.01.02-15.31.15:214][  0]LogFileCache: Scanning file cache for directory 'X:/Unrealsaves/Maze/Saved/Collections/' took 0.01s
[2018.01.02-15.31.15:214][  0]LogFileCache: Scanning file cache for directory 'X:/Unrealsaves/Maze/Content/Developers/maffa/Collections/' took 0.01s
[2018.01.02-15.31.15:214][  0]LogFileCache: Scanning file cache for directory 'X:/Unrealsaves/Maze/Content/Collections/' took 0.01s
[2018.01.02-15.31.15:214][  0]LogCollectionManager: Rebuilt the GUID cache for 0 collections in 0.000001 seconds
[2018.01.02-15.31.15:228][  0]LogContentBrowser: Native class hierarchy populated in 0.0112 seconds. Added 2363 classes and 519 folders.
[2018.01.02-15.31.15:323][  0]LogContentBrowser: Native class hierarchy updated for 'WidgetCarousel' in 0.0003 seconds. Added 0 classes and 0 folders.
[2018.01.02-15.31.15:898][  0]LogContentBrowser: Native class hierarchy updated for 'AddContentDialog' in 0.0004 seconds. Added 0 classes and 0 folders.
[2018.01.02-15.31.15:971][  0]LogContentBrowser: Native class hierarchy updated for 'SceneOutliner' in 0.0004 seconds. Added 1 classes and 2 folders.
[2018.01.02-15.31.16:240][  0]LogSlate: Took 0.008723 seconds to synchronously load lazily loaded font '../../../Engine/Content/Slate/Fonts/Roboto-Regular.ttf' (155K)
[2018.01.02-15.31.16:250][  0]LogSlate: Took 0.006943 seconds to synchronously load lazily loaded font '../../../Engine/Content/Slate/Fonts/Roboto-Bold.ttf' (160K)
[2018.01.02-15.31.16:263][  0]LogSlate: Took 0.005949 seconds to synchronously load lazily loaded font '../../../Engine/Content/Editor/Slate/Fonts/FontAwesome.ttf' (139K)
[2018.01.02-15.31.16:598][  0]LogRenderer: Reallocating scene render targets to support 1160x576 Format 10 NumSamples 1 (Frame:1).
[2018.01.02-15.31.16:873][  0]LogContentBrowser: Native class hierarchy updated for 'HierarchicalLODOutliner' in 0.0004 seconds. Added 1 classes and 2 folders.
[2018.01.02-15.31.16:874][  0]LogLoad: (Engine Initialization) Total time: 41.00 seconds
[2018.01.02-15.31.16:874][  0]LogLoad: (Engine Initialization) Total Blueprint compile time: 0.00 seconds
[2018.01.02-15.31.16:874][  0]LogExternalProfiler: Found external profiler: VSPerf
[2018.01.02-15.31.16:874][  0]LogExternalProfiler: Using external profiler: VSPerf
[2018.01.02-15.31.16:904][  0]LogContentStreaming: Texture pool size now 1000 MB
[2018.01.02-15.31.16:949][  0]LogSlate: Took 0.007241 seconds to synchronously load lazily loaded font '../../../Engine/Content/Slate/Fonts/Roboto-Light.ttf' (159K)
[2018.01.02-15.31.17:000][  1]LogAssetRegistry: Asset discovery search completed in 22.1787 seconds
[2018.01.02-15.31.17:002][  1]LogCollectionManager: Rebuilt the object cache for 0 collections in 0.000000 seconds (found 0 objects)
[2018.01.02-15.31.17:002][  1]LogCollectionManager: Fixed up redirectors for 0 collections in 0.000067 seconds (updated 0 objects)
[2018.01.02-15.31.32:389][411]LogSourceControl: Error: P4ERROR: Invalid connection to server.
[2018.01.02-15.31.32:389][411]LogSourceControl: Error: Connect to server failed; check $P4PORT.
TCP connect to perforce:1666 failed.
No such host is known. 

[2018.01.02-15.31.34:654][494]LogSourceControl: Attempting 'p4 clients -u maffa'
[2018.01.02-15.31.42:595][798]LogSourceControl: Attempting 'p4 clients -u Marius_DESKTOPWorkspace'
[2018.01.02-15.31.44:150][880]LogSourceControl: Attempting 'p4 clients -u Marius_DESKTOPWorkspace'
[2018.01.02-15.31.53:386][254]LogSourceControl: Attempting 'p4 clients -u Marius'
[2018.01.02-15.31.53:399][254]LogSourceControl: Error:  Marius_DESKTOPWorkspace client specs rejected due to root directory mismatch (x:/marius_desktopworkspace/)
[2018.01.02-15.31.57:977][447]LogSourceControl: Attempting 'p4 clients -u Marius'
[2018.01.02-15.31.57:988][447]LogSourceControl: Error:  Marius_DESKTOPWorkspace client specs rejected due to root directory mismatch (x:/marius_desktopworkspace/)
[2018.01.02-15.32.07:107][831]LogSourceControl: Attempting 'p4 client -o Marius_DESKTOPWorkspace:1666'
[2018.01.02-15.32.07:129][832]SourceControl: Error: Invalid workspace.
[2018.01.02-15.32.07:129][832]SourceControl: Error: Failed to connect to source control. Check your settings and connection then try again.
[2018.01.02-15.32.12:079][ 35]LogSourceControl: Attempting 'p4 client -o Marius_DESKTOPWorkspace'
[2018.01.02-15.32.12:108][ 36]SourceControl: Error: Workspace 'Marius_DESKTOPWorkspace' does not map into this project's directory.
[2018.01.02-15.32.12:108][ 36]SourceControl: Error: You should set your workspace up to map to a directory at or above the project's directory.
[2018.01.02-15.32.12:108][ 36]SourceControl: Error: Workspace 'Marius_DESKTOPWorkspace' does not map into this project's directory.
[2018.01.02-15.32.33:679][269]SourceControl: Source control is disabled
[2018.01.02-15.32.35:725][299]LogSourceControl: Attempting 'p4 clients -u Marius'
[2018.01.02-15.32.35:736][300]LogSourceControl: Error:  Marius_DESKTOPWorkspace client specs rejected due to root directory mismatch (x:/marius_desktopworkspace/)
[2018.01.02-15.33.27:092][741]LogSourceControl: Attempting 'p4 clients -u Perforce'
[2018.01.02-15.33.29:458][780]LogSourceControl: Attempting 'p4 client -o DESKTOP-3PNU2N5'
[2018.01.02-15.33.29:483][780]SourceControl: Error: Invalid workspace.
[2018.01.02-15.33.29:483][780]SourceControl: Error: Failed to connect to source control. Check your settings and connection then try again.
[2018.01.02-15.33.31:126][805]LogSourceControl: Attempting 'p4 clients -u Perforce'
[2018.01.02-15.34.54:394][902]LogSourceControl: Attempting 'p4 clients -u Marius'
[2018.01.02-15.34.54:404][902]LogSourceControl: Error:  Marius_DESKTOPWorkspace client specs rejected due to root directory mismatch (x:/marius_desktopworkspace/)
[2018.01.02-15.34.59:846][ 80]SourceControl: Source control is disabled
[2018.01.02-15.35.04:918][282]LogSourceControl: Attempting 'p4 clients -u Marius'
[2018.01.02-15.35.04:930][283]LogSourceControl: Error:  Marius_DESKTOPWorkspace client specs rejected due to root directory mismatch (x:/marius_desktopworkspace/)
[2018.01.02-15.35.06:606][338]LogSourceControl: Attempting 'p4 clients -u Marius'
[2018.01.02-15.35.06:613][338]LogSourceControl: Error:  Marius_DESKTOPWorkspace client specs rejected due to root directory mismatch (x:/marius_desktopworkspace/)
[2018.01.02-15.35.07:803][372]LogSourceControl: Attempting 'p4 clients -u Marius'
[2018.01.02-15.35.07:811][372]LogSourceControl: Error:  Marius_DESKTOPWorkspace client specs rejected due to root directory mismatch (x:/marius_desktopworkspace/)
[2018.01.02-15.36.32:444][160]LogSourceControl: Attempting 'p4 clients -u Marius'
[2018.01.02-15.36.32:458][160]LogSourceControl: Error:  Marius_DESKTOPWorkspace client specs rejected due to root directory mismatch (x:/marius_desktopworkspace/)
[2018.01.02-15.36.36:369][354]LogSourceControl: Attempting 'p4 client -o Marius_DESKTOPWorkspace'
[2018.01.02-15.36.36:394][355]SourceControl: Error: Workspace 'Marius_DESKTOPWorkspace' does not map into this project's directory.
[2018.01.02-15.36.36:394][355]SourceControl: Error: You should set your workspace up to map to a directory at or above the project's directory.
[2018.01.02-15.36.36:394][355]SourceControl: Error: Workspace 'Marius_DESKTOPWorkspace' does not map into this project's directory.
[2018.01.02-15.39.08:542][ 19]LogSourceControl: Attempting 'p4 client -o Marius_DESKTOPWorkspace'
[2018.01.02-15.39.08:556][ 19]SourceControl: Error: Workspace 'Marius_DESKTOPWorkspace' does not map into this project's directory.
[2018.01.02-15.39.08:556][ 19]SourceControl: Error: You should set your workspace up to map to a directory at or above the project's directory.
[2018.01.02-15.39.08:556][ 19]SourceControl: Error: Workspace 'Marius_DESKTOPWorkspace' does not map into this project's directory.
[2018.01.02-15.39.12:133][122]LogSourceControl: Attempting 'p4 client -o Marius_DESKTOPWorkspace'
[2018.01.02-15.39.12:147][122]SourceControl: Error: Workspace 'Marius_DESKTOPWorkspace' does not map into this project's directory.
[2018.01.02-15.39.12:147][122]SourceControl: Error: You should set your workspace up to map to a directory at or above the project's directory.
[2018.01.02-15.39.12:147][122]SourceControl: Error: Workspace 'Marius_DESKTOPWorkspace' does not map into this project's directory.
[2018.01.02-15.39.48:246][639]LogSourceControl: Attempting 'p4 clients -u Marius'
[2018.01.02-15.39.48:252][639]LogSourceControl: Error:  Marius_DESKTOPWorkspace client specs rejected due to root directory mismatch (x:/marius_desktopworkspace/)
[2018.01.02-15.39.53:961][785]LogSourceControl: Attempting 'p4 clients -u Marius'
[2018.01.02-15.39.53:967][785]LogSourceControl: Error:  Marius_DESKTOPWorkspace client specs rejected due to root directory mismatch (x:/marius_desktopworkspace/)
[2018.01.02-15.39.59:674][928]LogSourceControl: Attempting 'p4 clients -u Marius'
[2018.01.02-15.39.59:680][928]LogSourceControl: Error:  Marius_DESKTOPWorkspace client specs rejected due to root directory mismatch (x:/marius_desktopworkspace/)
[2018.01.02-15.40.21:344][232]LogSourceControl: Attempting 'p4 clients -u Marius'
[2018.01.02-15.40.21:351][232]LogSourceControl: Error:  Marius_DESKTOPWorkspace client specs rejected due to root directory mismatch (x:/marius_desktopworkspace/)
[2018.01.02-15.40.41:626][155]LogSourceControl: Error: P4ERROR: Invalid connection to server.
[2018.01.02-15.40.41:626][155]LogSourceControl: Error: Connect to server failed; check $P4PORT.
TCP connect to Marius_DESKTOPWorkspace:1666 failed.
No such host is known. 

[2018.01.02-15.40.44:666][285]LogSourceControl: Error: P4ERROR: Invalid connection to server.
[2018.01.02-15.40.44:666][285]LogSourceControl: Error: Connect to server failed; check $P4PORT.
TCP connect to Marius_DESKTOPWorkspace:1666 failed.
No such host is known. 

[2018.01.02-15.40.52:664][613]LogSourceControl: Attempting 'p4 clients -u Marius'
[2018.01.02-15.40.52:673][613]LogSourceControl: Error:  Marius_DESKTOPWorkspace client specs rejected due to root directory mismatch (x:/marius_desktopworkspace/)
[2018.01.02-15.40.53:593][635]LogSourceControl: Attempting 'p4 clients -u Marius'
[2018.01.02-15.40.53:599][635]LogSourceControl: Error:  Marius_DESKTOPWorkspace client specs rejected due to root directory mismatch (x:/marius_desktopworkspace/)
[2018.01.02-15.42.53:445][841]LogSourceControl: Error: P4ERROR: Invalid connection to server.
[2018.01.02-15.42.53:445][841]LogSourceControl: Error: Connect to server failed; check $P4PORT.
TCP connect to Marius:1666 failed.
No such host is known. 

[2018.01.02-15.43.17:691][425]LogSourceControl: Attempting 'p4 clients -u Marius'
[2018.01.02-15.43.17:698][425]LogSourceControl: Error:  Marius_DESKTOPWorkspace client specs rejected due to root directory mismatch (x:/marius_desktopworkspace/)
[2018.01.02-15.43.18:578][450]LogSourceControl: Attempting 'p4 clients -u Marius'
[2018.01.02-15.43.18:586][450]LogSourceControl: Error:  Marius_DESKTOPWorkspace client specs rejected due to root directory mismatch (x:/marius_desktopworkspace/)
[2018.01.02-15.43.19:128][464]LogSourceControl: Attempting 'p4 clients -u Marius'
[2018.01.02-15.43.19:136][464]LogSourceControl: Error:  Marius_DESKTOPWorkspace client specs rejected due to root directory mismatch (x:/marius_desktopworkspace/)
[2018.01.02-15.52.34:295][950]LogSourceControl: Attempting 'p4 client -o x:\Marius_DESKTOPWorkspace'
[2018.01.02-15.52.34:319][950]SourceControl: Error: Invalid workspace.
[2018.01.02-15.52.34:319][950]SourceControl: Error: Failed to connect to source control. Check your settings and connection then try again.
[2018.01.02-15.52.37:268][  1]LogSourceControl: Attempting 'p4 clients -u Marius'
[2018.01.02-15.52.37:273][  1]LogSourceControl: Error:  Marius_DESKTOPWorkspace client specs rejected due to root directory mismatch (x:/marius_desktopworkspace/)
[2018.01.02-15.52.40:768][ 52]LogSourceControl: Attempting 'p4 clients -u Marius'
[2018.01.02-15.52.40:777][ 52]LogSourceControl: Error:  Marius_DESKTOPWorkspace client specs rejected due to root directory mismatch (x:/marius_desktopworkspace/)
[2018.01.02-15.52.41:609][ 63]LogSourceControl: Attempting 'p4 clients -u Marius'
[2018.01.02-15.52.41:617][ 63]LogSourceControl: Error:  Marius_DESKTOPWorkspace client specs rejected due to root directory mismatch (x:/marius_desktopworkspace/)
[2018.01.02-15.52.42:243][ 72]LogSourceControl: Attempting 'p4 clients -u Marius'
[2018.01.02-15.52.42:251][ 72]LogSourceControl: Error:  Marius_DESKTOPWorkspace client specs rejected due to root directory mismatch (x:/marius_desktopworkspace/)
[2018.01.02-15.52.53:435][253]LogSourceControl: Error: P4ERROR: Invalid connection to server.
[2018.01.02-15.52.53:435][253]LogSourceControl: Error: Connect to server failed; check $P4PORT.
TCP connect to Marius:1666 failed.
No such host is known. 

[2018.01.02-15.54.13:863][726]SourceControl: Source control is disabled
[2018.01.02-15.54.15:618][800]LogWindowsTextInputMethodSystem: Display: IME system now deactivated.
[2018.01.02-15.54.15:803][801]Cmd: QUIT_EDITOR
[2018.01.02-15.54.15:855][801]LogExit: Preparing to exit.
[2018.01.02-15.54.16:231][801]LogExit: Editor shut down
[2018.01.02-15.54.16:236][801]LogExit: Transaction tracking system shut down
[2018.01.02-15.54.16:383][801]LogDirectoryWatcher: A directory notification for '../../../Engine/Content/' was aborted.
[2018.01.02-15.54.16:383][801]LogDirectoryWatcher: A directory notification for 'X:/Unrealsaves/Maze/Content/' was aborted.
[2018.01.02-15.54.16:383][801]LogDirectoryWatcher: A directory notification for '../../../Engine/Plugins/2D/Paper2D/Content/' was aborted.
[2018.01.02-15.54.16:383][801]LogDirectoryWatcher: A directory notification for '../../../Engine/Plugins/Media/MediaCompositing/Content/' was aborted.
[2018.01.02-15.54.16:383][801]LogDirectoryWatcher: A directory notification for '../../../Engine/Plugins/Runtime/AppleARKit/Content/' was aborted.
[2018.01.02-15.54.16:383][801]LogDirectoryWatcher: A directory notification for '../../../Engine/Plugins/Runtime/Oculus/OculusVR/Content/' was aborted.
[2018.01.02-15.54.16:383][801]LogDirectoryWatcher: A directory notification for '../../../Engine/Plugins/Runtime/Steam/SteamVR/Content/' was aborted.
[2018.01.02-15.54.16:458][801]LogExit: Object subsystem successfully closed.
[2018.01.02-15.54.16:473][801]LogD3D11RHI: Shutdown
[2018.01.02-15.54.16:473][801]LogD3D11RHI: CleanupD3DDevice
[2018.01.02-15.54.16:476][801]LogD3D11RHI: ~FD3D11DynamicRHI
[2018.01.02-15.54.16:508][801]LogModuleManager: Shutting down and abandoning module HierarchicalLODOutliner (548)
[2018.01.02-15.54.16:508][801]LogModuleManager: Shutting down and abandoning module SceneOutliner (546)
[2018.01.02-15.54.16:508][801]LogModuleManager: Shutting down and abandoning module AddContentDialog (544)
[2018.01.02-15.54.16:509][801]LogDirectoryWatcher: A directory notification for 'C:/Program Files/Epic Games/UE_4.18/FeaturePacks/' was aborted.
[2018.01.02-15.54.16:510][801]LogModuleManager: Shutting down and abandoning module WidgetCarousel (543)
[2018.01.02-15.54.16:510][801]LogModuleManager: Shutting down and abandoning module EditorWidgets (540)
[2018.01.02-15.54.16:510][801]LogModuleManager: Shutting down and abandoning module CollectionManager (538)
[2018.01.02-15.54.16:510][801]LogDirectoryWatcher: A directory notification for 'X:/Unrealsaves/Maze/Content/Collections/' was aborted.
[2018.01.02-15.54.16:510][801]LogDirectoryWatcher: A directory notification for 'X:/Unrealsaves/Maze/Content/Developers/maffa/Collections/' was aborted.
[2018.01.02-15.54.16:510][801]LogDirectoryWatcher: A directory notification for 'X:/Unrealsaves/Maze/Saved/Collections/' was aborted.
[2018.01.02-15.54.16:510][801]LogModuleManager: Shutting down and abandoning module StatsViewer (536)
[2018.01.02-15.54.16:510][801]LogModuleManager: Shutting down and abandoning module FoliageEdit (534)
[2018.01.02-15.54.16:510][801]LogModuleManager: Shutting down and abandoning module LandscapeEditor (532)
[2018.01.02-15.54.16:511][801]LogModuleManager: Shutting down and abandoning module MeshPaintMode (530)
[2018.01.02-15.54.16:511][801]LogModuleManager: Shutting down and abandoning module SceneDepthPickerMode (528)
[2018.01.02-15.54.16:511][801]LogModuleManager: Shutting down and abandoning module ActorPickerMode (526)
[2018.01.02-15.54.16:511][801]LogModuleManager: Shutting down and abandoning module GeometryMode (524)
[2018.01.02-15.54.16:511][801]LogModuleManager: Shutting down and abandoning module TextureAlignMode (522)
[2018.01.02-15.54.16:511][801]LogModuleManager: Shutting down and abandoning module BspMode (520)
[2018.01.02-15.54.16:511][801]LogModuleManager: Shutting down and abandoning module PIEPreviewDeviceProfileSelector (518)
[2018.01.02-15.54.16:511][801]LogModuleManager: Shutting down and abandoning module HardwareSurvey (516)
[2018.01.02-15.54.16:511][801]LogModuleManager: Shutting down and abandoning module SequenceRecorderSections (514)
[2018.01.02-15.54.16:511][801]LogModuleManager: Shutting down and abandoning module AutomationWorker (512)
[2018.01.02-15.54.16:511][801]LogModuleManager: Shutting down and abandoning module MatineeToLevelSequence (510)
[2018.01.02-15.54.16:511][801]LogModuleManager: Shutting down and abandoning module LevelSequenceEditor (508)
[2018.01.02-15.54.16:512][801]LogModuleManager: Shutting down and abandoning module PlacementMode (507)
[2018.01.02-15.54.16:512][801]LogModuleManager: Shutting down and abandoning module WmfMediaFactory (504)
[2018.01.02-15.54.16:513][801]LogModuleManager: Shutting down and abandoning module WmfMediaEditor (502)
[2018.01.02-15.54.16:513][801]LogModuleManager: Shutting down and abandoning module OpenExrWrapper (500)
[2018.01.02-15.54.16:513][801]LogModuleManager: Shutting down and abandoning module ImgMediaFactory (498)
[2018.01.02-15.54.16:513][801]LogModuleManager: Shutting down and abandoning module ImgMediaEditor (496)
[2018.01.02-15.54.16:513][801]LogModuleManager: Shutting down and abandoning module AvfMediaFactory (494)
[2018.01.02-15.54.16:513][801]LogModuleManager: Shutting down and abandoning module AvfMediaEditor (492)
[2018.01.02-15.54.16:513][801]LogModuleManager: Shutting down and abandoning module AndroidMediaFactory (490)
[2018.01.02-15.54.16:513][801]LogModuleManager: Shutting down and abandoning module AndroidMediaEditor (488)
[2018.01.02-15.54.16:513][801]LogModuleManager: Shutting down and abandoning module CharacterAI (486)
[2018.01.02-15.54.16:513][801]LogModuleManager: Shutting down and abandoning module AudioCapture (484)
[2018.01.02-15.54.16:513][801]LogModuleManager: Shutting down and abandoning module SequenceRecorder (483)
[2018.01.02-15.54.16:513][801]LogModuleManager: Shutting down and abandoning module SmartSnapping (480)
[2018.01.02-15.54.16:513][801]LogModuleManager: Shutting down and abandoning module SessionServices (478)
[2018.01.02-15.54.16:513][801]LogModuleManager: Shutting down and abandoning module ViewportSnapping (476)
[2018.01.02-15.54.16:513][801]LogModuleManager: Shutting down and abandoning module ViewportInteraction (474)
[2018.01.02-15.54.16:513][801]LogModuleManager: Shutting down and abandoning module ClothPainter (472)
[2018.01.02-15.54.16:513][801]LogModuleManager: Shutting down and abandoning module SkeletalMeshEditor (471)
[2018.01.02-15.54.16:515][801]LogModuleManager: Shutting down and abandoning module LogVisualizer (468)
[2018.01.02-15.54.16:515][801]LogModuleManager: Shutting down and abandoning module IntroTutorials (466)
[2018.01.02-15.54.16:515][801]LogModuleManager: Shutting down and abandoning module GameProjectGeneration (465)
[2018.01.02-15.54.16:517][801]LogModuleManager: Shutting down and abandoning module IOSPlatformEditor (462)
[2018.01.02-15.54.16:517][801]LogModuleManager: Shutting down and abandoning module HTML5PlatformEditor (460)
[2018.01.02-15.54.16:517][801]LogModuleManager: Shutting down and abandoning module AndroidPlatformEditor (458)
[2018.01.02-15.54.16:517][801]LogModuleManager: Shutting down and abandoning module AndroidDeviceDetection (457)
[2018.01.02-15.54.16:642][801]LogModuleManager: Shutting down and abandoning module WindowsPlatformEditor (454)
[2018.01.02-15.54.16:642][801]LogModuleManager: Shutting down and abandoning module IOSRuntimeSettings (452)
[2018.01.02-15.54.16:642][801]LogModuleManager: Shutting down and abandoning module AndroidRuntimeSettings (450)
[2018.01.02-15.54.16:642][801]LogModuleManager: Shutting down and abandoning module InputBindingEditor (448)
[2018.01.02-15.54.16:642][801]LogModuleManager: Shutting down and abandoning module MergeActors (446)
[2018.01.02-15.54.16:643][801]LogModuleManager: Shutting down and abandoning module SizeMap (444)
[2018.01.02-15.54.16:643][801]LogModuleManager: Shutting down and abandoning module TreeMap (442)
[2018.01.02-15.54.16:643][801]LogModuleManager: Shutting down and abandoning module ReferenceViewer (440)
[2018.01.02-15.54.16:643][801]LogModuleManager: Shutting down and abandoning module LocalizationDashboard (438)
[2018.01.02-15.54.16:643][801]LogModuleManager: Shutting down and abandoning module LocalizationService (437)
[2018.01.02-15.54.16:643][801]LogModuleManager: Shutting down and abandoning module HardwareTargeting (434)
[2018.01.02-15.54.16:643][801]LogModuleManager: Shutting down and abandoning module DeviceProfileEditor (432)
[2018.01.02-15.54.16:643][801]LogModuleManager: Shutting down and abandoning module UndoHistory (430)
[2018.01.02-15.54.16:643][801]LogModuleManager: Shutting down and abandoning module XmlParser (428)
[2018.01.02-15.54.16:643][801]LogModuleManager: Shutting down and abandoning module Blutility (426)
[2018.01.02-15.54.16:644][801]LogModuleManager: Shutting down and abandoning module ProjectSettingsViewer (424)
[2018.01.02-15.54.16:644][801]LogModuleManager: Shutting down and abandoning module ProjectTargetPlatformEditor (423)
[2018.01.02-15.54.16:644][801]LogModuleManager: Shutting down and abandoning module EditorSettingsViewer (420)
[2018.01.02-15.54.16:644][801]LogModuleManager: Shutting down and abandoning module SettingsEditor (418)
[2018.01.02-15.54.16:644][801]LogModuleManager: Shutting down and abandoning module ProjectLauncher (416)
[2018.01.02-15.54.16:645][801]LogModuleManager: Shutting down and abandoning module SessionFrontend (414)
[2018.01.02-15.54.16:645][801]LogModuleManager: Shutting down and abandoning module ProfilerClient (412)
[2018.01.02-15.54.16:646][801]LogModuleManager: Shutting down and abandoning module DeviceManager (410)
[2018.01.02-15.54.16:646][801]LogModuleManager: Shutting down and abandoning module TargetDeviceServices (409)
[2018.01.02-15.54.16:701][801]LogModuleManager: Shutting down and abandoning module AutomationController (406)
[2018.01.02-15.54.16:701][801]LogModuleManager: Shutting down and abandoning module AutomationWindow (404)
[2018.01.02-15.54.16:703][801]LogModuleManager: Shutting down and abandoning module Layers (402)
[2018.01.02-15.54.16:705][801]LogModuleManager: Shutting down and abandoning module ComponentVisualizers (400)
[2018.01.02-15.54.16:705][801]LogModuleManager: Shutting down and abandoning module DetailCustomizations (398)
[2018.01.02-15.54.16:706][801]LogModuleManager: Shutting down and abandoning module PackagesDialog (396)
[2018.01.02-15.54.16:706][801]LogModuleManager: Shutting down and abandoning module Persona (394)
[2018.01.02-15.54.16:708][801]LogModuleManager: Shutting down and abandoning module AdvancedPreviewScene (393)
[2018.01.02-15.54.16:708][801]LogModuleManager: Shutting down and abandoning module AnimGraph (391)
[2018.01.02-15.54.16:708][801]LogModuleManager: Shutting down and abandoning module Kismet (388)
[2018.01.02-15.54.16:708][801]LogModuleManager: Shutting down and abandoning module ClassViewer (386)
[2018.01.02-15.54.16:708][801]LogModuleManager: Shutting down and abandoning module Toolbox (384)
[2018.01.02-15.54.16:708][801]LogModuleManager: Shutting down and abandoning module ModuleUI (382)
[2018.01.02-15.54.16:709][801]LogModuleManager: Shutting down and abandoning module MovieSceneTools (380)
[2018.01.02-15.54.16:710][801]LogModuleManager: Shutting down and abandoning module OutputLog (378)
[2018.01.02-15.54.16:710][801]LogModuleManager: Shutting down and abandoning module GammaUI (376)
[2018.01.02-15.54.16:711][801]LogModuleManager: Shutting down and abandoning module Documentation (374)
[2018.01.02-15.54.16:711][801]LogModuleManager: Shutting down and abandoning module MovieSceneTracks (372)
[2018.01.02-15.54.16:711][801]LogModuleManager: Shutting down and abandoning module MovieScene (370)
[2018.01.02-15.54.16:711][801]LogModuleManager: Shutting down and abandoning module StreamingPauseRendering (368)
[2018.01.02-15.54.16:711][801]LogModuleManager: Shutting down and abandoning module LauncherPlatform (366)
[2018.01.02-15.54.16:711][801]LogModuleManager: Shutting down and abandoning module AnalyticsET (364)
[2018.01.02-15.54.16:711][801]LogModuleManager: Shutting down and abandoning module PortalServices (362)
[2018.01.02-15.54.16:711][801]LogModuleManager: Shutting down and abandoning module PortalRpc (360)
[2018.01.02-15.54.16:711][801]LogModuleManager: Shutting down and abandoning module MessagingRpc (358)
[2018.01.02-15.54.16:711][801]LogModuleManager: Shutting down and abandoning module AIModule (356)
[2018.01.02-15.54.16:711][801]LogModuleManager: Shutting down and abandoning module GameplayDebugger (355)
[2018.01.02-15.54.16:711][801]LogModuleManager: Shutting down and abandoning module AITestSuite (353)
[2018.01.02-15.54.16:711][801]LogModuleManager: Shutting down and abandoning module DesktopPlatform (350)
[2018.01.02-15.54.16:711][801]LogModuleManager: Shutting down and abandoning module ProfilerService (348)
[2018.01.02-15.54.16:910][801]LogModuleManager: Shutting down and abandoning module TaskGraph (346)
[2018.01.02-15.54.16:911][801]LogModuleManager: Shutting down and abandoning module SteamVRController (344)
[2018.01.02-15.54.16:911][801]LogModuleManager: Shutting down and abandoning module ProceduralMeshComponentEditor (342)
[2018.01.02-15.54.16:911][801]LogModuleManager: Shutting down and abandoning module ProceduralMeshComponent (340)
[2018.01.02-15.54.16:911][801]LogModuleManager: Shutting down and abandoning module OculusInput (338)
[2018.01.02-15.54.16:911][801]LogModuleManager: Shutting down and abandoning module MobilePatchingUtils (336)
[2018.01.02-15.54.16:911][801]LogModuleManager: Shutting down and abandoning module CustomMeshComponent (334)
[2018.01.02-15.54.16:911][801]LogModuleManager: Shutting down and abandoning module CableComponent (332)
[2018.01.02-15.54.16:911][801]LogModuleManager: Shutting down and abandoning module ArchVisCharacter (330)
[2018.01.02-15.54.16:911][801]LogModuleManager: Shutting down and abandoning module AndroidPermission (328)
[2018.01.02-15.54.16:911][801]LogModuleManager: Shutting down and abandoning module ActorSequence (324)
[2018.01.02-15.54.16:911][801]LogModuleManager: Shutting down and abandoning module MediaPlayerEditor (322)
[2018.01.02-15.54.16:912][801]LogModuleManager: Shutting down and abandoning module MediaCompositingEditor (320)
[2018.01.02-15.54.16:912][801]LogModuleManager: Shutting down and abandoning module MediaCompositing (318)
[2018.01.02-15.54.16:912][801]LogModuleManager: Shutting down and abandoning module HTML5Networking (316)
[2018.01.02-15.54.16:912][801]LogModuleManager: Shutting down and abandoning module AlembicImporter (314)
[2018.01.02-15.54.16:913][801]LogModuleManager: Shutting down and abandoning module AlembicLibrary (313)
[2018.01.02-15.54.16:913][801]LogModuleManager: Shutting down and abandoning module GeometryCache (312)
[2018.01.02-15.54.16:913][801]LogModuleManager: Shutting down and abandoning module GeometryCacheEd (311)
[2018.01.02-15.54.16:913][801]LogModuleManager: Shutting down and abandoning module SpeedTreeImporter (306)
[2018.01.02-15.54.16:913][801]LogModuleManager: Shutting down and abandoning module PluginBrowser (304)
[2018.01.02-15.54.16:914][801]LogModuleManager: Shutting down and abandoning module MobileLauncherProfileWizard (302)
[2018.01.02-15.54.16:915][801]LogModuleManager: Shutting down and abandoning module VisualStudioSourceCodeAccess (300)
[2018.01.02-15.54.16:915][801]LogModuleManager: Shutting down and abandoning module VisualStudioCodeSourceCodeAccess (298)
[2018.01.02-15.54.16:915][801]LogModuleManager: Shutting down and abandoning module UObjectPlugin (296)
[2018.01.02-15.54.16:915][801]LogModuleManager: Shutting down and abandoning module SubversionSourceControl (294)
[2018.01.02-15.54.16:915][801]LogModuleManager: Shutting down and abandoning module PerforceSourceControl (292)
[2018.01.02-15.54.16:915][801]LogModuleManager: Shutting down and abandoning module GitSourceControl (290)
[2018.01.02-15.54.16:915][801]LogModuleManager: Shutting down and abandoning module SourceControl (289)
[2018.01.02-15.54.16:915][801]LogModuleManager: Shutting down and abandoning module LightPropagationVolumeEditor (286)
[2018.01.02-15.54.16:915][801]LogModuleManager: Shutting down and abandoning module PaperTiledImporter (284)
[2018.01.02-15.54.16:915][801]LogModuleManager: Shutting down and abandoning module PaperSpriteSheetImporter (282)
[2018.01.02-15.54.16:915][801]LogModuleManager: Shutting down and abandoning module Paper2DEditor (280)
[2018.01.02-15.54.16:916][801]LogModuleManager: Shutting down and abandoning module MeshPaint (279)
[2018.01.02-15.54.16:916][801]LogModuleManager: Shutting down and abandoning module LevelEditor (277)
[2018.01.02-15.54.16:918][801]LogModuleManager: Shutting down and abandoning module PixelInspectorModule (276)
[2018.01.02-15.54.16:918][801]LogModuleManager: Shutting down and abandoning module MainFrame (274)
[2018.01.02-15.54.16:918][801]LogModuleManager: Shutting down and abandoning module HotReload (273)
[2018.01.02-15.54.16:919][801]LogModuleManager: Shutting down and abandoning module RuntimePhysXCooking (268)
[2018.01.02-15.54.16:919][801]LogModuleManager: Shutting down and abandoning module PhysXVehiclesEditor (266)
[2018.01.02-15.54.16:919][801]LogModuleManager: Shutting down and abandoning module PhysXVehicles (264)
[2018.01.02-15.54.16:919][801]LogModuleManager: Shutting down and abandoning module OculusEditor (262)
[2018.01.02-15.54.16:919][801]LogModuleManager: Shutting down and abandoning module LocationServicesBPLibrary (260)
[2018.01.02-15.54.16:919][801]LogModuleManager: Shutting down and abandoning module ImmediatePhysicsEditor (258)
[2018.01.02-15.54.16:919][801]LogModuleManager: Shutting down and abandoning module ImmediatePhysics (256)
[2018.01.02-15.54.16:919][801]LogModuleManager: Shutting down and abandoning module UdpMessaging (254)
[2018.01.02-15.54.17:020][801]LogModuleManager: Shutting down and abandoning module TcpMessaging (252)
[2018.01.02-15.54.17:135][801]LogModuleManager: Shutting down and abandoning module GameplayTagsEditor (250)
[2018.01.02-15.54.17:135][801]LogModuleManager: Shutting down and abandoning module FacialAnimationEditor (248)
[2018.01.02-15.54.17:135][801]LogModuleManager: Shutting down and abandoning module FacialAnimation (246)
[2018.01.02-15.54.17:135][801]LogModuleManager: Shutting down and abandoning module AssetManagerEditor (244)
[2018.01.02-15.54.17:135][801]LogModuleManager: Shutting down and abandoning module GraphEditor (243)
[2018.01.02-15.54.17:140][801]LogModuleManager: Shutting down and abandoning module ContentBrowser (241)
[2018.01.02-15.54.17:142][801]LogModuleManager: Shutting down and abandoning module LightPropagationVolumeRuntime (238)
[2018.01.02-15.54.17:142][801]LogModuleManager: Shutting down and abandoning module Paper2D (236)
[2018.01.02-15.54.17:142][801]LogModuleManager: Shutting down and abandoning module WindowsMoviePlayer (234)
[2018.01.02-15.54.17:142][801]LogModuleManager: Shutting down and abandoning module WmfMedia (232)
[2018.01.02-15.54.17:143][801]LogModuleManager: Shutting down and abandoning module ImgMedia (230)
[2018.01.02-15.54.17:143][801]LogModuleManager: Shutting down and abandoning module PacketHandler (228)
[2018.01.02-15.54.17:144][801]LogModuleManager: Shutting down and abandoning module ClothingSystemEditor (226)
[2018.01.02-15.54.17:144][801]LogModuleManager: Shutting down and abandoning module ClothingSystemRuntime (224)
[2018.01.02-15.54.17:144][801]LogModuleManager: Shutting down and abandoning module MediaAssets (222)
[2018.01.02-15.54.17:144][801]LogModuleManager: Shutting down and abandoning module Media (221)
[2018.01.02-15.54.17:150][801]LogModuleManager: Shutting down and abandoning module Overlay (218)
[2018.01.02-15.54.17:150][801]LogModuleManager: Shutting down and abandoning module OverlayEditor (217)
[2018.01.02-15.54.17:150][801]LogModuleManager: Shutting down and abandoning module VREditor (214)
[2018.01.02-15.54.17:151][801]LogModuleManager: Shutting down and abandoning module StringTableEditor (212)
[2018.01.02-15.54.17:151][801]LogModuleManager: Shutting down and abandoning module GameplayTasksEditor (210)
[2018.01.02-15.54.17:151][801]LogModuleManager: Shutting down and abandoning module BehaviorTreeEditor (208)
[2018.01.02-15.54.17:152][801]LogModuleManager: Shutting down and abandoning module FunctionalTesting (206)
[2018.01.02-15.54.17:152][801]LogModuleManager: Shutting down and abandoning module CollisionAnalyzer (204)
[2018.01.02-15.54.17:152][801]LogModuleManager: Shutting down and abandoning module WorkspaceMenuStructure (203)
[2018.01.02-15.54.17:153][801]LogModuleManager: Shutting down and abandoning module UMG (200)
[2018.01.02-15.54.17:153][801]LogModuleManager: Shutting down and abandoning module UMGEditor (199)
[2018.01.02-15.54.17:156][801]LogModuleManager: Shutting down and abandoning module Sequencer (198)
[2018.01.02-15.54.17:157][801]LogModuleManager: Shutting down and abandoning module MessageLog (195)
[2018.01.02-15.54.17:157][801]LogModuleManager: Shutting down and abandoning module SlateReflector (190)
[2018.01.02-15.54.17:159][801]LogModuleManager: Shutting down and abandoning module Slate (188)
[2018.01.02-15.54.17:159][801]LogModuleManager: Shutting down and abandoning module EditorStyle (186)
[2018.01.02-15.54.17:162][801]LogModuleManager: Shutting down and abandoning module MRMesh (184)
[2018.01.02-15.54.17:162][801]LogModuleManager: Shutting down and abandoning module SourceCodeAccess (182)
[2018.01.02-15.54.17:162][801]LogModuleManager: Shutting down and abandoning module HeadMountedDisplay (180)
[2018.01.02-15.54.17:162][801]LogModuleManager: Shutting down and abandoning module XAudio2 (178)
[2018.01.02-15.54.17:162][801]LogModuleManager: Shutting down and abandoning module Networking (176)
[2018.01.02-15.54.17:162][801]LogModuleManager: Shutting down and abandoning module Core (172)
[2018.01.02-15.54.17:162][801]LogModuleManager: Shutting down and abandoning module LevelSequence (168)
[2018.01.02-15.54.17:162][801]LogModuleManager: Shutting down and abandoning module DirectoryWatcher (166)
[2018.01.02-15.54.17:163][801]LogModuleManager: Shutting down and abandoning module KismetCompiler (164)
[2018.01.02-15.54.17:163][801]LogModuleManager: Shutting down and abandoning module MeshUtilities (162)
[2018.01.02-15.54.17:163][801]LogModuleManager: Shutting down and abandoning module MeshMergeUtilities (161)
[2018.01.02-15.54.17:163][801]LogModuleManager: Shutting down and abandoning module MeshReductionInterface (160)
[2018.01.02-15.54.17:163][801]LogModuleManager: Shutting down and abandoning module SimplygonSwarm (159)
[2018.01.02-15.54.17:164][801]LogModuleManager: Shutting down and abandoning module SimplygonMeshReduction (157)
[2018.01.02-15.54.17:164][801]LogModuleManager: Shutting down and abandoning module QuadricMeshReduction (155)
[2018.01.02-15.54.17:164][801]LogModuleManager: Shutting down and abandoning module MaterialBaking (151)
[2018.01.02-15.54.17:165][801]LogModuleManager: Shutting down and abandoning module DerivedDataCache (148)
[2018.01.02-15.54.17:218][801]LogDerivedDataCache: Shutdown
[2018.01.02-15.54.17:218][801]LogModuleManager: Shutting down and abandoning module TargetPlatform (146)
[2018.01.02-15.54.17:218][801]LogModuleManager: Shutting down and abandoning module VulkanShaderFormat (145)
[2018.01.02-15.54.17:218][801]LogModuleManager: Shutting down and abandoning module ShaderFormatVectorVM (143)
[2018.01.02-15.54.17:219][801]LogModuleManager: Shutting down and abandoning module ShaderFormatOpenGL (141)
[2018.01.02-15.54.17:219][801]LogModuleManager: Shutting down and abandoning module ShaderFormatD3D (139)
[2018.01.02-15.54.17:219][801]LogModuleManager: Shutting down and abandoning module MetalShaderFormat (137)
[2018.01.02-15.54.17:220][801]LogModuleManager: Shutting down and abandoning module TextureFormatUncompressed (135)
[2018.01.02-15.54.17:220][801]LogModuleManager: Shutting down and abandoning module TextureFormatPVR (133)
[2018.01.02-15.54.17:220][801]LogModuleManager: Shutting down and abandoning module TextureFormatDXT (131)
[2018.01.02-15.54.17:220][801]LogModuleManager: Shutting down and abandoning module TextureFormatIntelISPCTexComp (129)
[2018.01.02-15.54.17:220][801]LogModuleManager: Shutting down and abandoning module TextureFormatASTC (127)
[2018.01.02-15.54.17:220][801]LogModuleManager: Shutting down and abandoning module ImageWrapper (126)
[2018.01.02-15.54.17:220][801]LogModuleManager: Shutting down and abandoning module TextureFormatAndroid (123)
[2018.01.02-15.54.17:220][801]LogModuleManager: Shutting down and abandoning module AudioFormatOpus (121)
[2018.01.02-15.54.17:220][801]LogModuleManager: Shutting down and abandoning module AudioFormatOgg (119)
[2018.01.02-15.54.17:220][801]LogModuleManager: Shutting down and abandoning module AudioFormatADPCM (117)
[2018.01.02-15.54.17:220][801]LogModuleManager: Shutting down and abandoning module LinuxTargetPlatform (115)
[2018.01.02-15.54.17:220][801]LogModuleManager: Shutting down and abandoning module LinuxServerTargetPlatform (113)
[2018.01.02-15.54.17:220][801]LogModuleManager: Shutting down and abandoning module LinuxNoEditorTargetPlatform (111)
[2018.01.02-15.54.17:220][801]LogModuleManager: Shutting down and abandoning module LinuxClientTargetPlatform (109)
[2018.01.02-15.54.17:220][801]LogModuleManager: Shutting down and abandoning module TVOSTargetPlatform (107)
[2018.01.02-15.54.17:220][801]LogModuleManager: Shutting down and abandoning module Messaging (105)
[2018.01.02-15.54.17:220][801]LogModuleManager: Shutting down and abandoning module IOSTargetPlatform (103)
[2018.01.02-15.54.17:220][801]LogModuleManager: Shutting down and abandoning module HTML5TargetPlatform (101)
[2018.01.02-15.54.17:220][801]LogModuleManager: Shutting down and abandoning module AndroidTargetPlatform (99)
[2018.01.02-15.54.17:220][801]LogModuleManager: Shutting down and abandoning module Android_PVRTCTargetPlatform (97)
[2018.01.02-15.54.17:220][801]LogModuleManager: Shutting down and abandoning module Android_MultiTargetPlatform (95)
[2018.01.02-15.54.17:220][801]LogModuleManager: Shutting down and abandoning module Android_ETC2TargetPlatform (93)
[2018.01.02-15.54.17:220][801]LogModuleManager: Shutting down and abandoning module Android_ETC1TargetPlatform (91)
[2018.01.02-15.54.17:220][801]LogModuleManager: Shutting down and abandoning module Android_DXTTargetPlatform (89)
[2018.01.02-15.54.17:220][801]LogModuleManager: Shutting down and abandoning module Android_ATCTargetPlatform (87)
[2018.01.02-15.54.17:220][801]LogModuleManager: Shutting down and abandoning module Android_ASTCTargetPlatform (85)
[2018.01.02-15.54.17:221][801]LogModuleManager: Shutting down and abandoning module WindowsTargetPlatform (83)
[2018.01.02-15.54.17:221][801]LogModuleManager: Shutting down and abandoning module WindowsServerTargetPlatform (81)
[2018.01.02-15.54.17:221][801]LogModuleManager: Shutting down and abandoning module WindowsNoEditorTargetPlatform (79)
[2018.01.02-15.54.17:221][801]LogModuleManager: Shutting down and abandoning module WindowsClientTargetPlatform (77)
[2018.01.02-15.54.17:221][801]LogModuleManager: Shutting down and abandoning module MacTargetPlatform (75)
[2018.01.02-15.54.17:221][801]LogModuleManager: Shutting down and abandoning module MacServerTargetPlatform (73)
[2018.01.02-15.54.17:221][801]LogModuleManager: Shutting down and abandoning module MacNoEditorTargetPlatform (71)
[2018.01.02-15.54.17:221][801]LogModuleManager: Shutting down and abandoning module MacClientTargetPlatform (69)
[2018.01.02-15.54.17:221][801]LogModuleManager: Shutting down and abandoning module AllDesktopTargetPlatform (67)
[2018.01.02-15.54.17:221][801]LogModuleManager: Shutting down and abandoning module InputCore (64)
[2018.01.02-15.54.17:221][801]LogModuleManager: Shutting down and abandoning module Settings (62)
[2018.01.02-15.54.17:221][801]LogModuleManager: Shutting down and abandoning module PhysXCooking (60)
[2018.01.02-15.54.17:221][801]LogModuleManager: Shutting down and abandoning module SteamVR (58)
[2018.01.02-15.54.17:221][801]LogModuleManager: Shutting down and abandoning module OculusHMD (56)
[2018.01.02-15.54.17:221][801]LogModuleManager: Shutting down and abandoning module ExampleDeviceProfileSelector (54)
[2018.01.02-15.54.17:221][801]LogModuleManager: Shutting down and abandoning module AppleARKit (52)
[2018.01.02-15.54.17:221][801]LogModuleManager: Shutting down and abandoning module AugmentedReality (51)
[2018.01.02-15.54.17:221][801]LogModuleManager: Shutting down and abandoning module OnlineBlueprintSupport (48)
[2018.01.02-15.54.17:221][801]LogModuleManager: Shutting down and abandoning module OnlineSubsystem (44)
[2018.01.02-15.54.17:222][801]LogModuleManager: Shutting down and abandoning module XMPP (43)
[2018.01.02-15.54.17:222][801]LogModuleManager: Shutting down and abandoning module HTTP (41)
[2018.01.02-15.54.17:222][801]LogHttp: Display: Http module shutting down, but needs to wait on 1 outstanding Http requests:
[2018.01.02-15.54.17:223][801]LogHttp: Display: 	verb=[POST] url=[https://datarouter.ol.epicgames.com/datarouter/api/v1/public/data?SessionID=%7B16C24DFD-4EF4-1064-6A27-47878FA2379A%7D&AppID=UEEditor.Rocket.Release&AppVersion=4.18.2-3794801%2B%2B%2BUE4%2BRelease-4.18&UserID=a5453f3e473585e3ff6705b71c83590b%7Ca3c72b7c795746fbb5ccd52cc86fe0b5%7C785c0974-6954-4653-a8d6-cbd7732ece97&AppEnvironment=datacollector-binary&UploadType=eteventstream] status=Processing
[2018.01.02-15.54.17:233][801]LogModuleManager: Shutting down and abandoning module SSL (40)
[2018.01.02-15.54.17:234][801]LogModuleManager: Shutting down and abandoning module AnimationModifiers (36)
[2018.01.02-15.54.17:235][801]LogModuleManager: Shutting down and abandoning module PropertyEditor (35)
[2018.01.02-15.54.17:235][801]LogModuleManager: Shutting down and abandoning module AudioEditor (32)
[2018.01.02-15.54.17:235][801]LogModuleManager: Shutting down and abandoning module TextureCompressor (30)
[2018.01.02-15.54.17:236][801]LogModuleManager: Shutting down and abandoning module ShaderCore (28)
[2018.01.02-15.54.17:236][801]LogModuleManager: Shutting down and abandoning module Landscape (26)
[2018.01.02-15.54.17:236][801]LogModuleManager: Shutting down and abandoning module SlateRHIRenderer (24)
[2018.01.02-15.54.17:237][801]LogModuleManager: Shutting down and abandoning module OpenGLDrv (22)
[2018.01.02-15.54.17:237][801]LogModuleManager: Shutting down and abandoning module D3D11RHI (20)
[2018.01.02-15.54.17:238][801]LogModuleManager: Shutting down and abandoning module AnimGraphRuntime (18)
[2018.01.02-15.54.17:238][801]LogModuleManager: Shutting down and abandoning module Renderer (16)
[2018.01.02-15.54.17:238][801]LogModuleManager: Shutting down and abandoning module Engine (14)
[2018.01.02-15.54.17:238][801]LogModuleManager: Shutting down and abandoning module CoreUObject (12)
[2018.01.02-15.54.17:238][801]LogModuleManager: Shutting down and abandoning module NetworkFile (10)
[2018.01.02-15.54.17:238][801]LogModuleManager: Shutting down and abandoning module CookedIterativeFile (8)
[2018.01.02-15.54.17:238][801]LogModuleManager: Shutting down and abandoning module StreamingFile (6)
[2018.01.02-15.54.17:238][801]LogModuleManager: Shutting down and abandoning module SandboxFile (4)
[2018.01.02-15.54.17:238][801]LogModuleManager: Shutting down and abandoning module PakFile (2)
[2018.01.02-15.54.17:240][801]LogExit: Exiting.
[2018.01.02-15.54.17:253][801]Log file closed, 01/02/18 16:54:17
